ERROR 2024-11-01 19:31:48 app.core.logging This is an error message
ERROR 2024-11-01 19:32:16 app.core.logging This is an error message
ERROR 2024-11-01 19:32:20 app.core.logging This is an error message
ERROR 2024-11-01 19:33:28 app.core.logging This is an error message
ERROR 2024-11-01 19:33:31 app.core.logging This is an error message
ERROR 2024-11-01 19:35:46 app.core.logging This is an error message
ERROR 2024-11-01 19:35:50 app.core.logging This is an error message
ERROR 2024-11-01 19:36:02 app.core.logging This is an error message
ERROR 2024-11-01 19:39:41 app.core.logging This is an error message
ERROR 2024-11-01 19:40:03 app.core.logging This is an error message
ERROR 2024-11-01 19:40:08 app.core.logging This is an error message
ERROR 2024-11-01 19:42:20 app.core.logging This is an error message
ERROR 2024-11-01 19:56:57 app.core.logging This is an error message
ERROR 2024-11-01 19:57:12 app.core.logging This is an error message
ERROR 2024-11-01 19:57:20 app.core.logging This is an error message
ERROR 2024-11-01 19:57:25 app.core.logging This is an error message
ERROR 2024-11-01 19:58:35 app.core.logging This is an error message
ERROR 2024-11-01 19:59:37 app.core.logging This is an error message
ERROR 2024-11-01 19:59:42 app.core.logging This is an error message
ERROR 2024-11-01 20:00:00 app.core.logging This is an error message
ERROR 2024-11-01 20:00:09 app.core.logging This is an error message
ERROR 2024-11-01 20:00:12 root Error updating user details: 1 validation error for UserUpdateModel
profile_image
  Input should be a valid string [type=string_type, input_value=UploadFile(filename='jrNT...t-type': 'image/jpeg'})), input_type=UploadFile]
    For further information visit https://errors.pydantic.dev/2.8/v/string_type
ERROR 2024-11-01 20:00:12 root Unexpected error: 500: {'msg': 'Internal Server Error', 'status_code': 500, 'data': None}
Traceback (most recent call last):
  File "D:\Projects\Fast_API\pg-hostel-management\backend\app\routes\user.py", line 299, in update_authenticated_user
    user_data = UserUpdateModel(
                ^^^^^^^^^^^^^^^^
  File "C:\Users\Admin\AppData\Roaming\Python\Python312\site-packages\pydantic\main.py", line 193, in __init__
    self.__pydantic_validator__.validate_python(data, self_instance=self)
pydantic_core._pydantic_core.ValidationError: 1 validation error for UserUpdateModel
profile_image
  Input should be a valid string [type=string_type, input_value=UploadFile(filename='jrNT...t-type': 'image/jpeg'})), input_type=UploadFile]
    For further information visit https://errors.pydantic.dev/2.8/v/string_type

During handling of the above exception, another exception occurred:

Traceback (most recent call last):
  File "D:\Projects\Fast_API\pg-hostel-management\backend\app\core\database.py", line 23, in get_db
    yield session
  File "C:\Users\Admin\AppData\Roaming\Python\Python312\site-packages\fastapi\routing.py", line 278, in app
    raw_response = await run_endpoint_function(
                   ^^^^^^^^^^^^^^^^^^^^^^^^^^^^
  File "C:\Users\Admin\AppData\Roaming\Python\Python312\site-packages\fastapi\routing.py", line 191, in run_endpoint_function
    return await dependant.call(**values)
           ^^^^^^^^^^^^^^^^^^^^^^^^^^^^^^
  File "D:\Projects\Fast_API\pg-hostel-management\backend\app\routes\user.py", line 341, in update_authenticated_user
    raise HTTPException(status_code=500, detail={
fastapi.exceptions.HTTPException: 500: {'msg': 'Internal Server Error', 'status_code': 500, 'data': None}
ERROR 2024-11-01 20:01:34 app.core.logging This is an error message
ERROR 2024-11-01 20:01:54 app.core.logging This is an error message
ERROR 2024-11-01 20:04:50 app.core.logging This is an error message
ERROR 2024-11-01 20:05:13 app.core.logging This is an error message
ERROR 2024-11-01 20:05:17 app.core.logging This is an error message
ERROR 2024-11-01 20:05:21 app.core.logging This is an error message
ERROR 2024-11-01 20:05:27 root Error updating user details: 'str' object has no attribute 'filename'
ERROR 2024-11-01 20:05:27 root HTTP Exception updating user details: 500: {'msg': 'Error updating user details', 'status_code': 500, 'data': None}
ERROR 2024-11-01 20:05:27 root Unexpected error: 500: {'msg': 'Error updating user details', 'status_code': 500, 'data': None}
Traceback (most recent call last):
  File "D:\Projects\Fast_API\pg-hostel-management\backend\app\services\user.py", line 184, in update_user_details
    image_filename = f"{user_id}_{user_data.profile_image.filename}"
                                  ^^^^^^^^^^^^^^^^^^^^^^^^^^^^^^^^
AttributeError: 'str' object has no attribute 'filename'

During handling of the above exception, another exception occurred:

Traceback (most recent call last):
  File "D:\Projects\Fast_API\pg-hostel-management\backend\app\core\database.py", line 23, in get_db
    yield session
  File "C:\Users\Admin\AppData\Roaming\Python\Python312\site-packages\fastapi\routing.py", line 278, in app
    raw_response = await run_endpoint_function(
                   ^^^^^^^^^^^^^^^^^^^^^^^^^^^^
  File "C:\Users\Admin\AppData\Roaming\Python\Python312\site-packages\fastapi\routing.py", line 191, in run_endpoint_function
    return await dependant.call(**values)
           ^^^^^^^^^^^^^^^^^^^^^^^^^^^^^^
  File "D:\Projects\Fast_API\pg-hostel-management\backend\app\routes\user.py", line 351, in update_authenticated_user
    raise http_ex
  File "D:\Projects\Fast_API\pg-hostel-management\backend\app\routes\user.py", line 324, in update_authenticated_user
    updated_user = await update_user_details(db, current_user.user_id, user_data)
                   ^^^^^^^^^^^^^^^^^^^^^^^^^^^^^^^^^^^^^^^^^^^^^^^^^^^^^^^^^^^^^^
  File "D:\Projects\Fast_API\pg-hostel-management\backend\app\services\user.py", line 211, in update_user_details
    raise HTTPException(status_code=500, detail={
fastapi.exceptions.HTTPException: 500: {'msg': 'Error updating user details', 'status_code': 500, 'data': None}
ERROR 2024-11-01 20:07:32 app.core.logging This is an error message
ERROR 2024-11-01 20:07:45 app.core.logging This is an error message
ERROR 2024-11-01 20:07:49 app.core.logging This is an error message
ERROR 2024-11-01 20:10:30 app.core.logging This is an error message
ERROR 2024-11-01 20:11:04 app.core.logging This is an error message
ERROR 2024-11-01 20:11:08 app.core.logging This is an error message
ERROR 2024-11-01 20:11:32 app.core.logging This is an error message
ERROR 2024-11-01 20:11:37 app.core.logging This is an error message
ERROR 2024-11-01 20:11:41 app.core.logging This is an error message
ERROR 2024-11-01 20:11:44 app.core.logging This is an error message
ERROR 2024-11-01 20:11:51 root Error updating user details: (sqlalchemy.dialects.postgresql.asyncpg.Error) <class 'asyncpg.exceptions.DataError'>: invalid input for query argument $1: UploadFile(filename='jrNTR.jpg', size=96... (expected str, got UploadFile)
[SQL: UPDATE users SET profile_image=$1::VARCHAR, updated_on=now() WHERE users.id = $2::INTEGER]
[parameters: (UploadFile(filename='jrNTR.jpg', size=9613, headers=Headers({'content-disposition': 'form-data; name="profile_image"; filename="jrNTR.jpg"', 'content-type': 'image/jpeg'})), 18)]
(Background on this error at: https://sqlalche.me/e/20/dbapi)
ERROR 2024-11-01 20:11:51 root HTTP Exception updating user details: 500: {'msg': 'Error updating user details', 'status_code': 500, 'data': None}
ERROR 2024-11-01 20:11:51 root Unexpected error: 500: {'msg': 'Error updating user details', 'status_code': 500, 'data': None}
Traceback (most recent call last):
  File "asyncpg\protocol\prepared_stmt.pyx", line 175, in asyncpg.protocol.protocol.PreparedStatementState._encode_bind_msg
  File "asyncpg\protocol\codecs/base.pyx", line 227, in asyncpg.protocol.protocol.Codec.encode
  File "asyncpg\protocol\codecs/base.pyx", line 129, in asyncpg.protocol.protocol.Codec.encode_scalar
  File "asyncpg\pgproto\./codecs/text.pyx", line 29, in asyncpg.pgproto.pgproto.text_encode
  File "asyncpg\pgproto\./codecs/text.pyx", line 12, in asyncpg.pgproto.pgproto.as_pg_string_and_size
TypeError: expected str, got UploadFile

The above exception was the direct cause of the following exception:

Traceback (most recent call last):
  File "C:\Users\Admin\AppData\Roaming\Python\Python312\site-packages\sqlalchemy\dialects\postgresql\asyncpg.py", line 538, in _prepare_and_execute
    self._rows = deque(await prepared_stmt.fetch(*parameters))
                       ^^^^^^^^^^^^^^^^^^^^^^^^^^^^^^^^^^^^^^
  File "C:\Users\Admin\AppData\Roaming\Python\Python312\site-packages\asyncpg\prepared_stmt.py", line 176, in fetch
    data = await self.__bind_execute(args, 0, timeout)
           ^^^^^^^^^^^^^^^^^^^^^^^^^^^^^^^^^^^^^^^^^^^
  File "C:\Users\Admin\AppData\Roaming\Python\Python312\site-packages\asyncpg\prepared_stmt.py", line 241, in __bind_execute
    data, status, _ = await self.__do_execute(
                      ^^^^^^^^^^^^^^^^^^^^^^^^
  File "C:\Users\Admin\AppData\Roaming\Python\Python312\site-packages\asyncpg\prepared_stmt.py", line 230, in __do_execute
    return await executor(protocol)
           ^^^^^^^^^^^^^^^^^^^^^^^^
  File "asyncpg\protocol\protocol.pyx", line 186, in bind_execute
  File "asyncpg\protocol\prepared_stmt.pyx", line 204, in asyncpg.protocol.protocol.PreparedStatementState._encode_bind_msg
asyncpg.exceptions.DataError: invalid input for query argument $1: UploadFile(filename='jrNTR.jpg', size=96... (expected str, got UploadFile)

The above exception was the direct cause of the following exception:

Traceback (most recent call last):
  File "C:\Users\Admin\AppData\Roaming\Python\Python312\site-packages\sqlalchemy\engine\base.py", line 1967, in _exec_single_context
    self.dialect.do_execute(
  File "C:\Users\Admin\AppData\Roaming\Python\Python312\site-packages\sqlalchemy\engine\default.py", line 941, in do_execute
    cursor.execute(statement, parameters)
  File "C:\Users\Admin\AppData\Roaming\Python\Python312\site-packages\sqlalchemy\dialects\postgresql\asyncpg.py", line 572, in execute
    self._adapt_connection.await_(
  File "C:\Users\Admin\AppData\Roaming\Python\Python312\site-packages\sqlalchemy\util\_concurrency_py3k.py", line 132, in await_only
    return current.parent.switch(awaitable)  # type: ignore[no-any-return,attr-defined] # noqa: E501
           ^^^^^^^^^^^^^^^^^^^^^^^^^^^^^^^^
  File "C:\Users\Admin\AppData\Roaming\Python\Python312\site-packages\sqlalchemy\util\_concurrency_py3k.py", line 196, in greenlet_spawn
    value = await result
            ^^^^^^^^^^^^
  File "C:\Users\Admin\AppData\Roaming\Python\Python312\site-packages\sqlalchemy\dialects\postgresql\asyncpg.py", line 550, in _prepare_and_execute
    self._handle_exception(error)
  File "C:\Users\Admin\AppData\Roaming\Python\Python312\site-packages\sqlalchemy\dialects\postgresql\asyncpg.py", line 501, in _handle_exception
    self._adapt_connection._handle_exception(error)
  File "C:\Users\Admin\AppData\Roaming\Python\Python312\site-packages\sqlalchemy\dialects\postgresql\asyncpg.py", line 784, in _handle_exception
    raise translated_error from error
sqlalchemy.dialects.postgresql.asyncpg.AsyncAdapt_asyncpg_dbapi.Error: <class 'asyncpg.exceptions.DataError'>: invalid input for query argument $1: UploadFile(filename='jrNTR.jpg', size=96... (expected str, got UploadFile)

The above exception was the direct cause of the following exception:

Traceback (most recent call last):
  File "D:\Projects\Fast_API\pg-hostel-management\backend\app\services\user.py", line 210, in update_user_details
    await db.commit()
  File "C:\Users\Admin\AppData\Roaming\Python\Python312\site-packages\sqlalchemy\ext\asyncio\session.py", line 1009, in commit
    await greenlet_spawn(self.sync_session.commit)
  File "C:\Users\Admin\AppData\Roaming\Python\Python312\site-packages\sqlalchemy\util\_concurrency_py3k.py", line 203, in greenlet_spawn
    result = context.switch(value)
             ^^^^^^^^^^^^^^^^^^^^^
  File "C:\Users\Admin\AppData\Roaming\Python\Python312\site-packages\sqlalchemy\orm\session.py", line 2028, in commit
    trans.commit(_to_root=True)
  File "<string>", line 2, in commit
  File "C:\Users\Admin\AppData\Roaming\Python\Python312\site-packages\sqlalchemy\orm\state_changes.py", line 139, in _go
    ret_value = fn(self, *arg, **kw)
                ^^^^^^^^^^^^^^^^^^^^
  File "C:\Users\Admin\AppData\Roaming\Python\Python312\site-packages\sqlalchemy\orm\session.py", line 1313, in commit
    self._prepare_impl()
  File "<string>", line 2, in _prepare_impl
  File "C:\Users\Admin\AppData\Roaming\Python\Python312\site-packages\sqlalchemy\orm\state_changes.py", line 139, in _go
    ret_value = fn(self, *arg, **kw)
                ^^^^^^^^^^^^^^^^^^^^
  File "C:\Users\Admin\AppData\Roaming\Python\Python312\site-packages\sqlalchemy\orm\session.py", line 1288, in _prepare_impl
    self.session.flush()
  File "C:\Users\Admin\AppData\Roaming\Python\Python312\site-packages\sqlalchemy\orm\session.py", line 4352, in flush
    self._flush(objects)
  File "C:\Users\Admin\AppData\Roaming\Python\Python312\site-packages\sqlalchemy\orm\session.py", line 4487, in _flush
    with util.safe_reraise():
  File "C:\Users\Admin\AppData\Roaming\Python\Python312\site-packages\sqlalchemy\util\langhelpers.py", line 146, in __exit__
    raise exc_value.with_traceback(exc_tb)
  File "C:\Users\Admin\AppData\Roaming\Python\Python312\site-packages\sqlalchemy\orm\session.py", line 4448, in _flush
    flush_context.execute()
  File "C:\Users\Admin\AppData\Roaming\Python\Python312\site-packages\sqlalchemy\orm\unitofwork.py", line 466, in execute
    rec.execute(self)
  File "C:\Users\Admin\AppData\Roaming\Python\Python312\site-packages\sqlalchemy\orm\unitofwork.py", line 642, in execute
    util.preloaded.orm_persistence.save_obj(
  File "C:\Users\Admin\AppData\Roaming\Python\Python312\site-packages\sqlalchemy\orm\persistence.py", line 85, in save_obj
    _emit_update_statements(
  File "C:\Users\Admin\AppData\Roaming\Python\Python312\site-packages\sqlalchemy\orm\persistence.py", line 912, in _emit_update_statements
    c = connection.execute(
        ^^^^^^^^^^^^^^^^^^^
  File "C:\Users\Admin\AppData\Roaming\Python\Python312\site-packages\sqlalchemy\engine\base.py", line 1418, in execute
    return meth(
           ^^^^^
  File "C:\Users\Admin\AppData\Roaming\Python\Python312\site-packages\sqlalchemy\sql\elements.py", line 515, in _execute_on_connection
    return connection._execute_clauseelement(
           ^^^^^^^^^^^^^^^^^^^^^^^^^^^^^^^^^^
  File "C:\Users\Admin\AppData\Roaming\Python\Python312\site-packages\sqlalchemy\engine\base.py", line 1640, in _execute_clauseelement
    ret = self._execute_context(
          ^^^^^^^^^^^^^^^^^^^^^^
  File "C:\Users\Admin\AppData\Roaming\Python\Python312\site-packages\sqlalchemy\engine\base.py", line 1846, in _execute_context
    return self._exec_single_context(
           ^^^^^^^^^^^^^^^^^^^^^^^^^^
  File "C:\Users\Admin\AppData\Roaming\Python\Python312\site-packages\sqlalchemy\engine\base.py", line 1986, in _exec_single_context
    self._handle_dbapi_exception(
  File "C:\Users\Admin\AppData\Roaming\Python\Python312\site-packages\sqlalchemy\engine\base.py", line 2355, in _handle_dbapi_exception
    raise sqlalchemy_exception.with_traceback(exc_info[2]) from e
  File "C:\Users\Admin\AppData\Roaming\Python\Python312\site-packages\sqlalchemy\engine\base.py", line 1967, in _exec_single_context
    self.dialect.do_execute(
  File "C:\Users\Admin\AppData\Roaming\Python\Python312\site-packages\sqlalchemy\engine\default.py", line 941, in do_execute
    cursor.execute(statement, parameters)
  File "C:\Users\Admin\AppData\Roaming\Python\Python312\site-packages\sqlalchemy\dialects\postgresql\asyncpg.py", line 572, in execute
    self._adapt_connection.await_(
  File "C:\Users\Admin\AppData\Roaming\Python\Python312\site-packages\sqlalchemy\util\_concurrency_py3k.py", line 132, in await_only
    return current.parent.switch(awaitable)  # type: ignore[no-any-return,attr-defined] # noqa: E501
           ^^^^^^^^^^^^^^^^^^^^^^^^^^^^^^^^
  File "C:\Users\Admin\AppData\Roaming\Python\Python312\site-packages\sqlalchemy\util\_concurrency_py3k.py", line 196, in greenlet_spawn
    value = await result
            ^^^^^^^^^^^^
  File "C:\Users\Admin\AppData\Roaming\Python\Python312\site-packages\sqlalchemy\dialects\postgresql\asyncpg.py", line 550, in _prepare_and_execute
    self._handle_exception(error)
  File "C:\Users\Admin\AppData\Roaming\Python\Python312\site-packages\sqlalchemy\dialects\postgresql\asyncpg.py", line 501, in _handle_exception
    self._adapt_connection._handle_exception(error)
  File "C:\Users\Admin\AppData\Roaming\Python\Python312\site-packages\sqlalchemy\dialects\postgresql\asyncpg.py", line 784, in _handle_exception
    raise translated_error from error
sqlalchemy.exc.DBAPIError: (sqlalchemy.dialects.postgresql.asyncpg.Error) <class 'asyncpg.exceptions.DataError'>: invalid input for query argument $1: UploadFile(filename='jrNTR.jpg', size=96... (expected str, got UploadFile)
[SQL: UPDATE users SET profile_image=$1::VARCHAR, updated_on=now() WHERE users.id = $2::INTEGER]
[parameters: (UploadFile(filename='jrNTR.jpg', size=9613, headers=Headers({'content-disposition': 'form-data; name="profile_image"; filename="jrNTR.jpg"', 'content-type': 'image/jpeg'})), 18)]
(Background on this error at: https://sqlalche.me/e/20/dbapi)

During handling of the above exception, another exception occurred:

Traceback (most recent call last):
  File "D:\Projects\Fast_API\pg-hostel-management\backend\app\core\database.py", line 23, in get_db
    yield session
  File "C:\Users\Admin\AppData\Roaming\Python\Python312\site-packages\fastapi\routing.py", line 278, in app
    raw_response = await run_endpoint_function(
                   ^^^^^^^^^^^^^^^^^^^^^^^^^^^^
  File "C:\Users\Admin\AppData\Roaming\Python\Python312\site-packages\fastapi\routing.py", line 191, in run_endpoint_function
    return await dependant.call(**values)
           ^^^^^^^^^^^^^^^^^^^^^^^^^^^^^^
  File "D:\Projects\Fast_API\pg-hostel-management\backend\app\routes\user.py", line 339, in update_authenticated_user
    raise http_ex
  File "D:\Projects\Fast_API\pg-hostel-management\backend\app\routes\user.py", line 312, in update_authenticated_user
    updated_user = await update_user_details(db, current_user.user_id, user_data)
                   ^^^^^^^^^^^^^^^^^^^^^^^^^^^^^^^^^^^^^^^^^^^^^^^^^^^^^^^^^^^^^^
  File "D:\Projects\Fast_API\pg-hostel-management\backend\app\services\user.py", line 217, in update_user_details
    raise HTTPException(status_code=500, detail={
fastapi.exceptions.HTTPException: 500: {'msg': 'Error updating user details', 'status_code': 500, 'data': None}
ERROR 2024-11-01 20:11:55 root Error updating user details: (sqlalchemy.dialects.postgresql.asyncpg.Error) <class 'asyncpg.exceptions.DataError'>: invalid input for query argument $1: UploadFile(filename='jrNTR.jpg', size=96... (expected str, got UploadFile)
[SQL: UPDATE users SET profile_image=$1::VARCHAR, updated_on=now() WHERE users.id = $2::INTEGER]
[parameters: (UploadFile(filename='jrNTR.jpg', size=9613, headers=Headers({'content-disposition': 'form-data; name="profile_image"; filename="jrNTR.jpg"', 'content-type': 'image/jpeg'})), 18)]
(Background on this error at: https://sqlalche.me/e/20/dbapi)
ERROR 2024-11-01 20:11:55 root HTTP Exception updating user details: 500: {'msg': 'Error updating user details', 'status_code': 500, 'data': None}
ERROR 2024-11-01 20:11:55 root Unexpected error: 500: {'msg': 'Error updating user details', 'status_code': 500, 'data': None}
Traceback (most recent call last):
  File "asyncpg\protocol\prepared_stmt.pyx", line 175, in asyncpg.protocol.protocol.PreparedStatementState._encode_bind_msg
  File "asyncpg\protocol\codecs/base.pyx", line 227, in asyncpg.protocol.protocol.Codec.encode
  File "asyncpg\protocol\codecs/base.pyx", line 129, in asyncpg.protocol.protocol.Codec.encode_scalar
  File "asyncpg\pgproto\./codecs/text.pyx", line 29, in asyncpg.pgproto.pgproto.text_encode
  File "asyncpg\pgproto\./codecs/text.pyx", line 12, in asyncpg.pgproto.pgproto.as_pg_string_and_size
TypeError: expected str, got UploadFile

The above exception was the direct cause of the following exception:

Traceback (most recent call last):
  File "C:\Users\Admin\AppData\Roaming\Python\Python312\site-packages\sqlalchemy\dialects\postgresql\asyncpg.py", line 538, in _prepare_and_execute
    self._rows = deque(await prepared_stmt.fetch(*parameters))
                       ^^^^^^^^^^^^^^^^^^^^^^^^^^^^^^^^^^^^^^
  File "C:\Users\Admin\AppData\Roaming\Python\Python312\site-packages\asyncpg\prepared_stmt.py", line 176, in fetch
    data = await self.__bind_execute(args, 0, timeout)
           ^^^^^^^^^^^^^^^^^^^^^^^^^^^^^^^^^^^^^^^^^^^
  File "C:\Users\Admin\AppData\Roaming\Python\Python312\site-packages\asyncpg\prepared_stmt.py", line 241, in __bind_execute
    data, status, _ = await self.__do_execute(
                      ^^^^^^^^^^^^^^^^^^^^^^^^
  File "C:\Users\Admin\AppData\Roaming\Python\Python312\site-packages\asyncpg\prepared_stmt.py", line 230, in __do_execute
    return await executor(protocol)
           ^^^^^^^^^^^^^^^^^^^^^^^^
  File "asyncpg\protocol\protocol.pyx", line 186, in bind_execute
  File "asyncpg\protocol\prepared_stmt.pyx", line 204, in asyncpg.protocol.protocol.PreparedStatementState._encode_bind_msg
asyncpg.exceptions.DataError: invalid input for query argument $1: UploadFile(filename='jrNTR.jpg', size=96... (expected str, got UploadFile)

The above exception was the direct cause of the following exception:

Traceback (most recent call last):
  File "C:\Users\Admin\AppData\Roaming\Python\Python312\site-packages\sqlalchemy\engine\base.py", line 1967, in _exec_single_context
    self.dialect.do_execute(
  File "C:\Users\Admin\AppData\Roaming\Python\Python312\site-packages\sqlalchemy\engine\default.py", line 941, in do_execute
    cursor.execute(statement, parameters)
  File "C:\Users\Admin\AppData\Roaming\Python\Python312\site-packages\sqlalchemy\dialects\postgresql\asyncpg.py", line 572, in execute
    self._adapt_connection.await_(
  File "C:\Users\Admin\AppData\Roaming\Python\Python312\site-packages\sqlalchemy\util\_concurrency_py3k.py", line 132, in await_only
    return current.parent.switch(awaitable)  # type: ignore[no-any-return,attr-defined] # noqa: E501
           ^^^^^^^^^^^^^^^^^^^^^^^^^^^^^^^^
  File "C:\Users\Admin\AppData\Roaming\Python\Python312\site-packages\sqlalchemy\util\_concurrency_py3k.py", line 196, in greenlet_spawn
    value = await result
            ^^^^^^^^^^^^
  File "C:\Users\Admin\AppData\Roaming\Python\Python312\site-packages\sqlalchemy\dialects\postgresql\asyncpg.py", line 550, in _prepare_and_execute
    self._handle_exception(error)
  File "C:\Users\Admin\AppData\Roaming\Python\Python312\site-packages\sqlalchemy\dialects\postgresql\asyncpg.py", line 501, in _handle_exception
    self._adapt_connection._handle_exception(error)
  File "C:\Users\Admin\AppData\Roaming\Python\Python312\site-packages\sqlalchemy\dialects\postgresql\asyncpg.py", line 784, in _handle_exception
    raise translated_error from error
sqlalchemy.dialects.postgresql.asyncpg.AsyncAdapt_asyncpg_dbapi.Error: <class 'asyncpg.exceptions.DataError'>: invalid input for query argument $1: UploadFile(filename='jrNTR.jpg', size=96... (expected str, got UploadFile)

The above exception was the direct cause of the following exception:

Traceback (most recent call last):
  File "D:\Projects\Fast_API\pg-hostel-management\backend\app\services\user.py", line 210, in update_user_details
    await db.commit()
  File "C:\Users\Admin\AppData\Roaming\Python\Python312\site-packages\sqlalchemy\ext\asyncio\session.py", line 1009, in commit
    await greenlet_spawn(self.sync_session.commit)
  File "C:\Users\Admin\AppData\Roaming\Python\Python312\site-packages\sqlalchemy\util\_concurrency_py3k.py", line 203, in greenlet_spawn
    result = context.switch(value)
             ^^^^^^^^^^^^^^^^^^^^^
  File "C:\Users\Admin\AppData\Roaming\Python\Python312\site-packages\sqlalchemy\orm\session.py", line 2028, in commit
    trans.commit(_to_root=True)
  File "<string>", line 2, in commit
  File "C:\Users\Admin\AppData\Roaming\Python\Python312\site-packages\sqlalchemy\orm\state_changes.py", line 139, in _go
    ret_value = fn(self, *arg, **kw)
                ^^^^^^^^^^^^^^^^^^^^
  File "C:\Users\Admin\AppData\Roaming\Python\Python312\site-packages\sqlalchemy\orm\session.py", line 1313, in commit
    self._prepare_impl()
  File "<string>", line 2, in _prepare_impl
  File "C:\Users\Admin\AppData\Roaming\Python\Python312\site-packages\sqlalchemy\orm\state_changes.py", line 139, in _go
    ret_value = fn(self, *arg, **kw)
                ^^^^^^^^^^^^^^^^^^^^
  File "C:\Users\Admin\AppData\Roaming\Python\Python312\site-packages\sqlalchemy\orm\session.py", line 1288, in _prepare_impl
    self.session.flush()
  File "C:\Users\Admin\AppData\Roaming\Python\Python312\site-packages\sqlalchemy\orm\session.py", line 4352, in flush
    self._flush(objects)
  File "C:\Users\Admin\AppData\Roaming\Python\Python312\site-packages\sqlalchemy\orm\session.py", line 4487, in _flush
    with util.safe_reraise():
  File "C:\Users\Admin\AppData\Roaming\Python\Python312\site-packages\sqlalchemy\util\langhelpers.py", line 146, in __exit__
    raise exc_value.with_traceback(exc_tb)
  File "C:\Users\Admin\AppData\Roaming\Python\Python312\site-packages\sqlalchemy\orm\session.py", line 4448, in _flush
    flush_context.execute()
  File "C:\Users\Admin\AppData\Roaming\Python\Python312\site-packages\sqlalchemy\orm\unitofwork.py", line 466, in execute
    rec.execute(self)
  File "C:\Users\Admin\AppData\Roaming\Python\Python312\site-packages\sqlalchemy\orm\unitofwork.py", line 642, in execute
    util.preloaded.orm_persistence.save_obj(
  File "C:\Users\Admin\AppData\Roaming\Python\Python312\site-packages\sqlalchemy\orm\persistence.py", line 85, in save_obj
    _emit_update_statements(
  File "C:\Users\Admin\AppData\Roaming\Python\Python312\site-packages\sqlalchemy\orm\persistence.py", line 912, in _emit_update_statements
    c = connection.execute(
        ^^^^^^^^^^^^^^^^^^^
  File "C:\Users\Admin\AppData\Roaming\Python\Python312\site-packages\sqlalchemy\engine\base.py", line 1418, in execute
    return meth(
           ^^^^^
  File "C:\Users\Admin\AppData\Roaming\Python\Python312\site-packages\sqlalchemy\sql\elements.py", line 515, in _execute_on_connection
    return connection._execute_clauseelement(
           ^^^^^^^^^^^^^^^^^^^^^^^^^^^^^^^^^^
  File "C:\Users\Admin\AppData\Roaming\Python\Python312\site-packages\sqlalchemy\engine\base.py", line 1640, in _execute_clauseelement
    ret = self._execute_context(
          ^^^^^^^^^^^^^^^^^^^^^^
  File "C:\Users\Admin\AppData\Roaming\Python\Python312\site-packages\sqlalchemy\engine\base.py", line 1846, in _execute_context
    return self._exec_single_context(
           ^^^^^^^^^^^^^^^^^^^^^^^^^^
  File "C:\Users\Admin\AppData\Roaming\Python\Python312\site-packages\sqlalchemy\engine\base.py", line 1986, in _exec_single_context
    self._handle_dbapi_exception(
  File "C:\Users\Admin\AppData\Roaming\Python\Python312\site-packages\sqlalchemy\engine\base.py", line 2355, in _handle_dbapi_exception
    raise sqlalchemy_exception.with_traceback(exc_info[2]) from e
  File "C:\Users\Admin\AppData\Roaming\Python\Python312\site-packages\sqlalchemy\engine\base.py", line 1967, in _exec_single_context
    self.dialect.do_execute(
  File "C:\Users\Admin\AppData\Roaming\Python\Python312\site-packages\sqlalchemy\engine\default.py", line 941, in do_execute
    cursor.execute(statement, parameters)
  File "C:\Users\Admin\AppData\Roaming\Python\Python312\site-packages\sqlalchemy\dialects\postgresql\asyncpg.py", line 572, in execute
    self._adapt_connection.await_(
  File "C:\Users\Admin\AppData\Roaming\Python\Python312\site-packages\sqlalchemy\util\_concurrency_py3k.py", line 132, in await_only
    return current.parent.switch(awaitable)  # type: ignore[no-any-return,attr-defined] # noqa: E501
           ^^^^^^^^^^^^^^^^^^^^^^^^^^^^^^^^
  File "C:\Users\Admin\AppData\Roaming\Python\Python312\site-packages\sqlalchemy\util\_concurrency_py3k.py", line 196, in greenlet_spawn
    value = await result
            ^^^^^^^^^^^^
  File "C:\Users\Admin\AppData\Roaming\Python\Python312\site-packages\sqlalchemy\dialects\postgresql\asyncpg.py", line 550, in _prepare_and_execute
    self._handle_exception(error)
  File "C:\Users\Admin\AppData\Roaming\Python\Python312\site-packages\sqlalchemy\dialects\postgresql\asyncpg.py", line 501, in _handle_exception
    self._adapt_connection._handle_exception(error)
  File "C:\Users\Admin\AppData\Roaming\Python\Python312\site-packages\sqlalchemy\dialects\postgresql\asyncpg.py", line 784, in _handle_exception
    raise translated_error from error
sqlalchemy.exc.DBAPIError: (sqlalchemy.dialects.postgresql.asyncpg.Error) <class 'asyncpg.exceptions.DataError'>: invalid input for query argument $1: UploadFile(filename='jrNTR.jpg', size=96... (expected str, got UploadFile)
[SQL: UPDATE users SET profile_image=$1::VARCHAR, updated_on=now() WHERE users.id = $2::INTEGER]
[parameters: (UploadFile(filename='jrNTR.jpg', size=9613, headers=Headers({'content-disposition': 'form-data; name="profile_image"; filename="jrNTR.jpg"', 'content-type': 'image/jpeg'})), 18)]
(Background on this error at: https://sqlalche.me/e/20/dbapi)

During handling of the above exception, another exception occurred:

Traceback (most recent call last):
  File "D:\Projects\Fast_API\pg-hostel-management\backend\app\core\database.py", line 23, in get_db
    yield session
  File "C:\Users\Admin\AppData\Roaming\Python\Python312\site-packages\fastapi\routing.py", line 278, in app
    raw_response = await run_endpoint_function(
                   ^^^^^^^^^^^^^^^^^^^^^^^^^^^^
  File "C:\Users\Admin\AppData\Roaming\Python\Python312\site-packages\fastapi\routing.py", line 191, in run_endpoint_function
    return await dependant.call(**values)
           ^^^^^^^^^^^^^^^^^^^^^^^^^^^^^^
  File "D:\Projects\Fast_API\pg-hostel-management\backend\app\routes\user.py", line 339, in update_authenticated_user
    raise http_ex
  File "D:\Projects\Fast_API\pg-hostel-management\backend\app\routes\user.py", line 312, in update_authenticated_user
    updated_user = await update_user_details(db, current_user.user_id, user_data)
                   ^^^^^^^^^^^^^^^^^^^^^^^^^^^^^^^^^^^^^^^^^^^^^^^^^^^^^^^^^^^^^^
  File "D:\Projects\Fast_API\pg-hostel-management\backend\app\services\user.py", line 217, in update_user_details
    raise HTTPException(status_code=500, detail={
fastapi.exceptions.HTTPException: 500: {'msg': 'Error updating user details', 'status_code': 500, 'data': None}
ERROR 2024-11-01 20:17:27 app.core.logging This is an error message
ERROR 2024-11-01 20:17:32 root Error updating user details: (sqlalchemy.dialects.postgresql.asyncpg.Error) <class 'asyncpg.exceptions.DataError'>: invalid input for query argument $1: UploadFile(filename='jrNTR.jpg', size=96... (expected str, got UploadFile)
[SQL: UPDATE users SET profile_image=$1::VARCHAR, updated_on=now() WHERE users.id = $2::INTEGER]
[parameters: (UploadFile(filename='jrNTR.jpg', size=9613, headers=Headers({'content-disposition': 'form-data; name="profile_image"; filename="jrNTR.jpg"', 'content-type': 'image/jpeg'})), 18)]
(Background on this error at: https://sqlalche.me/e/20/dbapi)
ERROR 2024-11-01 20:17:32 root HTTP Exception updating user details: 500: {'msg': 'Error updating user details', 'status_code': 500, 'data': None}
ERROR 2024-11-01 20:17:32 root Unexpected error: 500: {'msg': 'Error updating user details', 'status_code': 500, 'data': None}
Traceback (most recent call last):
  File "asyncpg\protocol\prepared_stmt.pyx", line 175, in asyncpg.protocol.protocol.PreparedStatementState._encode_bind_msg
  File "asyncpg\protocol\codecs/base.pyx", line 227, in asyncpg.protocol.protocol.Codec.encode
  File "asyncpg\protocol\codecs/base.pyx", line 129, in asyncpg.protocol.protocol.Codec.encode_scalar
  File "asyncpg\pgproto\./codecs/text.pyx", line 29, in asyncpg.pgproto.pgproto.text_encode
  File "asyncpg\pgproto\./codecs/text.pyx", line 12, in asyncpg.pgproto.pgproto.as_pg_string_and_size
TypeError: expected str, got UploadFile

The above exception was the direct cause of the following exception:

Traceback (most recent call last):
  File "C:\Users\Admin\AppData\Roaming\Python\Python312\site-packages\sqlalchemy\dialects\postgresql\asyncpg.py", line 538, in _prepare_and_execute
    self._rows = deque(await prepared_stmt.fetch(*parameters))
                       ^^^^^^^^^^^^^^^^^^^^^^^^^^^^^^^^^^^^^^
  File "C:\Users\Admin\AppData\Roaming\Python\Python312\site-packages\asyncpg\prepared_stmt.py", line 176, in fetch
    data = await self.__bind_execute(args, 0, timeout)
           ^^^^^^^^^^^^^^^^^^^^^^^^^^^^^^^^^^^^^^^^^^^
  File "C:\Users\Admin\AppData\Roaming\Python\Python312\site-packages\asyncpg\prepared_stmt.py", line 241, in __bind_execute
    data, status, _ = await self.__do_execute(
                      ^^^^^^^^^^^^^^^^^^^^^^^^
  File "C:\Users\Admin\AppData\Roaming\Python\Python312\site-packages\asyncpg\prepared_stmt.py", line 230, in __do_execute
    return await executor(protocol)
           ^^^^^^^^^^^^^^^^^^^^^^^^
  File "asyncpg\protocol\protocol.pyx", line 186, in bind_execute
  File "asyncpg\protocol\prepared_stmt.pyx", line 204, in asyncpg.protocol.protocol.PreparedStatementState._encode_bind_msg
asyncpg.exceptions.DataError: invalid input for query argument $1: UploadFile(filename='jrNTR.jpg', size=96... (expected str, got UploadFile)

The above exception was the direct cause of the following exception:

Traceback (most recent call last):
  File "C:\Users\Admin\AppData\Roaming\Python\Python312\site-packages\sqlalchemy\engine\base.py", line 1967, in _exec_single_context
    self.dialect.do_execute(
  File "C:\Users\Admin\AppData\Roaming\Python\Python312\site-packages\sqlalchemy\engine\default.py", line 941, in do_execute
    cursor.execute(statement, parameters)
  File "C:\Users\Admin\AppData\Roaming\Python\Python312\site-packages\sqlalchemy\dialects\postgresql\asyncpg.py", line 572, in execute
    self._adapt_connection.await_(
  File "C:\Users\Admin\AppData\Roaming\Python\Python312\site-packages\sqlalchemy\util\_concurrency_py3k.py", line 132, in await_only
    return current.parent.switch(awaitable)  # type: ignore[no-any-return,attr-defined] # noqa: E501
           ^^^^^^^^^^^^^^^^^^^^^^^^^^^^^^^^
  File "C:\Users\Admin\AppData\Roaming\Python\Python312\site-packages\sqlalchemy\util\_concurrency_py3k.py", line 196, in greenlet_spawn
    value = await result
            ^^^^^^^^^^^^
  File "C:\Users\Admin\AppData\Roaming\Python\Python312\site-packages\sqlalchemy\dialects\postgresql\asyncpg.py", line 550, in _prepare_and_execute
    self._handle_exception(error)
  File "C:\Users\Admin\AppData\Roaming\Python\Python312\site-packages\sqlalchemy\dialects\postgresql\asyncpg.py", line 501, in _handle_exception
    self._adapt_connection._handle_exception(error)
  File "C:\Users\Admin\AppData\Roaming\Python\Python312\site-packages\sqlalchemy\dialects\postgresql\asyncpg.py", line 784, in _handle_exception
    raise translated_error from error
sqlalchemy.dialects.postgresql.asyncpg.AsyncAdapt_asyncpg_dbapi.Error: <class 'asyncpg.exceptions.DataError'>: invalid input for query argument $1: UploadFile(filename='jrNTR.jpg', size=96... (expected str, got UploadFile)

The above exception was the direct cause of the following exception:

Traceback (most recent call last):
  File "D:\Projects\Fast_API\pg-hostel-management\backend\app\services\user.py", line 212, in update_user_details
    await db.commit()
  File "C:\Users\Admin\AppData\Roaming\Python\Python312\site-packages\sqlalchemy\ext\asyncio\session.py", line 1009, in commit
    await greenlet_spawn(self.sync_session.commit)
  File "C:\Users\Admin\AppData\Roaming\Python\Python312\site-packages\sqlalchemy\util\_concurrency_py3k.py", line 203, in greenlet_spawn
    result = context.switch(value)
             ^^^^^^^^^^^^^^^^^^^^^
  File "C:\Users\Admin\AppData\Roaming\Python\Python312\site-packages\sqlalchemy\orm\session.py", line 2028, in commit
    trans.commit(_to_root=True)
  File "<string>", line 2, in commit
  File "C:\Users\Admin\AppData\Roaming\Python\Python312\site-packages\sqlalchemy\orm\state_changes.py", line 139, in _go
    ret_value = fn(self, *arg, **kw)
                ^^^^^^^^^^^^^^^^^^^^
  File "C:\Users\Admin\AppData\Roaming\Python\Python312\site-packages\sqlalchemy\orm\session.py", line 1313, in commit
    self._prepare_impl()
  File "<string>", line 2, in _prepare_impl
  File "C:\Users\Admin\AppData\Roaming\Python\Python312\site-packages\sqlalchemy\orm\state_changes.py", line 139, in _go
    ret_value = fn(self, *arg, **kw)
                ^^^^^^^^^^^^^^^^^^^^
  File "C:\Users\Admin\AppData\Roaming\Python\Python312\site-packages\sqlalchemy\orm\session.py", line 1288, in _prepare_impl
    self.session.flush()
  File "C:\Users\Admin\AppData\Roaming\Python\Python312\site-packages\sqlalchemy\orm\session.py", line 4352, in flush
    self._flush(objects)
  File "C:\Users\Admin\AppData\Roaming\Python\Python312\site-packages\sqlalchemy\orm\session.py", line 4487, in _flush
    with util.safe_reraise():
  File "C:\Users\Admin\AppData\Roaming\Python\Python312\site-packages\sqlalchemy\util\langhelpers.py", line 146, in __exit__
    raise exc_value.with_traceback(exc_tb)
  File "C:\Users\Admin\AppData\Roaming\Python\Python312\site-packages\sqlalchemy\orm\session.py", line 4448, in _flush
    flush_context.execute()
  File "C:\Users\Admin\AppData\Roaming\Python\Python312\site-packages\sqlalchemy\orm\unitofwork.py", line 466, in execute
    rec.execute(self)
  File "C:\Users\Admin\AppData\Roaming\Python\Python312\site-packages\sqlalchemy\orm\unitofwork.py", line 642, in execute
    util.preloaded.orm_persistence.save_obj(
  File "C:\Users\Admin\AppData\Roaming\Python\Python312\site-packages\sqlalchemy\orm\persistence.py", line 85, in save_obj
    _emit_update_statements(
  File "C:\Users\Admin\AppData\Roaming\Python\Python312\site-packages\sqlalchemy\orm\persistence.py", line 912, in _emit_update_statements
    c = connection.execute(
        ^^^^^^^^^^^^^^^^^^^
  File "C:\Users\Admin\AppData\Roaming\Python\Python312\site-packages\sqlalchemy\engine\base.py", line 1418, in execute
    return meth(
           ^^^^^
  File "C:\Users\Admin\AppData\Roaming\Python\Python312\site-packages\sqlalchemy\sql\elements.py", line 515, in _execute_on_connection
    return connection._execute_clauseelement(
           ^^^^^^^^^^^^^^^^^^^^^^^^^^^^^^^^^^
  File "C:\Users\Admin\AppData\Roaming\Python\Python312\site-packages\sqlalchemy\engine\base.py", line 1640, in _execute_clauseelement
    ret = self._execute_context(
          ^^^^^^^^^^^^^^^^^^^^^^
  File "C:\Users\Admin\AppData\Roaming\Python\Python312\site-packages\sqlalchemy\engine\base.py", line 1846, in _execute_context
    return self._exec_single_context(
           ^^^^^^^^^^^^^^^^^^^^^^^^^^
  File "C:\Users\Admin\AppData\Roaming\Python\Python312\site-packages\sqlalchemy\engine\base.py", line 1986, in _exec_single_context
    self._handle_dbapi_exception(
  File "C:\Users\Admin\AppData\Roaming\Python\Python312\site-packages\sqlalchemy\engine\base.py", line 2355, in _handle_dbapi_exception
    raise sqlalchemy_exception.with_traceback(exc_info[2]) from e
  File "C:\Users\Admin\AppData\Roaming\Python\Python312\site-packages\sqlalchemy\engine\base.py", line 1967, in _exec_single_context
    self.dialect.do_execute(
  File "C:\Users\Admin\AppData\Roaming\Python\Python312\site-packages\sqlalchemy\engine\default.py", line 941, in do_execute
    cursor.execute(statement, parameters)
  File "C:\Users\Admin\AppData\Roaming\Python\Python312\site-packages\sqlalchemy\dialects\postgresql\asyncpg.py", line 572, in execute
    self._adapt_connection.await_(
  File "C:\Users\Admin\AppData\Roaming\Python\Python312\site-packages\sqlalchemy\util\_concurrency_py3k.py", line 132, in await_only
    return current.parent.switch(awaitable)  # type: ignore[no-any-return,attr-defined] # noqa: E501
           ^^^^^^^^^^^^^^^^^^^^^^^^^^^^^^^^
  File "C:\Users\Admin\AppData\Roaming\Python\Python312\site-packages\sqlalchemy\util\_concurrency_py3k.py", line 196, in greenlet_spawn
    value = await result
            ^^^^^^^^^^^^
  File "C:\Users\Admin\AppData\Roaming\Python\Python312\site-packages\sqlalchemy\dialects\postgresql\asyncpg.py", line 550, in _prepare_and_execute
    self._handle_exception(error)
  File "C:\Users\Admin\AppData\Roaming\Python\Python312\site-packages\sqlalchemy\dialects\postgresql\asyncpg.py", line 501, in _handle_exception
    self._adapt_connection._handle_exception(error)
  File "C:\Users\Admin\AppData\Roaming\Python\Python312\site-packages\sqlalchemy\dialects\postgresql\asyncpg.py", line 784, in _handle_exception
    raise translated_error from error
sqlalchemy.exc.DBAPIError: (sqlalchemy.dialects.postgresql.asyncpg.Error) <class 'asyncpg.exceptions.DataError'>: invalid input for query argument $1: UploadFile(filename='jrNTR.jpg', size=96... (expected str, got UploadFile)
[SQL: UPDATE users SET profile_image=$1::VARCHAR, updated_on=now() WHERE users.id = $2::INTEGER]
[parameters: (UploadFile(filename='jrNTR.jpg', size=9613, headers=Headers({'content-disposition': 'form-data; name="profile_image"; filename="jrNTR.jpg"', 'content-type': 'image/jpeg'})), 18)]
(Background on this error at: https://sqlalche.me/e/20/dbapi)

During handling of the above exception, another exception occurred:

Traceback (most recent call last):
  File "D:\Projects\Fast_API\pg-hostel-management\backend\app\core\database.py", line 23, in get_db
    yield session
  File "C:\Users\Admin\AppData\Roaming\Python\Python312\site-packages\fastapi\routing.py", line 278, in app
    raw_response = await run_endpoint_function(
                   ^^^^^^^^^^^^^^^^^^^^^^^^^^^^
  File "C:\Users\Admin\AppData\Roaming\Python\Python312\site-packages\fastapi\routing.py", line 191, in run_endpoint_function
    return await dependant.call(**values)
           ^^^^^^^^^^^^^^^^^^^^^^^^^^^^^^
  File "D:\Projects\Fast_API\pg-hostel-management\backend\app\routes\user.py", line 339, in update_authenticated_user
    raise http_ex
  File "D:\Projects\Fast_API\pg-hostel-management\backend\app\routes\user.py", line 312, in update_authenticated_user
    updated_user = await update_user_details(db, current_user.user_id, user_data)
                   ^^^^^^^^^^^^^^^^^^^^^^^^^^^^^^^^^^^^^^^^^^^^^^^^^^^^^^^^^^^^^^
  File "D:\Projects\Fast_API\pg-hostel-management\backend\app\services\user.py", line 219, in update_user_details
    raise HTTPException(status_code=500, detail={
fastapi.exceptions.HTTPException: 500: {'msg': 'Error updating user details', 'status_code': 500, 'data': None}
ERROR 2024-11-01 20:17:34 root Error updating user details: (sqlalchemy.dialects.postgresql.asyncpg.Error) <class 'asyncpg.exceptions.DataError'>: invalid input for query argument $1: UploadFile(filename='jrNTR.jpg', size=96... (expected str, got UploadFile)
[SQL: UPDATE users SET profile_image=$1::VARCHAR, updated_on=now() WHERE users.id = $2::INTEGER]
[parameters: (UploadFile(filename='jrNTR.jpg', size=9613, headers=Headers({'content-disposition': 'form-data; name="profile_image"; filename="jrNTR.jpg"', 'content-type': 'image/jpeg'})), 18)]
(Background on this error at: https://sqlalche.me/e/20/dbapi)
ERROR 2024-11-01 20:17:34 root HTTP Exception updating user details: 500: {'msg': 'Error updating user details', 'status_code': 500, 'data': None}
ERROR 2024-11-01 20:17:34 root Unexpected error: 500: {'msg': 'Error updating user details', 'status_code': 500, 'data': None}
Traceback (most recent call last):
  File "asyncpg\protocol\prepared_stmt.pyx", line 175, in asyncpg.protocol.protocol.PreparedStatementState._encode_bind_msg
  File "asyncpg\protocol\codecs/base.pyx", line 227, in asyncpg.protocol.protocol.Codec.encode
  File "asyncpg\protocol\codecs/base.pyx", line 129, in asyncpg.protocol.protocol.Codec.encode_scalar
  File "asyncpg\pgproto\./codecs/text.pyx", line 29, in asyncpg.pgproto.pgproto.text_encode
  File "asyncpg\pgproto\./codecs/text.pyx", line 12, in asyncpg.pgproto.pgproto.as_pg_string_and_size
TypeError: expected str, got UploadFile

The above exception was the direct cause of the following exception:

Traceback (most recent call last):
  File "C:\Users\Admin\AppData\Roaming\Python\Python312\site-packages\sqlalchemy\dialects\postgresql\asyncpg.py", line 538, in _prepare_and_execute
    self._rows = deque(await prepared_stmt.fetch(*parameters))
                       ^^^^^^^^^^^^^^^^^^^^^^^^^^^^^^^^^^^^^^
  File "C:\Users\Admin\AppData\Roaming\Python\Python312\site-packages\asyncpg\prepared_stmt.py", line 176, in fetch
    data = await self.__bind_execute(args, 0, timeout)
           ^^^^^^^^^^^^^^^^^^^^^^^^^^^^^^^^^^^^^^^^^^^
  File "C:\Users\Admin\AppData\Roaming\Python\Python312\site-packages\asyncpg\prepared_stmt.py", line 241, in __bind_execute
    data, status, _ = await self.__do_execute(
                      ^^^^^^^^^^^^^^^^^^^^^^^^
  File "C:\Users\Admin\AppData\Roaming\Python\Python312\site-packages\asyncpg\prepared_stmt.py", line 230, in __do_execute
    return await executor(protocol)
           ^^^^^^^^^^^^^^^^^^^^^^^^
  File "asyncpg\protocol\protocol.pyx", line 186, in bind_execute
  File "asyncpg\protocol\prepared_stmt.pyx", line 204, in asyncpg.protocol.protocol.PreparedStatementState._encode_bind_msg
asyncpg.exceptions.DataError: invalid input for query argument $1: UploadFile(filename='jrNTR.jpg', size=96... (expected str, got UploadFile)

The above exception was the direct cause of the following exception:

Traceback (most recent call last):
  File "C:\Users\Admin\AppData\Roaming\Python\Python312\site-packages\sqlalchemy\engine\base.py", line 1967, in _exec_single_context
    self.dialect.do_execute(
  File "C:\Users\Admin\AppData\Roaming\Python\Python312\site-packages\sqlalchemy\engine\default.py", line 941, in do_execute
    cursor.execute(statement, parameters)
  File "C:\Users\Admin\AppData\Roaming\Python\Python312\site-packages\sqlalchemy\dialects\postgresql\asyncpg.py", line 572, in execute
    self._adapt_connection.await_(
  File "C:\Users\Admin\AppData\Roaming\Python\Python312\site-packages\sqlalchemy\util\_concurrency_py3k.py", line 132, in await_only
    return current.parent.switch(awaitable)  # type: ignore[no-any-return,attr-defined] # noqa: E501
           ^^^^^^^^^^^^^^^^^^^^^^^^^^^^^^^^
  File "C:\Users\Admin\AppData\Roaming\Python\Python312\site-packages\sqlalchemy\util\_concurrency_py3k.py", line 196, in greenlet_spawn
    value = await result
            ^^^^^^^^^^^^
  File "C:\Users\Admin\AppData\Roaming\Python\Python312\site-packages\sqlalchemy\dialects\postgresql\asyncpg.py", line 550, in _prepare_and_execute
    self._handle_exception(error)
  File "C:\Users\Admin\AppData\Roaming\Python\Python312\site-packages\sqlalchemy\dialects\postgresql\asyncpg.py", line 501, in _handle_exception
    self._adapt_connection._handle_exception(error)
  File "C:\Users\Admin\AppData\Roaming\Python\Python312\site-packages\sqlalchemy\dialects\postgresql\asyncpg.py", line 784, in _handle_exception
    raise translated_error from error
sqlalchemy.dialects.postgresql.asyncpg.AsyncAdapt_asyncpg_dbapi.Error: <class 'asyncpg.exceptions.DataError'>: invalid input for query argument $1: UploadFile(filename='jrNTR.jpg', size=96... (expected str, got UploadFile)

The above exception was the direct cause of the following exception:

Traceback (most recent call last):
  File "D:\Projects\Fast_API\pg-hostel-management\backend\app\services\user.py", line 212, in update_user_details
    await db.commit()
  File "C:\Users\Admin\AppData\Roaming\Python\Python312\site-packages\sqlalchemy\ext\asyncio\session.py", line 1009, in commit
    await greenlet_spawn(self.sync_session.commit)
  File "C:\Users\Admin\AppData\Roaming\Python\Python312\site-packages\sqlalchemy\util\_concurrency_py3k.py", line 203, in greenlet_spawn
    result = context.switch(value)
             ^^^^^^^^^^^^^^^^^^^^^
  File "C:\Users\Admin\AppData\Roaming\Python\Python312\site-packages\sqlalchemy\orm\session.py", line 2028, in commit
    trans.commit(_to_root=True)
  File "<string>", line 2, in commit
  File "C:\Users\Admin\AppData\Roaming\Python\Python312\site-packages\sqlalchemy\orm\state_changes.py", line 139, in _go
    ret_value = fn(self, *arg, **kw)
                ^^^^^^^^^^^^^^^^^^^^
  File "C:\Users\Admin\AppData\Roaming\Python\Python312\site-packages\sqlalchemy\orm\session.py", line 1313, in commit
    self._prepare_impl()
  File "<string>", line 2, in _prepare_impl
  File "C:\Users\Admin\AppData\Roaming\Python\Python312\site-packages\sqlalchemy\orm\state_changes.py", line 139, in _go
    ret_value = fn(self, *arg, **kw)
                ^^^^^^^^^^^^^^^^^^^^
  File "C:\Users\Admin\AppData\Roaming\Python\Python312\site-packages\sqlalchemy\orm\session.py", line 1288, in _prepare_impl
    self.session.flush()
  File "C:\Users\Admin\AppData\Roaming\Python\Python312\site-packages\sqlalchemy\orm\session.py", line 4352, in flush
    self._flush(objects)
  File "C:\Users\Admin\AppData\Roaming\Python\Python312\site-packages\sqlalchemy\orm\session.py", line 4487, in _flush
    with util.safe_reraise():
  File "C:\Users\Admin\AppData\Roaming\Python\Python312\site-packages\sqlalchemy\util\langhelpers.py", line 146, in __exit__
    raise exc_value.with_traceback(exc_tb)
  File "C:\Users\Admin\AppData\Roaming\Python\Python312\site-packages\sqlalchemy\orm\session.py", line 4448, in _flush
    flush_context.execute()
  File "C:\Users\Admin\AppData\Roaming\Python\Python312\site-packages\sqlalchemy\orm\unitofwork.py", line 466, in execute
    rec.execute(self)
  File "C:\Users\Admin\AppData\Roaming\Python\Python312\site-packages\sqlalchemy\orm\unitofwork.py", line 642, in execute
    util.preloaded.orm_persistence.save_obj(
  File "C:\Users\Admin\AppData\Roaming\Python\Python312\site-packages\sqlalchemy\orm\persistence.py", line 85, in save_obj
    _emit_update_statements(
  File "C:\Users\Admin\AppData\Roaming\Python\Python312\site-packages\sqlalchemy\orm\persistence.py", line 912, in _emit_update_statements
    c = connection.execute(
        ^^^^^^^^^^^^^^^^^^^
  File "C:\Users\Admin\AppData\Roaming\Python\Python312\site-packages\sqlalchemy\engine\base.py", line 1418, in execute
    return meth(
           ^^^^^
  File "C:\Users\Admin\AppData\Roaming\Python\Python312\site-packages\sqlalchemy\sql\elements.py", line 515, in _execute_on_connection
    return connection._execute_clauseelement(
           ^^^^^^^^^^^^^^^^^^^^^^^^^^^^^^^^^^
  File "C:\Users\Admin\AppData\Roaming\Python\Python312\site-packages\sqlalchemy\engine\base.py", line 1640, in _execute_clauseelement
    ret = self._execute_context(
          ^^^^^^^^^^^^^^^^^^^^^^
  File "C:\Users\Admin\AppData\Roaming\Python\Python312\site-packages\sqlalchemy\engine\base.py", line 1846, in _execute_context
    return self._exec_single_context(
           ^^^^^^^^^^^^^^^^^^^^^^^^^^
  File "C:\Users\Admin\AppData\Roaming\Python\Python312\site-packages\sqlalchemy\engine\base.py", line 1986, in _exec_single_context
    self._handle_dbapi_exception(
  File "C:\Users\Admin\AppData\Roaming\Python\Python312\site-packages\sqlalchemy\engine\base.py", line 2355, in _handle_dbapi_exception
    raise sqlalchemy_exception.with_traceback(exc_info[2]) from e
  File "C:\Users\Admin\AppData\Roaming\Python\Python312\site-packages\sqlalchemy\engine\base.py", line 1967, in _exec_single_context
    self.dialect.do_execute(
  File "C:\Users\Admin\AppData\Roaming\Python\Python312\site-packages\sqlalchemy\engine\default.py", line 941, in do_execute
    cursor.execute(statement, parameters)
  File "C:\Users\Admin\AppData\Roaming\Python\Python312\site-packages\sqlalchemy\dialects\postgresql\asyncpg.py", line 572, in execute
    self._adapt_connection.await_(
  File "C:\Users\Admin\AppData\Roaming\Python\Python312\site-packages\sqlalchemy\util\_concurrency_py3k.py", line 132, in await_only
    return current.parent.switch(awaitable)  # type: ignore[no-any-return,attr-defined] # noqa: E501
           ^^^^^^^^^^^^^^^^^^^^^^^^^^^^^^^^
  File "C:\Users\Admin\AppData\Roaming\Python\Python312\site-packages\sqlalchemy\util\_concurrency_py3k.py", line 196, in greenlet_spawn
    value = await result
            ^^^^^^^^^^^^
  File "C:\Users\Admin\AppData\Roaming\Python\Python312\site-packages\sqlalchemy\dialects\postgresql\asyncpg.py", line 550, in _prepare_and_execute
    self._handle_exception(error)
  File "C:\Users\Admin\AppData\Roaming\Python\Python312\site-packages\sqlalchemy\dialects\postgresql\asyncpg.py", line 501, in _handle_exception
    self._adapt_connection._handle_exception(error)
  File "C:\Users\Admin\AppData\Roaming\Python\Python312\site-packages\sqlalchemy\dialects\postgresql\asyncpg.py", line 784, in _handle_exception
    raise translated_error from error
sqlalchemy.exc.DBAPIError: (sqlalchemy.dialects.postgresql.asyncpg.Error) <class 'asyncpg.exceptions.DataError'>: invalid input for query argument $1: UploadFile(filename='jrNTR.jpg', size=96... (expected str, got UploadFile)
[SQL: UPDATE users SET profile_image=$1::VARCHAR, updated_on=now() WHERE users.id = $2::INTEGER]
[parameters: (UploadFile(filename='jrNTR.jpg', size=9613, headers=Headers({'content-disposition': 'form-data; name="profile_image"; filename="jrNTR.jpg"', 'content-type': 'image/jpeg'})), 18)]
(Background on this error at: https://sqlalche.me/e/20/dbapi)

During handling of the above exception, another exception occurred:

Traceback (most recent call last):
  File "D:\Projects\Fast_API\pg-hostel-management\backend\app\core\database.py", line 23, in get_db
    yield session
  File "C:\Users\Admin\AppData\Roaming\Python\Python312\site-packages\fastapi\routing.py", line 278, in app
    raw_response = await run_endpoint_function(
                   ^^^^^^^^^^^^^^^^^^^^^^^^^^^^
  File "C:\Users\Admin\AppData\Roaming\Python\Python312\site-packages\fastapi\routing.py", line 191, in run_endpoint_function
    return await dependant.call(**values)
           ^^^^^^^^^^^^^^^^^^^^^^^^^^^^^^
  File "D:\Projects\Fast_API\pg-hostel-management\backend\app\routes\user.py", line 339, in update_authenticated_user
    raise http_ex
  File "D:\Projects\Fast_API\pg-hostel-management\backend\app\routes\user.py", line 312, in update_authenticated_user
    updated_user = await update_user_details(db, current_user.user_id, user_data)
                   ^^^^^^^^^^^^^^^^^^^^^^^^^^^^^^^^^^^^^^^^^^^^^^^^^^^^^^^^^^^^^^
  File "D:\Projects\Fast_API\pg-hostel-management\backend\app\services\user.py", line 219, in update_user_details
    raise HTTPException(status_code=500, detail={
fastapi.exceptions.HTTPException: 500: {'msg': 'Error updating user details', 'status_code': 500, 'data': None}
ERROR 2024-11-01 20:20:31 app.core.logging This is an error message
ERROR 2024-11-01 20:20:37 app.core.logging This is an error message
ERROR 2024-11-01 20:20:41 app.core.logging This is an error message
ERROR 2024-11-01 20:22:11 root Expected string for profile_image, got <class 'starlette.datastructures.UploadFile'>
ERROR 2024-11-01 20:23:03 root Expected string for profile_image, got <class 'starlette.datastructures.UploadFile'>
ERROR 2024-11-01 20:28:12 app.core.logging This is an error message
ERROR 2024-11-01 20:28:18 app.core.logging This is an error message
ERROR 2024-11-01 20:29:05 app.core.logging This is an error message
ERROR 2024-11-01 20:29:24 app.core.logging This is an error message
ERROR 2024-11-01 20:29:28 root Expected string for profile_image, got <class 'starlette.datastructures.UploadFile'>
ERROR 2024-11-01 20:29:30 root Expected string for profile_image, got <class 'starlette.datastructures.UploadFile'>
ERROR 2024-11-01 20:30:25 app.core.logging This is an error message
ERROR 2024-11-01 20:30:32 app.core.logging This is an error message
ERROR 2024-11-01 20:30:38 app.core.logging This is an error message
ERROR 2024-11-01 20:30:45 app.core.logging This is an error message
ERROR 2024-11-01 20:31:58 app.core.logging This is an error message
ERROR 2024-11-01 20:32:33 app.core.logging This is an error message
ERROR 2024-11-01 20:43:50 app.core.logging This is an error message
ERROR 2024-11-01 20:43:57 app.core.logging This is an error message
ERROR 2024-11-01 20:44:20 app.core.logging This is an error message
ERROR 2024-11-01 20:44:26 root Expected string for profile_image, got <class 'starlette.datastructures.UploadFile'>
ERROR 2024-11-01 20:44:54 app.core.logging This is an error message
ERROR 2024-11-01 20:45:13 app.core.logging This is an error message
ERROR 2024-11-01 20:46:06 root Expected string for profile_image, got <class 'starlette.datastructures.UploadFile'>
ERROR 2024-11-01 20:51:18 app.core.logging This is an error message
ERROR 2024-11-01 20:51:39 app.core.logging This is an error message
ERROR 2024-11-01 20:53:34 app.core.logging This is an error message
ERROR 2024-11-01 20:53:59 app.core.logging This is an error message
ERROR 2024-11-01 20:58:10 app.core.logging This is an error message
ERROR 2024-11-01 20:58:25 app.core.logging This is an error message
ERROR 2024-11-01 20:58:38 app.core.logging This is an error message
ERROR 2024-11-01 20:58:49 app.core.logging This is an error message
ERROR 2024-11-01 21:25:46 app.core.logging This is an error message
ERROR 2024-11-01 21:25:55 app.core.logging This is an error message
ERROR 2024-11-01 21:26:31 app.core.logging This is an error message
ERROR 2024-11-01 21:26:46 app.core.logging This is an error message
ERROR 2024-11-01 21:27:07 root Error updating user details: name 'datetime' is not defined
ERROR 2024-11-01 21:27:07 root HTTP Exception updating user details: 500: {'msg': 'Error updating user details', 'status_code': 500, 'data': None}
ERROR 2024-11-01 21:27:07 root Unexpected error: 500: {'msg': 'Error updating user details', 'status_code': 500, 'data': None}
Traceback (most recent call last):
  File "D:\Projects\Fast_API\pg-hostel-management\backend\app\services\user.py", line 203, in update_user_details
    user.updated_on = datetime.utcnow()  # Set updated timestamp
                      ^^^^^^^^
NameError: name 'datetime' is not defined. Did you forget to import 'datetime'

During handling of the above exception, another exception occurred:

Traceback (most recent call last):
  File "D:\Projects\Fast_API\pg-hostel-management\backend\app\core\database.py", line 23, in get_db
    yield session
  File "C:\Users\Admin\AppData\Roaming\Python\Python312\site-packages\fastapi\routing.py", line 278, in app
    raw_response = await run_endpoint_function(
                   ^^^^^^^^^^^^^^^^^^^^^^^^^^^^
  File "C:\Users\Admin\AppData\Roaming\Python\Python312\site-packages\fastapi\routing.py", line 191, in run_endpoint_function
    return await dependant.call(**values)
           ^^^^^^^^^^^^^^^^^^^^^^^^^^^^^^
  File "D:\Projects\Fast_API\pg-hostel-management\backend\app\routes\user.py", line 338, in update_authenticated_user
    raise http_ex
  File "D:\Projects\Fast_API\pg-hostel-management\backend\app\routes\user.py", line 312, in update_authenticated_user
    updated_user = await update_user_details(db, current_user.user_id, user_data_dict)
                   ^^^^^^^^^^^^^^^^^^^^^^^^^^^^^^^^^^^^^^^^^^^^^^^^^^^^^^^^^^^^^^^^^^^
  File "D:\Projects\Fast_API\pg-hostel-management\backend\app\services\user.py", line 213, in update_user_details
    raise HTTPException(status_code=500, detail={
fastapi.exceptions.HTTPException: 500: {'msg': 'Error updating user details', 'status_code': 500, 'data': None}
ERROR 2024-11-01 21:27:58 app.core.logging This is an error message
ERROR 2024-11-01 21:30:20 app.core.logging This is an error message
ERROR 2024-11-01 21:30:38 app.core.logging This is an error message
ERROR 2024-11-01 21:39:19 app.core.logging This is an error message
ERROR 2024-11-01 21:39:44 app.core.logging This is an error message
ERROR 2024-11-01 21:40:05 app.core.logging This is an error message
ERROR 2024-11-01 21:40:20 app.core.logging This is an error message
ERROR 2024-11-01 21:42:37 app.core.logging This is an error message
ERROR 2024-11-01 21:44:02 app.core.logging This is an error message
ERROR 2024-11-01 21:44:10 app.core.logging This is an error message
ERROR 2024-11-01 21:44:15 app.core.logging This is an error message
ERROR 2024-11-01 21:44:27 app.core.logging This is an error message
ERROR 2024-11-01 21:44:33 app.core.logging This is an error message
ERROR 2024-11-01 21:45:02 app.core.logging This is an error message
ERROR 2024-11-01 21:45:55 app.core.logging This is an error message
ERROR 2024-11-01 21:49:51 app.core.logging This is an error message
ERROR 2024-11-01 21:50:14 app.core.logging This is an error message
ERROR 2024-11-01 21:50:20 app.core.logging This is an error message
ERROR 2024-11-01 21:51:16 app.core.logging This is an error message
ERROR 2024-11-01 21:51:19 app.core.logging This is an error message
ERROR 2024-11-01 22:10:01 app.core.logging This is an error message
ERROR 2024-11-01 22:10:03 root Error updating user details for user_id: user_18 - (sqlalchemy.dialects.postgresql.asyncpg.Error) <class 'asyncpg.exceptions.DataError'>: invalid input for query argument $1: UploadFile(filename='pawan-2.jpg', size=... (expected str, got UploadFile)
[SQL: UPDATE users SET profile_image=$1::VARCHAR, updated_on=$2::TIMESTAMP WITHOUT TIME ZONE WHERE users.id = $3::INTEGER]
[parameters: (UploadFile(filename='pawan-2.jpg', size=8446, headers=Headers({'content-disposition': 'form-data; name="profile_image"; filename="pawan-2.jpg"', 'content-type': 'image/jpeg'})), datetime.datetime(2024, 11, 1, 16, 40, 2, 875396), 18)]
(Background on this error at: https://sqlalche.me/e/20/dbapi)
ERROR 2024-11-01 22:10:03 root HTTP Exception updating user details: 500: {'msg': 'Error updating user details', 'status_code': 500, 'data': None}
ERROR 2024-11-01 22:10:03 root Unexpected error: 500: {'msg': 'Error updating user details', 'status_code': 500, 'data': None}
Traceback (most recent call last):
  File "asyncpg\protocol\prepared_stmt.pyx", line 175, in asyncpg.protocol.protocol.PreparedStatementState._encode_bind_msg
  File "asyncpg\protocol\codecs/base.pyx", line 227, in asyncpg.protocol.protocol.Codec.encode
  File "asyncpg\protocol\codecs/base.pyx", line 129, in asyncpg.protocol.protocol.Codec.encode_scalar
  File "asyncpg\pgproto\./codecs/text.pyx", line 29, in asyncpg.pgproto.pgproto.text_encode
  File "asyncpg\pgproto\./codecs/text.pyx", line 12, in asyncpg.pgproto.pgproto.as_pg_string_and_size
TypeError: expected str, got UploadFile

The above exception was the direct cause of the following exception:

Traceback (most recent call last):
  File "C:\Users\Admin\AppData\Roaming\Python\Python312\site-packages\sqlalchemy\dialects\postgresql\asyncpg.py", line 538, in _prepare_and_execute
    self._rows = deque(await prepared_stmt.fetch(*parameters))
                       ^^^^^^^^^^^^^^^^^^^^^^^^^^^^^^^^^^^^^^
  File "C:\Users\Admin\AppData\Roaming\Python\Python312\site-packages\asyncpg\prepared_stmt.py", line 176, in fetch
    data = await self.__bind_execute(args, 0, timeout)
           ^^^^^^^^^^^^^^^^^^^^^^^^^^^^^^^^^^^^^^^^^^^
  File "C:\Users\Admin\AppData\Roaming\Python\Python312\site-packages\asyncpg\prepared_stmt.py", line 241, in __bind_execute
    data, status, _ = await self.__do_execute(
                      ^^^^^^^^^^^^^^^^^^^^^^^^
  File "C:\Users\Admin\AppData\Roaming\Python\Python312\site-packages\asyncpg\prepared_stmt.py", line 230, in __do_execute
    return await executor(protocol)
           ^^^^^^^^^^^^^^^^^^^^^^^^
  File "asyncpg\protocol\protocol.pyx", line 186, in bind_execute
  File "asyncpg\protocol\prepared_stmt.pyx", line 204, in asyncpg.protocol.protocol.PreparedStatementState._encode_bind_msg
asyncpg.exceptions.DataError: invalid input for query argument $1: UploadFile(filename='pawan-2.jpg', size=... (expected str, got UploadFile)

The above exception was the direct cause of the following exception:

Traceback (most recent call last):
  File "C:\Users\Admin\AppData\Roaming\Python\Python312\site-packages\sqlalchemy\engine\base.py", line 1967, in _exec_single_context
    self.dialect.do_execute(
  File "C:\Users\Admin\AppData\Roaming\Python\Python312\site-packages\sqlalchemy\engine\default.py", line 941, in do_execute
    cursor.execute(statement, parameters)
  File "C:\Users\Admin\AppData\Roaming\Python\Python312\site-packages\sqlalchemy\dialects\postgresql\asyncpg.py", line 572, in execute
    self._adapt_connection.await_(
  File "C:\Users\Admin\AppData\Roaming\Python\Python312\site-packages\sqlalchemy\util\_concurrency_py3k.py", line 132, in await_only
    return current.parent.switch(awaitable)  # type: ignore[no-any-return,attr-defined] # noqa: E501
           ^^^^^^^^^^^^^^^^^^^^^^^^^^^^^^^^
  File "C:\Users\Admin\AppData\Roaming\Python\Python312\site-packages\sqlalchemy\util\_concurrency_py3k.py", line 196, in greenlet_spawn
    value = await result
            ^^^^^^^^^^^^
  File "C:\Users\Admin\AppData\Roaming\Python\Python312\site-packages\sqlalchemy\dialects\postgresql\asyncpg.py", line 550, in _prepare_and_execute
    self._handle_exception(error)
  File "C:\Users\Admin\AppData\Roaming\Python\Python312\site-packages\sqlalchemy\dialects\postgresql\asyncpg.py", line 501, in _handle_exception
    self._adapt_connection._handle_exception(error)
  File "C:\Users\Admin\AppData\Roaming\Python\Python312\site-packages\sqlalchemy\dialects\postgresql\asyncpg.py", line 784, in _handle_exception
    raise translated_error from error
sqlalchemy.dialects.postgresql.asyncpg.AsyncAdapt_asyncpg_dbapi.Error: <class 'asyncpg.exceptions.DataError'>: invalid input for query argument $1: UploadFile(filename='pawan-2.jpg', size=... (expected str, got UploadFile)

The above exception was the direct cause of the following exception:

Traceback (most recent call last):
  File "D:\Projects\Fast_API\pg-hostel-management\backend\app\services\user.py", line 195, in update_user_details
    await db.commit()
  File "C:\Users\Admin\AppData\Roaming\Python\Python312\site-packages\sqlalchemy\ext\asyncio\session.py", line 1009, in commit
    await greenlet_spawn(self.sync_session.commit)
  File "C:\Users\Admin\AppData\Roaming\Python\Python312\site-packages\sqlalchemy\util\_concurrency_py3k.py", line 203, in greenlet_spawn
    result = context.switch(value)
             ^^^^^^^^^^^^^^^^^^^^^
  File "C:\Users\Admin\AppData\Roaming\Python\Python312\site-packages\sqlalchemy\orm\session.py", line 2028, in commit
    trans.commit(_to_root=True)
  File "<string>", line 2, in commit
  File "C:\Users\Admin\AppData\Roaming\Python\Python312\site-packages\sqlalchemy\orm\state_changes.py", line 139, in _go
    ret_value = fn(self, *arg, **kw)
                ^^^^^^^^^^^^^^^^^^^^
  File "C:\Users\Admin\AppData\Roaming\Python\Python312\site-packages\sqlalchemy\orm\session.py", line 1313, in commit
    self._prepare_impl()
  File "<string>", line 2, in _prepare_impl
  File "C:\Users\Admin\AppData\Roaming\Python\Python312\site-packages\sqlalchemy\orm\state_changes.py", line 139, in _go
    ret_value = fn(self, *arg, **kw)
                ^^^^^^^^^^^^^^^^^^^^
  File "C:\Users\Admin\AppData\Roaming\Python\Python312\site-packages\sqlalchemy\orm\session.py", line 1288, in _prepare_impl
    self.session.flush()
  File "C:\Users\Admin\AppData\Roaming\Python\Python312\site-packages\sqlalchemy\orm\session.py", line 4352, in flush
    self._flush(objects)
  File "C:\Users\Admin\AppData\Roaming\Python\Python312\site-packages\sqlalchemy\orm\session.py", line 4487, in _flush
    with util.safe_reraise():
  File "C:\Users\Admin\AppData\Roaming\Python\Python312\site-packages\sqlalchemy\util\langhelpers.py", line 146, in __exit__
    raise exc_value.with_traceback(exc_tb)
  File "C:\Users\Admin\AppData\Roaming\Python\Python312\site-packages\sqlalchemy\orm\session.py", line 4448, in _flush
    flush_context.execute()
  File "C:\Users\Admin\AppData\Roaming\Python\Python312\site-packages\sqlalchemy\orm\unitofwork.py", line 466, in execute
    rec.execute(self)
  File "C:\Users\Admin\AppData\Roaming\Python\Python312\site-packages\sqlalchemy\orm\unitofwork.py", line 642, in execute
    util.preloaded.orm_persistence.save_obj(
  File "C:\Users\Admin\AppData\Roaming\Python\Python312\site-packages\sqlalchemy\orm\persistence.py", line 85, in save_obj
    _emit_update_statements(
  File "C:\Users\Admin\AppData\Roaming\Python\Python312\site-packages\sqlalchemy\orm\persistence.py", line 912, in _emit_update_statements
    c = connection.execute(
        ^^^^^^^^^^^^^^^^^^^
  File "C:\Users\Admin\AppData\Roaming\Python\Python312\site-packages\sqlalchemy\engine\base.py", line 1418, in execute
    return meth(
           ^^^^^
  File "C:\Users\Admin\AppData\Roaming\Python\Python312\site-packages\sqlalchemy\sql\elements.py", line 515, in _execute_on_connection
    return connection._execute_clauseelement(
           ^^^^^^^^^^^^^^^^^^^^^^^^^^^^^^^^^^
  File "C:\Users\Admin\AppData\Roaming\Python\Python312\site-packages\sqlalchemy\engine\base.py", line 1640, in _execute_clauseelement
    ret = self._execute_context(
          ^^^^^^^^^^^^^^^^^^^^^^
  File "C:\Users\Admin\AppData\Roaming\Python\Python312\site-packages\sqlalchemy\engine\base.py", line 1846, in _execute_context
    return self._exec_single_context(
           ^^^^^^^^^^^^^^^^^^^^^^^^^^
  File "C:\Users\Admin\AppData\Roaming\Python\Python312\site-packages\sqlalchemy\engine\base.py", line 1986, in _exec_single_context
    self._handle_dbapi_exception(
  File "C:\Users\Admin\AppData\Roaming\Python\Python312\site-packages\sqlalchemy\engine\base.py", line 2355, in _handle_dbapi_exception
    raise sqlalchemy_exception.with_traceback(exc_info[2]) from e
  File "C:\Users\Admin\AppData\Roaming\Python\Python312\site-packages\sqlalchemy\engine\base.py", line 1967, in _exec_single_context
    self.dialect.do_execute(
  File "C:\Users\Admin\AppData\Roaming\Python\Python312\site-packages\sqlalchemy\engine\default.py", line 941, in do_execute
    cursor.execute(statement, parameters)
  File "C:\Users\Admin\AppData\Roaming\Python\Python312\site-packages\sqlalchemy\dialects\postgresql\asyncpg.py", line 572, in execute
    self._adapt_connection.await_(
  File "C:\Users\Admin\AppData\Roaming\Python\Python312\site-packages\sqlalchemy\util\_concurrency_py3k.py", line 132, in await_only
    return current.parent.switch(awaitable)  # type: ignore[no-any-return,attr-defined] # noqa: E501
           ^^^^^^^^^^^^^^^^^^^^^^^^^^^^^^^^
  File "C:\Users\Admin\AppData\Roaming\Python\Python312\site-packages\sqlalchemy\util\_concurrency_py3k.py", line 196, in greenlet_spawn
    value = await result
            ^^^^^^^^^^^^
  File "C:\Users\Admin\AppData\Roaming\Python\Python312\site-packages\sqlalchemy\dialects\postgresql\asyncpg.py", line 550, in _prepare_and_execute
    self._handle_exception(error)
  File "C:\Users\Admin\AppData\Roaming\Python\Python312\site-packages\sqlalchemy\dialects\postgresql\asyncpg.py", line 501, in _handle_exception
    self._adapt_connection._handle_exception(error)
  File "C:\Users\Admin\AppData\Roaming\Python\Python312\site-packages\sqlalchemy\dialects\postgresql\asyncpg.py", line 784, in _handle_exception
    raise translated_error from error
sqlalchemy.exc.DBAPIError: (sqlalchemy.dialects.postgresql.asyncpg.Error) <class 'asyncpg.exceptions.DataError'>: invalid input for query argument $1: UploadFile(filename='pawan-2.jpg', size=... (expected str, got UploadFile)
[SQL: UPDATE users SET profile_image=$1::VARCHAR, updated_on=$2::TIMESTAMP WITHOUT TIME ZONE WHERE users.id = $3::INTEGER]
[parameters: (UploadFile(filename='pawan-2.jpg', size=8446, headers=Headers({'content-disposition': 'form-data; name="profile_image"; filename="pawan-2.jpg"', 'content-type': 'image/jpeg'})), datetime.datetime(2024, 11, 1, 16, 40, 2, 875396), 18)]
(Background on this error at: https://sqlalche.me/e/20/dbapi)

During handling of the above exception, another exception occurred:

Traceback (most recent call last):
  File "D:\Projects\Fast_API\pg-hostel-management\backend\app\core\database.py", line 23, in get_db
    yield session
  File "C:\Users\Admin\AppData\Roaming\Python\Python312\site-packages\fastapi\routing.py", line 278, in app
    raw_response = await run_endpoint_function(
                   ^^^^^^^^^^^^^^^^^^^^^^^^^^^^
  File "C:\Users\Admin\AppData\Roaming\Python\Python312\site-packages\fastapi\routing.py", line 191, in run_endpoint_function
    return await dependant.call(**values)
           ^^^^^^^^^^^^^^^^^^^^^^^^^^^^^^
  File "D:\Projects\Fast_API\pg-hostel-management\backend\app\routes\user.py", line 339, in update_authenticated_user
    raise http_ex
  File "D:\Projects\Fast_API\pg-hostel-management\backend\app\routes\user.py", line 312, in update_authenticated_user
    updated_user = await update_user_details(db, current_user.user_id, user_data_dict)
                   ^^^^^^^^^^^^^^^^^^^^^^^^^^^^^^^^^^^^^^^^^^^^^^^^^^^^^^^^^^^^^^^^^^^
  File "D:\Projects\Fast_API\pg-hostel-management\backend\app\services\user.py", line 206, in update_user_details
    raise HTTPException(status_code=500, detail={
fastapi.exceptions.HTTPException: 500: {'msg': 'Error updating user details', 'status_code': 500, 'data': None}
ERROR 2024-11-01 22:14:46 app.core.logging This is an error message
ERROR 2024-11-01 22:14:55 app.core.logging This is an error message
ERROR 2024-11-01 22:15:17 root Error updating user details for user_id: user_18 - (sqlalchemy.dialects.postgresql.asyncpg.Error) <class 'asyncpg.exceptions.DataError'>: invalid input for query argument $1: UploadFile(filename='pawan-2.jpg', size=... (expected str, got UploadFile)
[SQL: UPDATE users SET profile_image=$1::VARCHAR, updated_on=$2::TIMESTAMP WITHOUT TIME ZONE WHERE users.id = $3::INTEGER]
[parameters: (UploadFile(filename='pawan-2.jpg', size=8446, headers=Headers({'content-disposition': 'form-data; name="profile_image"; filename="pawan-2.jpg"', 'content-type': 'image/jpeg'})), datetime.datetime(2024, 11, 1, 16, 45, 17, 360875), 18)]
(Background on this error at: https://sqlalche.me/e/20/dbapi)
ERROR 2024-11-01 22:15:17 root HTTP Exception updating user details: 500: {'msg': 'Error updating user details', 'status_code': 500, 'data': None}
ERROR 2024-11-01 22:15:17 root Unexpected error: 500: {'msg': 'Error updating user details', 'status_code': 500, 'data': None}
Traceback (most recent call last):
  File "asyncpg\protocol\prepared_stmt.pyx", line 175, in asyncpg.protocol.protocol.PreparedStatementState._encode_bind_msg
  File "asyncpg\protocol\codecs/base.pyx", line 227, in asyncpg.protocol.protocol.Codec.encode
  File "asyncpg\protocol\codecs/base.pyx", line 129, in asyncpg.protocol.protocol.Codec.encode_scalar
  File "asyncpg\pgproto\./codecs/text.pyx", line 29, in asyncpg.pgproto.pgproto.text_encode
  File "asyncpg\pgproto\./codecs/text.pyx", line 12, in asyncpg.pgproto.pgproto.as_pg_string_and_size
TypeError: expected str, got UploadFile

The above exception was the direct cause of the following exception:

Traceback (most recent call last):
  File "C:\Users\Admin\AppData\Roaming\Python\Python312\site-packages\sqlalchemy\dialects\postgresql\asyncpg.py", line 538, in _prepare_and_execute
    self._rows = deque(await prepared_stmt.fetch(*parameters))
                       ^^^^^^^^^^^^^^^^^^^^^^^^^^^^^^^^^^^^^^
  File "C:\Users\Admin\AppData\Roaming\Python\Python312\site-packages\asyncpg\prepared_stmt.py", line 176, in fetch
    data = await self.__bind_execute(args, 0, timeout)
           ^^^^^^^^^^^^^^^^^^^^^^^^^^^^^^^^^^^^^^^^^^^
  File "C:\Users\Admin\AppData\Roaming\Python\Python312\site-packages\asyncpg\prepared_stmt.py", line 241, in __bind_execute
    data, status, _ = await self.__do_execute(
                      ^^^^^^^^^^^^^^^^^^^^^^^^
  File "C:\Users\Admin\AppData\Roaming\Python\Python312\site-packages\asyncpg\prepared_stmt.py", line 230, in __do_execute
    return await executor(protocol)
           ^^^^^^^^^^^^^^^^^^^^^^^^
  File "asyncpg\protocol\protocol.pyx", line 186, in bind_execute
  File "asyncpg\protocol\prepared_stmt.pyx", line 204, in asyncpg.protocol.protocol.PreparedStatementState._encode_bind_msg
asyncpg.exceptions.DataError: invalid input for query argument $1: UploadFile(filename='pawan-2.jpg', size=... (expected str, got UploadFile)

The above exception was the direct cause of the following exception:

Traceback (most recent call last):
  File "C:\Users\Admin\AppData\Roaming\Python\Python312\site-packages\sqlalchemy\engine\base.py", line 1967, in _exec_single_context
    self.dialect.do_execute(
  File "C:\Users\Admin\AppData\Roaming\Python\Python312\site-packages\sqlalchemy\engine\default.py", line 941, in do_execute
    cursor.execute(statement, parameters)
  File "C:\Users\Admin\AppData\Roaming\Python\Python312\site-packages\sqlalchemy\dialects\postgresql\asyncpg.py", line 572, in execute
    self._adapt_connection.await_(
  File "C:\Users\Admin\AppData\Roaming\Python\Python312\site-packages\sqlalchemy\util\_concurrency_py3k.py", line 132, in await_only
    return current.parent.switch(awaitable)  # type: ignore[no-any-return,attr-defined] # noqa: E501
           ^^^^^^^^^^^^^^^^^^^^^^^^^^^^^^^^
  File "C:\Users\Admin\AppData\Roaming\Python\Python312\site-packages\sqlalchemy\util\_concurrency_py3k.py", line 196, in greenlet_spawn
    value = await result
            ^^^^^^^^^^^^
  File "C:\Users\Admin\AppData\Roaming\Python\Python312\site-packages\sqlalchemy\dialects\postgresql\asyncpg.py", line 550, in _prepare_and_execute
    self._handle_exception(error)
  File "C:\Users\Admin\AppData\Roaming\Python\Python312\site-packages\sqlalchemy\dialects\postgresql\asyncpg.py", line 501, in _handle_exception
    self._adapt_connection._handle_exception(error)
  File "C:\Users\Admin\AppData\Roaming\Python\Python312\site-packages\sqlalchemy\dialects\postgresql\asyncpg.py", line 784, in _handle_exception
    raise translated_error from error
sqlalchemy.dialects.postgresql.asyncpg.AsyncAdapt_asyncpg_dbapi.Error: <class 'asyncpg.exceptions.DataError'>: invalid input for query argument $1: UploadFile(filename='pawan-2.jpg', size=... (expected str, got UploadFile)

The above exception was the direct cause of the following exception:

Traceback (most recent call last):
  File "D:\Projects\Fast_API\pg-hostel-management\backend\app\services\user.py", line 196, in update_user_details
    await db.commit()
  File "C:\Users\Admin\AppData\Roaming\Python\Python312\site-packages\sqlalchemy\ext\asyncio\session.py", line 1009, in commit
    await greenlet_spawn(self.sync_session.commit)
  File "C:\Users\Admin\AppData\Roaming\Python\Python312\site-packages\sqlalchemy\util\_concurrency_py3k.py", line 203, in greenlet_spawn
    result = context.switch(value)
             ^^^^^^^^^^^^^^^^^^^^^
  File "C:\Users\Admin\AppData\Roaming\Python\Python312\site-packages\sqlalchemy\orm\session.py", line 2028, in commit
    trans.commit(_to_root=True)
  File "<string>", line 2, in commit
  File "C:\Users\Admin\AppData\Roaming\Python\Python312\site-packages\sqlalchemy\orm\state_changes.py", line 139, in _go
    ret_value = fn(self, *arg, **kw)
                ^^^^^^^^^^^^^^^^^^^^
  File "C:\Users\Admin\AppData\Roaming\Python\Python312\site-packages\sqlalchemy\orm\session.py", line 1313, in commit
    self._prepare_impl()
  File "<string>", line 2, in _prepare_impl
  File "C:\Users\Admin\AppData\Roaming\Python\Python312\site-packages\sqlalchemy\orm\state_changes.py", line 139, in _go
    ret_value = fn(self, *arg, **kw)
                ^^^^^^^^^^^^^^^^^^^^
  File "C:\Users\Admin\AppData\Roaming\Python\Python312\site-packages\sqlalchemy\orm\session.py", line 1288, in _prepare_impl
    self.session.flush()
  File "C:\Users\Admin\AppData\Roaming\Python\Python312\site-packages\sqlalchemy\orm\session.py", line 4352, in flush
    self._flush(objects)
  File "C:\Users\Admin\AppData\Roaming\Python\Python312\site-packages\sqlalchemy\orm\session.py", line 4487, in _flush
    with util.safe_reraise():
  File "C:\Users\Admin\AppData\Roaming\Python\Python312\site-packages\sqlalchemy\util\langhelpers.py", line 146, in __exit__
    raise exc_value.with_traceback(exc_tb)
  File "C:\Users\Admin\AppData\Roaming\Python\Python312\site-packages\sqlalchemy\orm\session.py", line 4448, in _flush
    flush_context.execute()
  File "C:\Users\Admin\AppData\Roaming\Python\Python312\site-packages\sqlalchemy\orm\unitofwork.py", line 466, in execute
    rec.execute(self)
  File "C:\Users\Admin\AppData\Roaming\Python\Python312\site-packages\sqlalchemy\orm\unitofwork.py", line 642, in execute
    util.preloaded.orm_persistence.save_obj(
  File "C:\Users\Admin\AppData\Roaming\Python\Python312\site-packages\sqlalchemy\orm\persistence.py", line 85, in save_obj
    _emit_update_statements(
  File "C:\Users\Admin\AppData\Roaming\Python\Python312\site-packages\sqlalchemy\orm\persistence.py", line 912, in _emit_update_statements
    c = connection.execute(
        ^^^^^^^^^^^^^^^^^^^
  File "C:\Users\Admin\AppData\Roaming\Python\Python312\site-packages\sqlalchemy\engine\base.py", line 1418, in execute
    return meth(
           ^^^^^
  File "C:\Users\Admin\AppData\Roaming\Python\Python312\site-packages\sqlalchemy\sql\elements.py", line 515, in _execute_on_connection
    return connection._execute_clauseelement(
           ^^^^^^^^^^^^^^^^^^^^^^^^^^^^^^^^^^
  File "C:\Users\Admin\AppData\Roaming\Python\Python312\site-packages\sqlalchemy\engine\base.py", line 1640, in _execute_clauseelement
    ret = self._execute_context(
          ^^^^^^^^^^^^^^^^^^^^^^
  File "C:\Users\Admin\AppData\Roaming\Python\Python312\site-packages\sqlalchemy\engine\base.py", line 1846, in _execute_context
    return self._exec_single_context(
           ^^^^^^^^^^^^^^^^^^^^^^^^^^
  File "C:\Users\Admin\AppData\Roaming\Python\Python312\site-packages\sqlalchemy\engine\base.py", line 1986, in _exec_single_context
    self._handle_dbapi_exception(
  File "C:\Users\Admin\AppData\Roaming\Python\Python312\site-packages\sqlalchemy\engine\base.py", line 2355, in _handle_dbapi_exception
    raise sqlalchemy_exception.with_traceback(exc_info[2]) from e
  File "C:\Users\Admin\AppData\Roaming\Python\Python312\site-packages\sqlalchemy\engine\base.py", line 1967, in _exec_single_context
    self.dialect.do_execute(
  File "C:\Users\Admin\AppData\Roaming\Python\Python312\site-packages\sqlalchemy\engine\default.py", line 941, in do_execute
    cursor.execute(statement, parameters)
  File "C:\Users\Admin\AppData\Roaming\Python\Python312\site-packages\sqlalchemy\dialects\postgresql\asyncpg.py", line 572, in execute
    self._adapt_connection.await_(
  File "C:\Users\Admin\AppData\Roaming\Python\Python312\site-packages\sqlalchemy\util\_concurrency_py3k.py", line 132, in await_only
    return current.parent.switch(awaitable)  # type: ignore[no-any-return,attr-defined] # noqa: E501
           ^^^^^^^^^^^^^^^^^^^^^^^^^^^^^^^^
  File "C:\Users\Admin\AppData\Roaming\Python\Python312\site-packages\sqlalchemy\util\_concurrency_py3k.py", line 196, in greenlet_spawn
    value = await result
            ^^^^^^^^^^^^
  File "C:\Users\Admin\AppData\Roaming\Python\Python312\site-packages\sqlalchemy\dialects\postgresql\asyncpg.py", line 550, in _prepare_and_execute
    self._handle_exception(error)
  File "C:\Users\Admin\AppData\Roaming\Python\Python312\site-packages\sqlalchemy\dialects\postgresql\asyncpg.py", line 501, in _handle_exception
    self._adapt_connection._handle_exception(error)
  File "C:\Users\Admin\AppData\Roaming\Python\Python312\site-packages\sqlalchemy\dialects\postgresql\asyncpg.py", line 784, in _handle_exception
    raise translated_error from error
sqlalchemy.exc.DBAPIError: (sqlalchemy.dialects.postgresql.asyncpg.Error) <class 'asyncpg.exceptions.DataError'>: invalid input for query argument $1: UploadFile(filename='pawan-2.jpg', size=... (expected str, got UploadFile)
[SQL: UPDATE users SET profile_image=$1::VARCHAR, updated_on=$2::TIMESTAMP WITHOUT TIME ZONE WHERE users.id = $3::INTEGER]
[parameters: (UploadFile(filename='pawan-2.jpg', size=8446, headers=Headers({'content-disposition': 'form-data; name="profile_image"; filename="pawan-2.jpg"', 'content-type': 'image/jpeg'})), datetime.datetime(2024, 11, 1, 16, 45, 17, 360875), 18)]
(Background on this error at: https://sqlalche.me/e/20/dbapi)

During handling of the above exception, another exception occurred:

Traceback (most recent call last):
  File "D:\Projects\Fast_API\pg-hostel-management\backend\app\core\database.py", line 23, in get_db
    yield session
  File "C:\Users\Admin\AppData\Roaming\Python\Python312\site-packages\fastapi\routing.py", line 278, in app
    raw_response = await run_endpoint_function(
                   ^^^^^^^^^^^^^^^^^^^^^^^^^^^^
  File "C:\Users\Admin\AppData\Roaming\Python\Python312\site-packages\fastapi\routing.py", line 191, in run_endpoint_function
    return await dependant.call(**values)
           ^^^^^^^^^^^^^^^^^^^^^^^^^^^^^^
  File "D:\Projects\Fast_API\pg-hostel-management\backend\app\routes\user.py", line 339, in update_authenticated_user
    raise http_ex
  File "D:\Projects\Fast_API\pg-hostel-management\backend\app\routes\user.py", line 312, in update_authenticated_user
    updated_user = await update_user_details(db, current_user.user_id, user_data_dict)
                   ^^^^^^^^^^^^^^^^^^^^^^^^^^^^^^^^^^^^^^^^^^^^^^^^^^^^^^^^^^^^^^^^^^^
  File "D:\Projects\Fast_API\pg-hostel-management\backend\app\services\user.py", line 207, in update_user_details
    raise HTTPException(status_code=500, detail={
fastapi.exceptions.HTTPException: 500: {'msg': 'Error updating user details', 'status_code': 500, 'data': None}
ERROR 2024-11-01 22:23:41 app.core.logging This is an error message
ERROR 2024-11-01 22:25:31 app.core.logging This is an error message
ERROR 2024-11-01 22:30:56 app.core.logging This is an error message
ERROR 2024-11-01 22:31:11 app.core.logging This is an error message
ERROR 2024-11-01 22:31:24 root Error updating user details for user_id: user_18 - (sqlalchemy.dialects.postgresql.asyncpg.Error) <class 'asyncpg.exceptions.DataError'>: invalid input for query argument $1: UploadFile(filename='pawan-2.jpg', size=... (expected str, got UploadFile)
[SQL: UPDATE users SET profile_image=$1::VARCHAR, updated_on=$2::TIMESTAMP WITHOUT TIME ZONE WHERE users.id = $3::INTEGER]
[parameters: (UploadFile(filename='pawan-2.jpg', size=8446, headers=Headers({'content-disposition': 'form-data; name="profile_image"; filename="pawan-2.jpg"', 'content-type': 'image/jpeg'})), datetime.datetime(2024, 11, 1, 17, 1, 24, 884204), 18)]
(Background on this error at: https://sqlalche.me/e/20/dbapi)
ERROR 2024-11-01 22:31:24 root HTTP Exception updating user details: 500: {'msg': 'Error updating user details', 'status_code': 500, 'data': None}
ERROR 2024-11-01 22:31:24 root Unexpected error: 500: {'msg': 'Error updating user details', 'status_code': 500, 'data': None}
Traceback (most recent call last):
  File "asyncpg\protocol\prepared_stmt.pyx", line 175, in asyncpg.protocol.protocol.PreparedStatementState._encode_bind_msg
  File "asyncpg\protocol\codecs/base.pyx", line 227, in asyncpg.protocol.protocol.Codec.encode
  File "asyncpg\protocol\codecs/base.pyx", line 129, in asyncpg.protocol.protocol.Codec.encode_scalar
  File "asyncpg\pgproto\./codecs/text.pyx", line 29, in asyncpg.pgproto.pgproto.text_encode
  File "asyncpg\pgproto\./codecs/text.pyx", line 12, in asyncpg.pgproto.pgproto.as_pg_string_and_size
TypeError: expected str, got UploadFile

The above exception was the direct cause of the following exception:

Traceback (most recent call last):
  File "C:\Users\Admin\AppData\Roaming\Python\Python312\site-packages\sqlalchemy\dialects\postgresql\asyncpg.py", line 538, in _prepare_and_execute
    self._rows = deque(await prepared_stmt.fetch(*parameters))
                       ^^^^^^^^^^^^^^^^^^^^^^^^^^^^^^^^^^^^^^
  File "C:\Users\Admin\AppData\Roaming\Python\Python312\site-packages\asyncpg\prepared_stmt.py", line 176, in fetch
    data = await self.__bind_execute(args, 0, timeout)
           ^^^^^^^^^^^^^^^^^^^^^^^^^^^^^^^^^^^^^^^^^^^
  File "C:\Users\Admin\AppData\Roaming\Python\Python312\site-packages\asyncpg\prepared_stmt.py", line 241, in __bind_execute
    data, status, _ = await self.__do_execute(
                      ^^^^^^^^^^^^^^^^^^^^^^^^
  File "C:\Users\Admin\AppData\Roaming\Python\Python312\site-packages\asyncpg\prepared_stmt.py", line 230, in __do_execute
    return await executor(protocol)
           ^^^^^^^^^^^^^^^^^^^^^^^^
  File "asyncpg\protocol\protocol.pyx", line 186, in bind_execute
  File "asyncpg\protocol\prepared_stmt.pyx", line 204, in asyncpg.protocol.protocol.PreparedStatementState._encode_bind_msg
asyncpg.exceptions.DataError: invalid input for query argument $1: UploadFile(filename='pawan-2.jpg', size=... (expected str, got UploadFile)

The above exception was the direct cause of the following exception:

Traceback (most recent call last):
  File "C:\Users\Admin\AppData\Roaming\Python\Python312\site-packages\sqlalchemy\engine\base.py", line 1967, in _exec_single_context
    self.dialect.do_execute(
  File "C:\Users\Admin\AppData\Roaming\Python\Python312\site-packages\sqlalchemy\engine\default.py", line 941, in do_execute
    cursor.execute(statement, parameters)
  File "C:\Users\Admin\AppData\Roaming\Python\Python312\site-packages\sqlalchemy\dialects\postgresql\asyncpg.py", line 572, in execute
    self._adapt_connection.await_(
  File "C:\Users\Admin\AppData\Roaming\Python\Python312\site-packages\sqlalchemy\util\_concurrency_py3k.py", line 132, in await_only
    return current.parent.switch(awaitable)  # type: ignore[no-any-return,attr-defined] # noqa: E501
           ^^^^^^^^^^^^^^^^^^^^^^^^^^^^^^^^
  File "C:\Users\Admin\AppData\Roaming\Python\Python312\site-packages\sqlalchemy\util\_concurrency_py3k.py", line 196, in greenlet_spawn
    value = await result
            ^^^^^^^^^^^^
  File "C:\Users\Admin\AppData\Roaming\Python\Python312\site-packages\sqlalchemy\dialects\postgresql\asyncpg.py", line 550, in _prepare_and_execute
    self._handle_exception(error)
  File "C:\Users\Admin\AppData\Roaming\Python\Python312\site-packages\sqlalchemy\dialects\postgresql\asyncpg.py", line 501, in _handle_exception
    self._adapt_connection._handle_exception(error)
  File "C:\Users\Admin\AppData\Roaming\Python\Python312\site-packages\sqlalchemy\dialects\postgresql\asyncpg.py", line 784, in _handle_exception
    raise translated_error from error
sqlalchemy.dialects.postgresql.asyncpg.AsyncAdapt_asyncpg_dbapi.Error: <class 'asyncpg.exceptions.DataError'>: invalid input for query argument $1: UploadFile(filename='pawan-2.jpg', size=... (expected str, got UploadFile)

The above exception was the direct cause of the following exception:

Traceback (most recent call last):
  File "D:\Projects\Fast_API\pg-hostel-management\backend\app\services\user.py", line 197, in update_user_details
    await db.commit()
  File "C:\Users\Admin\AppData\Roaming\Python\Python312\site-packages\sqlalchemy\ext\asyncio\session.py", line 1009, in commit
    await greenlet_spawn(self.sync_session.commit)
  File "C:\Users\Admin\AppData\Roaming\Python\Python312\site-packages\sqlalchemy\util\_concurrency_py3k.py", line 203, in greenlet_spawn
    result = context.switch(value)
             ^^^^^^^^^^^^^^^^^^^^^
  File "C:\Users\Admin\AppData\Roaming\Python\Python312\site-packages\sqlalchemy\orm\session.py", line 2028, in commit
    trans.commit(_to_root=True)
  File "<string>", line 2, in commit
  File "C:\Users\Admin\AppData\Roaming\Python\Python312\site-packages\sqlalchemy\orm\state_changes.py", line 139, in _go
    ret_value = fn(self, *arg, **kw)
                ^^^^^^^^^^^^^^^^^^^^
  File "C:\Users\Admin\AppData\Roaming\Python\Python312\site-packages\sqlalchemy\orm\session.py", line 1313, in commit
    self._prepare_impl()
  File "<string>", line 2, in _prepare_impl
  File "C:\Users\Admin\AppData\Roaming\Python\Python312\site-packages\sqlalchemy\orm\state_changes.py", line 139, in _go
    ret_value = fn(self, *arg, **kw)
                ^^^^^^^^^^^^^^^^^^^^
  File "C:\Users\Admin\AppData\Roaming\Python\Python312\site-packages\sqlalchemy\orm\session.py", line 1288, in _prepare_impl
    self.session.flush()
  File "C:\Users\Admin\AppData\Roaming\Python\Python312\site-packages\sqlalchemy\orm\session.py", line 4352, in flush
    self._flush(objects)
  File "C:\Users\Admin\AppData\Roaming\Python\Python312\site-packages\sqlalchemy\orm\session.py", line 4487, in _flush
    with util.safe_reraise():
  File "C:\Users\Admin\AppData\Roaming\Python\Python312\site-packages\sqlalchemy\util\langhelpers.py", line 146, in __exit__
    raise exc_value.with_traceback(exc_tb)
  File "C:\Users\Admin\AppData\Roaming\Python\Python312\site-packages\sqlalchemy\orm\session.py", line 4448, in _flush
    flush_context.execute()
  File "C:\Users\Admin\AppData\Roaming\Python\Python312\site-packages\sqlalchemy\orm\unitofwork.py", line 466, in execute
    rec.execute(self)
  File "C:\Users\Admin\AppData\Roaming\Python\Python312\site-packages\sqlalchemy\orm\unitofwork.py", line 642, in execute
    util.preloaded.orm_persistence.save_obj(
  File "C:\Users\Admin\AppData\Roaming\Python\Python312\site-packages\sqlalchemy\orm\persistence.py", line 85, in save_obj
    _emit_update_statements(
  File "C:\Users\Admin\AppData\Roaming\Python\Python312\site-packages\sqlalchemy\orm\persistence.py", line 912, in _emit_update_statements
    c = connection.execute(
        ^^^^^^^^^^^^^^^^^^^
  File "C:\Users\Admin\AppData\Roaming\Python\Python312\site-packages\sqlalchemy\engine\base.py", line 1418, in execute
    return meth(
           ^^^^^
  File "C:\Users\Admin\AppData\Roaming\Python\Python312\site-packages\sqlalchemy\sql\elements.py", line 515, in _execute_on_connection
    return connection._execute_clauseelement(
           ^^^^^^^^^^^^^^^^^^^^^^^^^^^^^^^^^^
  File "C:\Users\Admin\AppData\Roaming\Python\Python312\site-packages\sqlalchemy\engine\base.py", line 1640, in _execute_clauseelement
    ret = self._execute_context(
          ^^^^^^^^^^^^^^^^^^^^^^
  File "C:\Users\Admin\AppData\Roaming\Python\Python312\site-packages\sqlalchemy\engine\base.py", line 1846, in _execute_context
    return self._exec_single_context(
           ^^^^^^^^^^^^^^^^^^^^^^^^^^
  File "C:\Users\Admin\AppData\Roaming\Python\Python312\site-packages\sqlalchemy\engine\base.py", line 1986, in _exec_single_context
    self._handle_dbapi_exception(
  File "C:\Users\Admin\AppData\Roaming\Python\Python312\site-packages\sqlalchemy\engine\base.py", line 2355, in _handle_dbapi_exception
    raise sqlalchemy_exception.with_traceback(exc_info[2]) from e
  File "C:\Users\Admin\AppData\Roaming\Python\Python312\site-packages\sqlalchemy\engine\base.py", line 1967, in _exec_single_context
    self.dialect.do_execute(
  File "C:\Users\Admin\AppData\Roaming\Python\Python312\site-packages\sqlalchemy\engine\default.py", line 941, in do_execute
    cursor.execute(statement, parameters)
  File "C:\Users\Admin\AppData\Roaming\Python\Python312\site-packages\sqlalchemy\dialects\postgresql\asyncpg.py", line 572, in execute
    self._adapt_connection.await_(
  File "C:\Users\Admin\AppData\Roaming\Python\Python312\site-packages\sqlalchemy\util\_concurrency_py3k.py", line 132, in await_only
    return current.parent.switch(awaitable)  # type: ignore[no-any-return,attr-defined] # noqa: E501
           ^^^^^^^^^^^^^^^^^^^^^^^^^^^^^^^^
  File "C:\Users\Admin\AppData\Roaming\Python\Python312\site-packages\sqlalchemy\util\_concurrency_py3k.py", line 196, in greenlet_spawn
    value = await result
            ^^^^^^^^^^^^
  File "C:\Users\Admin\AppData\Roaming\Python\Python312\site-packages\sqlalchemy\dialects\postgresql\asyncpg.py", line 550, in _prepare_and_execute
    self._handle_exception(error)
  File "C:\Users\Admin\AppData\Roaming\Python\Python312\site-packages\sqlalchemy\dialects\postgresql\asyncpg.py", line 501, in _handle_exception
    self._adapt_connection._handle_exception(error)
  File "C:\Users\Admin\AppData\Roaming\Python\Python312\site-packages\sqlalchemy\dialects\postgresql\asyncpg.py", line 784, in _handle_exception
    raise translated_error from error
sqlalchemy.exc.DBAPIError: (sqlalchemy.dialects.postgresql.asyncpg.Error) <class 'asyncpg.exceptions.DataError'>: invalid input for query argument $1: UploadFile(filename='pawan-2.jpg', size=... (expected str, got UploadFile)
[SQL: UPDATE users SET profile_image=$1::VARCHAR, updated_on=$2::TIMESTAMP WITHOUT TIME ZONE WHERE users.id = $3::INTEGER]
[parameters: (UploadFile(filename='pawan-2.jpg', size=8446, headers=Headers({'content-disposition': 'form-data; name="profile_image"; filename="pawan-2.jpg"', 'content-type': 'image/jpeg'})), datetime.datetime(2024, 11, 1, 17, 1, 24, 884204), 18)]
(Background on this error at: https://sqlalche.me/e/20/dbapi)

During handling of the above exception, another exception occurred:

Traceback (most recent call last):
  File "D:\Projects\Fast_API\pg-hostel-management\backend\app\core\database.py", line 23, in get_db
    yield session
  File "C:\Users\Admin\AppData\Roaming\Python\Python312\site-packages\fastapi\routing.py", line 278, in app
    raw_response = await run_endpoint_function(
                   ^^^^^^^^^^^^^^^^^^^^^^^^^^^^
  File "C:\Users\Admin\AppData\Roaming\Python\Python312\site-packages\fastapi\routing.py", line 191, in run_endpoint_function
    return await dependant.call(**values)
           ^^^^^^^^^^^^^^^^^^^^^^^^^^^^^^
  File "D:\Projects\Fast_API\pg-hostel-management\backend\app\routes\user.py", line 339, in update_authenticated_user
    raise http_ex
  File "D:\Projects\Fast_API\pg-hostel-management\backend\app\routes\user.py", line 312, in update_authenticated_user
    updated_user = await update_user_details(db, current_user.user_id, user_data_dict)
                   ^^^^^^^^^^^^^^^^^^^^^^^^^^^^^^^^^^^^^^^^^^^^^^^^^^^^^^^^^^^^^^^^^^^
  File "D:\Projects\Fast_API\pg-hostel-management\backend\app\services\user.py", line 208, in update_user_details
    raise HTTPException(status_code=500, detail={
fastapi.exceptions.HTTPException: 500: {'msg': 'Error updating user details', 'status_code': 500, 'data': None}
ERROR 2024-11-01 22:31:27 root Error updating user details for user_id: user_18 - (sqlalchemy.dialects.postgresql.asyncpg.Error) <class 'asyncpg.exceptions.DataError'>: invalid input for query argument $1: UploadFile(filename='pawan-2.jpg', size=... (expected str, got UploadFile)
[SQL: UPDATE users SET profile_image=$1::VARCHAR, updated_on=$2::TIMESTAMP WITHOUT TIME ZONE WHERE users.id = $3::INTEGER]
[parameters: (UploadFile(filename='pawan-2.jpg', size=8446, headers=Headers({'content-disposition': 'form-data; name="profile_image"; filename="pawan-2.jpg"', 'content-type': 'image/jpeg'})), datetime.datetime(2024, 11, 1, 17, 1, 27, 245617), 18)]
(Background on this error at: https://sqlalche.me/e/20/dbapi)
ERROR 2024-11-01 22:31:27 root HTTP Exception updating user details: 500: {'msg': 'Error updating user details', 'status_code': 500, 'data': None}
ERROR 2024-11-01 22:31:27 root Unexpected error: 500: {'msg': 'Error updating user details', 'status_code': 500, 'data': None}
Traceback (most recent call last):
  File "asyncpg\protocol\prepared_stmt.pyx", line 175, in asyncpg.protocol.protocol.PreparedStatementState._encode_bind_msg
  File "asyncpg\protocol\codecs/base.pyx", line 227, in asyncpg.protocol.protocol.Codec.encode
  File "asyncpg\protocol\codecs/base.pyx", line 129, in asyncpg.protocol.protocol.Codec.encode_scalar
  File "asyncpg\pgproto\./codecs/text.pyx", line 29, in asyncpg.pgproto.pgproto.text_encode
  File "asyncpg\pgproto\./codecs/text.pyx", line 12, in asyncpg.pgproto.pgproto.as_pg_string_and_size
TypeError: expected str, got UploadFile

The above exception was the direct cause of the following exception:

Traceback (most recent call last):
  File "C:\Users\Admin\AppData\Roaming\Python\Python312\site-packages\sqlalchemy\dialects\postgresql\asyncpg.py", line 538, in _prepare_and_execute
    self._rows = deque(await prepared_stmt.fetch(*parameters))
                       ^^^^^^^^^^^^^^^^^^^^^^^^^^^^^^^^^^^^^^
  File "C:\Users\Admin\AppData\Roaming\Python\Python312\site-packages\asyncpg\prepared_stmt.py", line 176, in fetch
    data = await self.__bind_execute(args, 0, timeout)
           ^^^^^^^^^^^^^^^^^^^^^^^^^^^^^^^^^^^^^^^^^^^
  File "C:\Users\Admin\AppData\Roaming\Python\Python312\site-packages\asyncpg\prepared_stmt.py", line 241, in __bind_execute
    data, status, _ = await self.__do_execute(
                      ^^^^^^^^^^^^^^^^^^^^^^^^
  File "C:\Users\Admin\AppData\Roaming\Python\Python312\site-packages\asyncpg\prepared_stmt.py", line 230, in __do_execute
    return await executor(protocol)
           ^^^^^^^^^^^^^^^^^^^^^^^^
  File "asyncpg\protocol\protocol.pyx", line 186, in bind_execute
  File "asyncpg\protocol\prepared_stmt.pyx", line 204, in asyncpg.protocol.protocol.PreparedStatementState._encode_bind_msg
asyncpg.exceptions.DataError: invalid input for query argument $1: UploadFile(filename='pawan-2.jpg', size=... (expected str, got UploadFile)

The above exception was the direct cause of the following exception:

Traceback (most recent call last):
  File "C:\Users\Admin\AppData\Roaming\Python\Python312\site-packages\sqlalchemy\engine\base.py", line 1967, in _exec_single_context
    self.dialect.do_execute(
  File "C:\Users\Admin\AppData\Roaming\Python\Python312\site-packages\sqlalchemy\engine\default.py", line 941, in do_execute
    cursor.execute(statement, parameters)
  File "C:\Users\Admin\AppData\Roaming\Python\Python312\site-packages\sqlalchemy\dialects\postgresql\asyncpg.py", line 572, in execute
    self._adapt_connection.await_(
  File "C:\Users\Admin\AppData\Roaming\Python\Python312\site-packages\sqlalchemy\util\_concurrency_py3k.py", line 132, in await_only
    return current.parent.switch(awaitable)  # type: ignore[no-any-return,attr-defined] # noqa: E501
           ^^^^^^^^^^^^^^^^^^^^^^^^^^^^^^^^
  File "C:\Users\Admin\AppData\Roaming\Python\Python312\site-packages\sqlalchemy\util\_concurrency_py3k.py", line 196, in greenlet_spawn
    value = await result
            ^^^^^^^^^^^^
  File "C:\Users\Admin\AppData\Roaming\Python\Python312\site-packages\sqlalchemy\dialects\postgresql\asyncpg.py", line 550, in _prepare_and_execute
    self._handle_exception(error)
  File "C:\Users\Admin\AppData\Roaming\Python\Python312\site-packages\sqlalchemy\dialects\postgresql\asyncpg.py", line 501, in _handle_exception
    self._adapt_connection._handle_exception(error)
  File "C:\Users\Admin\AppData\Roaming\Python\Python312\site-packages\sqlalchemy\dialects\postgresql\asyncpg.py", line 784, in _handle_exception
    raise translated_error from error
sqlalchemy.dialects.postgresql.asyncpg.AsyncAdapt_asyncpg_dbapi.Error: <class 'asyncpg.exceptions.DataError'>: invalid input for query argument $1: UploadFile(filename='pawan-2.jpg', size=... (expected str, got UploadFile)

The above exception was the direct cause of the following exception:

Traceback (most recent call last):
  File "D:\Projects\Fast_API\pg-hostel-management\backend\app\services\user.py", line 197, in update_user_details
    await db.commit()
  File "C:\Users\Admin\AppData\Roaming\Python\Python312\site-packages\sqlalchemy\ext\asyncio\session.py", line 1009, in commit
    await greenlet_spawn(self.sync_session.commit)
  File "C:\Users\Admin\AppData\Roaming\Python\Python312\site-packages\sqlalchemy\util\_concurrency_py3k.py", line 203, in greenlet_spawn
    result = context.switch(value)
             ^^^^^^^^^^^^^^^^^^^^^
  File "C:\Users\Admin\AppData\Roaming\Python\Python312\site-packages\sqlalchemy\orm\session.py", line 2028, in commit
    trans.commit(_to_root=True)
  File "<string>", line 2, in commit
  File "C:\Users\Admin\AppData\Roaming\Python\Python312\site-packages\sqlalchemy\orm\state_changes.py", line 139, in _go
    ret_value = fn(self, *arg, **kw)
                ^^^^^^^^^^^^^^^^^^^^
  File "C:\Users\Admin\AppData\Roaming\Python\Python312\site-packages\sqlalchemy\orm\session.py", line 1313, in commit
    self._prepare_impl()
  File "<string>", line 2, in _prepare_impl
  File "C:\Users\Admin\AppData\Roaming\Python\Python312\site-packages\sqlalchemy\orm\state_changes.py", line 139, in _go
    ret_value = fn(self, *arg, **kw)
                ^^^^^^^^^^^^^^^^^^^^
  File "C:\Users\Admin\AppData\Roaming\Python\Python312\site-packages\sqlalchemy\orm\session.py", line 1288, in _prepare_impl
    self.session.flush()
  File "C:\Users\Admin\AppData\Roaming\Python\Python312\site-packages\sqlalchemy\orm\session.py", line 4352, in flush
    self._flush(objects)
  File "C:\Users\Admin\AppData\Roaming\Python\Python312\site-packages\sqlalchemy\orm\session.py", line 4487, in _flush
    with util.safe_reraise():
  File "C:\Users\Admin\AppData\Roaming\Python\Python312\site-packages\sqlalchemy\util\langhelpers.py", line 146, in __exit__
    raise exc_value.with_traceback(exc_tb)
  File "C:\Users\Admin\AppData\Roaming\Python\Python312\site-packages\sqlalchemy\orm\session.py", line 4448, in _flush
    flush_context.execute()
  File "C:\Users\Admin\AppData\Roaming\Python\Python312\site-packages\sqlalchemy\orm\unitofwork.py", line 466, in execute
    rec.execute(self)
  File "C:\Users\Admin\AppData\Roaming\Python\Python312\site-packages\sqlalchemy\orm\unitofwork.py", line 642, in execute
    util.preloaded.orm_persistence.save_obj(
  File "C:\Users\Admin\AppData\Roaming\Python\Python312\site-packages\sqlalchemy\orm\persistence.py", line 85, in save_obj
    _emit_update_statements(
  File "C:\Users\Admin\AppData\Roaming\Python\Python312\site-packages\sqlalchemy\orm\persistence.py", line 912, in _emit_update_statements
    c = connection.execute(
        ^^^^^^^^^^^^^^^^^^^
  File "C:\Users\Admin\AppData\Roaming\Python\Python312\site-packages\sqlalchemy\engine\base.py", line 1418, in execute
    return meth(
           ^^^^^
  File "C:\Users\Admin\AppData\Roaming\Python\Python312\site-packages\sqlalchemy\sql\elements.py", line 515, in _execute_on_connection
    return connection._execute_clauseelement(
           ^^^^^^^^^^^^^^^^^^^^^^^^^^^^^^^^^^
  File "C:\Users\Admin\AppData\Roaming\Python\Python312\site-packages\sqlalchemy\engine\base.py", line 1640, in _execute_clauseelement
    ret = self._execute_context(
          ^^^^^^^^^^^^^^^^^^^^^^
  File "C:\Users\Admin\AppData\Roaming\Python\Python312\site-packages\sqlalchemy\engine\base.py", line 1846, in _execute_context
    return self._exec_single_context(
           ^^^^^^^^^^^^^^^^^^^^^^^^^^
  File "C:\Users\Admin\AppData\Roaming\Python\Python312\site-packages\sqlalchemy\engine\base.py", line 1986, in _exec_single_context
    self._handle_dbapi_exception(
  File "C:\Users\Admin\AppData\Roaming\Python\Python312\site-packages\sqlalchemy\engine\base.py", line 2355, in _handle_dbapi_exception
    raise sqlalchemy_exception.with_traceback(exc_info[2]) from e
  File "C:\Users\Admin\AppData\Roaming\Python\Python312\site-packages\sqlalchemy\engine\base.py", line 1967, in _exec_single_context
    self.dialect.do_execute(
  File "C:\Users\Admin\AppData\Roaming\Python\Python312\site-packages\sqlalchemy\engine\default.py", line 941, in do_execute
    cursor.execute(statement, parameters)
  File "C:\Users\Admin\AppData\Roaming\Python\Python312\site-packages\sqlalchemy\dialects\postgresql\asyncpg.py", line 572, in execute
    self._adapt_connection.await_(
  File "C:\Users\Admin\AppData\Roaming\Python\Python312\site-packages\sqlalchemy\util\_concurrency_py3k.py", line 132, in await_only
    return current.parent.switch(awaitable)  # type: ignore[no-any-return,attr-defined] # noqa: E501
           ^^^^^^^^^^^^^^^^^^^^^^^^^^^^^^^^
  File "C:\Users\Admin\AppData\Roaming\Python\Python312\site-packages\sqlalchemy\util\_concurrency_py3k.py", line 196, in greenlet_spawn
    value = await result
            ^^^^^^^^^^^^
  File "C:\Users\Admin\AppData\Roaming\Python\Python312\site-packages\sqlalchemy\dialects\postgresql\asyncpg.py", line 550, in _prepare_and_execute
    self._handle_exception(error)
  File "C:\Users\Admin\AppData\Roaming\Python\Python312\site-packages\sqlalchemy\dialects\postgresql\asyncpg.py", line 501, in _handle_exception
    self._adapt_connection._handle_exception(error)
  File "C:\Users\Admin\AppData\Roaming\Python\Python312\site-packages\sqlalchemy\dialects\postgresql\asyncpg.py", line 784, in _handle_exception
    raise translated_error from error
sqlalchemy.exc.DBAPIError: (sqlalchemy.dialects.postgresql.asyncpg.Error) <class 'asyncpg.exceptions.DataError'>: invalid input for query argument $1: UploadFile(filename='pawan-2.jpg', size=... (expected str, got UploadFile)
[SQL: UPDATE users SET profile_image=$1::VARCHAR, updated_on=$2::TIMESTAMP WITHOUT TIME ZONE WHERE users.id = $3::INTEGER]
[parameters: (UploadFile(filename='pawan-2.jpg', size=8446, headers=Headers({'content-disposition': 'form-data; name="profile_image"; filename="pawan-2.jpg"', 'content-type': 'image/jpeg'})), datetime.datetime(2024, 11, 1, 17, 1, 27, 245617), 18)]
(Background on this error at: https://sqlalche.me/e/20/dbapi)

During handling of the above exception, another exception occurred:

Traceback (most recent call last):
  File "D:\Projects\Fast_API\pg-hostel-management\backend\app\core\database.py", line 23, in get_db
    yield session
  File "C:\Users\Admin\AppData\Roaming\Python\Python312\site-packages\fastapi\routing.py", line 278, in app
    raw_response = await run_endpoint_function(
                   ^^^^^^^^^^^^^^^^^^^^^^^^^^^^
  File "C:\Users\Admin\AppData\Roaming\Python\Python312\site-packages\fastapi\routing.py", line 191, in run_endpoint_function
    return await dependant.call(**values)
           ^^^^^^^^^^^^^^^^^^^^^^^^^^^^^^
  File "D:\Projects\Fast_API\pg-hostel-management\backend\app\routes\user.py", line 339, in update_authenticated_user
    raise http_ex
  File "D:\Projects\Fast_API\pg-hostel-management\backend\app\routes\user.py", line 312, in update_authenticated_user
    updated_user = await update_user_details(db, current_user.user_id, user_data_dict)
                   ^^^^^^^^^^^^^^^^^^^^^^^^^^^^^^^^^^^^^^^^^^^^^^^^^^^^^^^^^^^^^^^^^^^
  File "D:\Projects\Fast_API\pg-hostel-management\backend\app\services\user.py", line 208, in update_user_details
    raise HTTPException(status_code=500, detail={
fastapi.exceptions.HTTPException: 500: {'msg': 'Error updating user details', 'status_code': 500, 'data': None}
ERROR 2024-11-01 22:35:38 app.core.logging This is an error message
ERROR 2024-11-01 22:35:42 root Error updating user details for user_id: user_18 - (sqlalchemy.dialects.postgresql.asyncpg.Error) <class 'asyncpg.exceptions.DataError'>: invalid input for query argument $1: UploadFile(filename='pawan-2.jpg', size=... (expected str, got UploadFile)
[SQL: UPDATE users SET profile_image=$1::VARCHAR, updated_on=$2::TIMESTAMP WITHOUT TIME ZONE WHERE users.id = $3::INTEGER]
[parameters: (UploadFile(filename='pawan-2.jpg', size=8446, headers=Headers({'content-disposition': 'form-data; name="profile_image"; filename="pawan-2.jpg"', 'content-type': 'image/jpeg'})), datetime.datetime(2024, 11, 1, 17, 5, 42, 112111), 18)]
(Background on this error at: https://sqlalche.me/e/20/dbapi)
ERROR 2024-11-01 22:35:42 root HTTP Exception updating user details: 500: {'msg': 'Error updating user details', 'status_code': 500, 'data': None}
ERROR 2024-11-01 22:35:42 root Unexpected error: 500: {'msg': 'Error updating user details', 'status_code': 500, 'data': None}
Traceback (most recent call last):
  File "asyncpg\protocol\prepared_stmt.pyx", line 175, in asyncpg.protocol.protocol.PreparedStatementState._encode_bind_msg
  File "asyncpg\protocol\codecs/base.pyx", line 227, in asyncpg.protocol.protocol.Codec.encode
  File "asyncpg\protocol\codecs/base.pyx", line 129, in asyncpg.protocol.protocol.Codec.encode_scalar
  File "asyncpg\pgproto\./codecs/text.pyx", line 29, in asyncpg.pgproto.pgproto.text_encode
  File "asyncpg\pgproto\./codecs/text.pyx", line 12, in asyncpg.pgproto.pgproto.as_pg_string_and_size
TypeError: expected str, got UploadFile

The above exception was the direct cause of the following exception:

Traceback (most recent call last):
  File "C:\Users\Admin\AppData\Roaming\Python\Python312\site-packages\sqlalchemy\dialects\postgresql\asyncpg.py", line 538, in _prepare_and_execute
    self._rows = deque(await prepared_stmt.fetch(*parameters))
                       ^^^^^^^^^^^^^^^^^^^^^^^^^^^^^^^^^^^^^^
  File "C:\Users\Admin\AppData\Roaming\Python\Python312\site-packages\asyncpg\prepared_stmt.py", line 176, in fetch
    data = await self.__bind_execute(args, 0, timeout)
           ^^^^^^^^^^^^^^^^^^^^^^^^^^^^^^^^^^^^^^^^^^^
  File "C:\Users\Admin\AppData\Roaming\Python\Python312\site-packages\asyncpg\prepared_stmt.py", line 241, in __bind_execute
    data, status, _ = await self.__do_execute(
                      ^^^^^^^^^^^^^^^^^^^^^^^^
  File "C:\Users\Admin\AppData\Roaming\Python\Python312\site-packages\asyncpg\prepared_stmt.py", line 230, in __do_execute
    return await executor(protocol)
           ^^^^^^^^^^^^^^^^^^^^^^^^
  File "asyncpg\protocol\protocol.pyx", line 186, in bind_execute
  File "asyncpg\protocol\prepared_stmt.pyx", line 204, in asyncpg.protocol.protocol.PreparedStatementState._encode_bind_msg
asyncpg.exceptions.DataError: invalid input for query argument $1: UploadFile(filename='pawan-2.jpg', size=... (expected str, got UploadFile)

The above exception was the direct cause of the following exception:

Traceback (most recent call last):
  File "C:\Users\Admin\AppData\Roaming\Python\Python312\site-packages\sqlalchemy\engine\base.py", line 1967, in _exec_single_context
    self.dialect.do_execute(
  File "C:\Users\Admin\AppData\Roaming\Python\Python312\site-packages\sqlalchemy\engine\default.py", line 941, in do_execute
    cursor.execute(statement, parameters)
  File "C:\Users\Admin\AppData\Roaming\Python\Python312\site-packages\sqlalchemy\dialects\postgresql\asyncpg.py", line 572, in execute
    self._adapt_connection.await_(
  File "C:\Users\Admin\AppData\Roaming\Python\Python312\site-packages\sqlalchemy\util\_concurrency_py3k.py", line 132, in await_only
    return current.parent.switch(awaitable)  # type: ignore[no-any-return,attr-defined] # noqa: E501
           ^^^^^^^^^^^^^^^^^^^^^^^^^^^^^^^^
  File "C:\Users\Admin\AppData\Roaming\Python\Python312\site-packages\sqlalchemy\util\_concurrency_py3k.py", line 196, in greenlet_spawn
    value = await result
            ^^^^^^^^^^^^
  File "C:\Users\Admin\AppData\Roaming\Python\Python312\site-packages\sqlalchemy\dialects\postgresql\asyncpg.py", line 550, in _prepare_and_execute
    self._handle_exception(error)
  File "C:\Users\Admin\AppData\Roaming\Python\Python312\site-packages\sqlalchemy\dialects\postgresql\asyncpg.py", line 501, in _handle_exception
    self._adapt_connection._handle_exception(error)
  File "C:\Users\Admin\AppData\Roaming\Python\Python312\site-packages\sqlalchemy\dialects\postgresql\asyncpg.py", line 784, in _handle_exception
    raise translated_error from error
sqlalchemy.dialects.postgresql.asyncpg.AsyncAdapt_asyncpg_dbapi.Error: <class 'asyncpg.exceptions.DataError'>: invalid input for query argument $1: UploadFile(filename='pawan-2.jpg', size=... (expected str, got UploadFile)

The above exception was the direct cause of the following exception:

Traceback (most recent call last):
  File "D:\Projects\Fast_API\pg-hostel-management\backend\app\services\user.py", line 198, in update_user_details
    await db.commit()
  File "C:\Users\Admin\AppData\Roaming\Python\Python312\site-packages\sqlalchemy\ext\asyncio\session.py", line 1009, in commit
    await greenlet_spawn(self.sync_session.commit)
  File "C:\Users\Admin\AppData\Roaming\Python\Python312\site-packages\sqlalchemy\util\_concurrency_py3k.py", line 203, in greenlet_spawn
    result = context.switch(value)
             ^^^^^^^^^^^^^^^^^^^^^
  File "C:\Users\Admin\AppData\Roaming\Python\Python312\site-packages\sqlalchemy\orm\session.py", line 2028, in commit
    trans.commit(_to_root=True)
  File "<string>", line 2, in commit
  File "C:\Users\Admin\AppData\Roaming\Python\Python312\site-packages\sqlalchemy\orm\state_changes.py", line 139, in _go
    ret_value = fn(self, *arg, **kw)
                ^^^^^^^^^^^^^^^^^^^^
  File "C:\Users\Admin\AppData\Roaming\Python\Python312\site-packages\sqlalchemy\orm\session.py", line 1313, in commit
    self._prepare_impl()
  File "<string>", line 2, in _prepare_impl
  File "C:\Users\Admin\AppData\Roaming\Python\Python312\site-packages\sqlalchemy\orm\state_changes.py", line 139, in _go
    ret_value = fn(self, *arg, **kw)
                ^^^^^^^^^^^^^^^^^^^^
  File "C:\Users\Admin\AppData\Roaming\Python\Python312\site-packages\sqlalchemy\orm\session.py", line 1288, in _prepare_impl
    self.session.flush()
  File "C:\Users\Admin\AppData\Roaming\Python\Python312\site-packages\sqlalchemy\orm\session.py", line 4352, in flush
    self._flush(objects)
  File "C:\Users\Admin\AppData\Roaming\Python\Python312\site-packages\sqlalchemy\orm\session.py", line 4487, in _flush
    with util.safe_reraise():
  File "C:\Users\Admin\AppData\Roaming\Python\Python312\site-packages\sqlalchemy\util\langhelpers.py", line 146, in __exit__
    raise exc_value.with_traceback(exc_tb)
  File "C:\Users\Admin\AppData\Roaming\Python\Python312\site-packages\sqlalchemy\orm\session.py", line 4448, in _flush
    flush_context.execute()
  File "C:\Users\Admin\AppData\Roaming\Python\Python312\site-packages\sqlalchemy\orm\unitofwork.py", line 466, in execute
    rec.execute(self)
  File "C:\Users\Admin\AppData\Roaming\Python\Python312\site-packages\sqlalchemy\orm\unitofwork.py", line 642, in execute
    util.preloaded.orm_persistence.save_obj(
  File "C:\Users\Admin\AppData\Roaming\Python\Python312\site-packages\sqlalchemy\orm\persistence.py", line 85, in save_obj
    _emit_update_statements(
  File "C:\Users\Admin\AppData\Roaming\Python\Python312\site-packages\sqlalchemy\orm\persistence.py", line 912, in _emit_update_statements
    c = connection.execute(
        ^^^^^^^^^^^^^^^^^^^
  File "C:\Users\Admin\AppData\Roaming\Python\Python312\site-packages\sqlalchemy\engine\base.py", line 1418, in execute
    return meth(
           ^^^^^
  File "C:\Users\Admin\AppData\Roaming\Python\Python312\site-packages\sqlalchemy\sql\elements.py", line 515, in _execute_on_connection
    return connection._execute_clauseelement(
           ^^^^^^^^^^^^^^^^^^^^^^^^^^^^^^^^^^
  File "C:\Users\Admin\AppData\Roaming\Python\Python312\site-packages\sqlalchemy\engine\base.py", line 1640, in _execute_clauseelement
    ret = self._execute_context(
          ^^^^^^^^^^^^^^^^^^^^^^
  File "C:\Users\Admin\AppData\Roaming\Python\Python312\site-packages\sqlalchemy\engine\base.py", line 1846, in _execute_context
    return self._exec_single_context(
           ^^^^^^^^^^^^^^^^^^^^^^^^^^
  File "C:\Users\Admin\AppData\Roaming\Python\Python312\site-packages\sqlalchemy\engine\base.py", line 1986, in _exec_single_context
    self._handle_dbapi_exception(
  File "C:\Users\Admin\AppData\Roaming\Python\Python312\site-packages\sqlalchemy\engine\base.py", line 2355, in _handle_dbapi_exception
    raise sqlalchemy_exception.with_traceback(exc_info[2]) from e
  File "C:\Users\Admin\AppData\Roaming\Python\Python312\site-packages\sqlalchemy\engine\base.py", line 1967, in _exec_single_context
    self.dialect.do_execute(
  File "C:\Users\Admin\AppData\Roaming\Python\Python312\site-packages\sqlalchemy\engine\default.py", line 941, in do_execute
    cursor.execute(statement, parameters)
  File "C:\Users\Admin\AppData\Roaming\Python\Python312\site-packages\sqlalchemy\dialects\postgresql\asyncpg.py", line 572, in execute
    self._adapt_connection.await_(
  File "C:\Users\Admin\AppData\Roaming\Python\Python312\site-packages\sqlalchemy\util\_concurrency_py3k.py", line 132, in await_only
    return current.parent.switch(awaitable)  # type: ignore[no-any-return,attr-defined] # noqa: E501
           ^^^^^^^^^^^^^^^^^^^^^^^^^^^^^^^^
  File "C:\Users\Admin\AppData\Roaming\Python\Python312\site-packages\sqlalchemy\util\_concurrency_py3k.py", line 196, in greenlet_spawn
    value = await result
            ^^^^^^^^^^^^
  File "C:\Users\Admin\AppData\Roaming\Python\Python312\site-packages\sqlalchemy\dialects\postgresql\asyncpg.py", line 550, in _prepare_and_execute
    self._handle_exception(error)
  File "C:\Users\Admin\AppData\Roaming\Python\Python312\site-packages\sqlalchemy\dialects\postgresql\asyncpg.py", line 501, in _handle_exception
    self._adapt_connection._handle_exception(error)
  File "C:\Users\Admin\AppData\Roaming\Python\Python312\site-packages\sqlalchemy\dialects\postgresql\asyncpg.py", line 784, in _handle_exception
    raise translated_error from error
sqlalchemy.exc.DBAPIError: (sqlalchemy.dialects.postgresql.asyncpg.Error) <class 'asyncpg.exceptions.DataError'>: invalid input for query argument $1: UploadFile(filename='pawan-2.jpg', size=... (expected str, got UploadFile)
[SQL: UPDATE users SET profile_image=$1::VARCHAR, updated_on=$2::TIMESTAMP WITHOUT TIME ZONE WHERE users.id = $3::INTEGER]
[parameters: (UploadFile(filename='pawan-2.jpg', size=8446, headers=Headers({'content-disposition': 'form-data; name="profile_image"; filename="pawan-2.jpg"', 'content-type': 'image/jpeg'})), datetime.datetime(2024, 11, 1, 17, 5, 42, 112111), 18)]
(Background on this error at: https://sqlalche.me/e/20/dbapi)

During handling of the above exception, another exception occurred:

Traceback (most recent call last):
  File "D:\Projects\Fast_API\pg-hostel-management\backend\app\core\database.py", line 23, in get_db
    yield session
  File "C:\Users\Admin\AppData\Roaming\Python\Python312\site-packages\fastapi\routing.py", line 278, in app
    raw_response = await run_endpoint_function(
                   ^^^^^^^^^^^^^^^^^^^^^^^^^^^^
  File "C:\Users\Admin\AppData\Roaming\Python\Python312\site-packages\fastapi\routing.py", line 191, in run_endpoint_function
    return await dependant.call(**values)
           ^^^^^^^^^^^^^^^^^^^^^^^^^^^^^^
  File "D:\Projects\Fast_API\pg-hostel-management\backend\app\routes\user.py", line 339, in update_authenticated_user
    raise http_ex
  File "D:\Projects\Fast_API\pg-hostel-management\backend\app\routes\user.py", line 312, in update_authenticated_user
    updated_user = await update_user_details(db, current_user.user_id, user_data_dict)
                   ^^^^^^^^^^^^^^^^^^^^^^^^^^^^^^^^^^^^^^^^^^^^^^^^^^^^^^^^^^^^^^^^^^^
  File "D:\Projects\Fast_API\pg-hostel-management\backend\app\services\user.py", line 209, in update_user_details
    raise HTTPException(status_code=500, detail={
fastapi.exceptions.HTTPException: 500: {'msg': 'Error updating user details', 'status_code': 500, 'data': None}
ERROR 2024-11-01 22:45:57 app.core.logging This is an error message
ERROR 2024-11-01 22:50:58 app.core.logging This is an error message
ERROR 2024-11-01 22:51:14 app.core.logging This is an error message
ERROR 2024-11-01 22:51:23 app.core.logging This is an error message
ERROR 2024-11-01 22:57:11 app.core.logging This is an error message
ERROR 2024-11-01 22:57:44 app.core.logging This is an error message
ERROR 2024-11-01 22:58:16 app.core.logging This is an error message
ERROR 2024-11-01 23:02:56 app.core.logging This is an error message
ERROR 2024-11-01 23:03:09 app.core.logging This is an error message
ERROR 2024-11-01 23:03:46 app.core.logging This is an error message
ERROR 2024-11-01 23:04:02 app.core.logging This is an error message
ERROR 2024-11-01 23:04:25 app.core.logging This is an error message
ERROR 2024-11-01 23:04:33 app.core.logging This is an error message
ERROR 2024-11-01 23:08:40 app.core.logging This is an error message
ERROR 2024-11-01 23:08:45 app.core.logging This is an error message
ERROR 2024-11-01 23:11:24 app.core.logging This is an error message
ERROR 2024-11-01 23:11:30 app.core.logging This is an error message
ERROR 2024-11-01 23:11:34 app.core.logging This is an error message
ERROR 2024-11-01 23:11:40 app.core.logging This is an error message
ERROR 2024-11-01 23:12:23 app.core.logging This is an error message
ERROR 2024-11-01 23:12:53 app.core.logging This is an error message
ERROR 2024-11-01 23:13:00 app.core.logging This is an error message
ERROR 2024-11-01 23:19:02 app.core.logging This is an error message
ERROR 2024-11-01 23:19:42 app.core.logging This is an error message
ERROR 2024-11-01 23:19:58 app.core.logging This is an error message
ERROR 2024-11-01 23:20:04 app.core.logging This is an error message
ERROR 2024-11-01 23:20:20 app.core.logging This is an error message
ERROR 2024-11-01 23:21:49 app.core.logging This is an error message
ERROR 2024-11-01 23:22:15 app.core.logging This is an error message
ERROR 2024-11-01 23:22:34 app.core.logging This is an error message
ERROR 2024-11-01 23:22:37 app.core.logging This is an error message
ERROR 2024-11-01 23:22:47 app.core.logging This is an error message
ERROR 2024-11-01 23:24:02 app.core.logging This is an error message
ERROR 2024-11-01 23:24:06 app.core.logging This is an error message
ERROR 2024-11-01 23:24:23 app.core.logging This is an error message
ERROR 2024-11-01 23:25:48 app.core.logging This is an error message
ERROR 2024-11-01 23:28:20 app.core.logging This is an error message
ERROR 2024-11-01 23:28:26 app.core.logging This is an error message
ERROR 2024-11-01 23:28:55 app.core.logging This is an error message
ERROR 2024-11-01 23:29:04 app.core.logging This is an error message
ERROR 2024-11-01 23:29:24 app.core.logging This is an error message
ERROR 2024-11-01 23:29:27 app.core.logging This is an error message
ERROR 2024-11-01 23:29:53 app.core.logging This is an error message
ERROR 2024-11-01 23:30:48 app.core.logging This is an error message
ERROR 2024-11-01 23:30:59 app.core.logging This is an error message
ERROR 2024-11-01 23:32:41 app.core.logging This is an error message
ERROR 2024-11-01 23:32:46 app.core.logging This is an error message
ERROR 2024-11-01 23:32:49 app.core.logging This is an error message
ERROR 2024-11-01 23:33:05 app.core.logging This is an error message
ERROR 2024-11-01 23:33:14 app.core.logging This is an error message
ERROR 2024-11-01 23:33:34 app.core.logging This is an error message
ERROR 2024-11-01 23:33:43 app.core.logging This is an error message
ERROR 2024-11-01 23:34:27 app.core.logging This is an error message
ERROR 2024-11-01 23:34:34 app.core.logging This is an error message
ERROR 2024-11-01 23:34:48 app.core.logging This is an error message
ERROR 2024-11-01 23:37:19 app.core.logging This is an error message
ERROR 2024-11-01 23:38:07 app.core.logging This is an error message
ERROR 2024-11-01 23:38:11 app.core.logging This is an error message
ERROR 2024-11-01 23:38:33 app.core.logging This is an error message
ERROR 2024-11-01 23:38:51 app.core.logging This is an error message
ERROR 2024-11-01 23:44:58 app.core.logging This is an error message
ERROR 2024-11-01 23:45:15 app.core.logging This is an error message
ERROR 2024-11-01 23:45:36 app.core.logging This is an error message
ERROR 2024-11-01 23:46:24 app.core.logging This is an error message
ERROR 2024-11-01 23:47:58 app.core.logging This is an error message
ERROR 2024-11-01 23:48:20 app.core.logging This is an error message
ERROR 2024-11-01 23:48:36 app.core.logging This is an error message
ERROR 2024-11-01 23:50:57 app.core.logging This is an error message
ERROR 2024-11-01 23:51:22 app.core.logging This is an error message
ERROR 2024-11-01 23:52:03 app.core.logging This is an error message
ERROR 2024-11-01 23:52:15 app.core.logging This is an error message
ERROR 2024-11-01 23:52:19 app.core.logging This is an error message
ERROR 2024-11-01 23:52:33 app.core.logging This is an error message
ERROR 2024-11-01 23:52:36 app.core.logging This is an error message
ERROR 2024-11-01 23:56:03 app.core.logging This is an error message
ERROR 2024-11-01 23:56:11 app.core.logging This is an error message
ERROR 2024-11-01 23:56:22 app.core.logging This is an error message
ERROR 2024-11-02 00:00:59 app.core.logging This is an error message
ERROR 2024-11-02 00:01:05 app.core.logging This is an error message
ERROR 2024-11-02 00:01:43 app.core.logging This is an error message
ERROR 2024-11-02 00:02:00 app.core.logging This is an error message
ERROR 2024-11-02 00:02:06 app.core.logging This is an error message
ERROR 2024-11-02 00:03:32 app.core.logging This is an error message
ERROR 2024-11-02 00:03:38 app.core.logging This is an error message
ERROR 2024-11-02 00:04:01 app.core.logging This is an error message
ERROR 2024-11-02 00:04:22 app.core.logging This is an error message
ERROR 2024-11-02 00:04:26 app.core.logging This is an error message
ERROR 2024-11-02 00:05:24 app.core.logging This is an error message
ERROR 2024-11-02 00:05:37 app.core.logging This is an error message
ERROR 2024-11-02 09:12:30 app.core.logging This is an error message
ERROR 2024-11-02 09:17:12 app.core.logging This is an error message
ERROR 2024-11-02 09:17:15 app.core.logging This is an error message
ERROR 2024-11-02 09:18:57 app.core.logging This is an error message
ERROR 2024-11-02 09:19:19 app.core.logging This is an error message
ERROR 2024-11-02 09:39:16 app.core.logging This is an error message
ERROR 2024-11-02 09:39:22 app.core.logging This is an error message
ERROR 2024-11-02 09:40:36 app.core.logging This is an error message
ERROR 2024-11-02 09:40:42 app.core.logging This is an error message
ERROR 2024-11-02 09:41:56 app.core.logging This is an error message
ERROR 2024-11-02 09:43:21 app.core.logging This is an error message
ERROR 2024-11-02 09:43:31 app.core.logging This is an error message
ERROR 2024-11-02 09:43:34 app.core.logging This is an error message
ERROR 2024-11-02 09:44:51 app.core.logging This is an error message
ERROR 2024-11-02 09:45:08 app.core.logging This is an error message
ERROR 2024-11-02 09:47:17 app.core.logging This is an error message
ERROR 2024-11-02 09:47:36 app.core.logging This is an error message
ERROR 2024-11-02 09:47:51 app.core.logging This is an error message
ERROR 2024-11-02 09:47:55 app.core.logging This is an error message
ERROR 2024-11-02 09:50:49 app.core.logging This is an error message
ERROR 2024-11-02 09:50:56 app.core.logging This is an error message
ERROR 2024-11-02 09:51:15 app.core.logging This is an error message
ERROR 2024-11-02 09:54:42 app.core.logging This is an error message
ERROR 2024-11-02 09:55:49 root HTTP Exception during login process: 400: User not found.
ERROR 2024-11-02 09:55:49 root Unexpected error: 400: User not found.
Traceback (most recent call last):
  File "D:\Projects\Fast_API\pg-hostel-management\backend\app\core\database.py", line 23, in get_db
    yield session
  File "C:\Users\Admin\AppData\Roaming\Python\Python312\site-packages\fastapi\routing.py", line 278, in app
    raw_response = await run_endpoint_function(
                   ^^^^^^^^^^^^^^^^^^^^^^^^^^^^
  File "C:\Users\Admin\AppData\Roaming\Python\Python312\site-packages\fastapi\routing.py", line 191, in run_endpoint_function
    return await dependant.call(**values)
           ^^^^^^^^^^^^^^^^^^^^^^^^^^^^^^
  File "D:\Projects\Fast_API\pg-hostel-management\backend\app\routes\user.py", line 244, in login
    raise http_ex
  File "D:\Projects\Fast_API\pg-hostel-management\backend\app\routes\user.py", line 183, in login
    raise HTTPException(status_code=400, detail=auth_response['msg'])
fastapi.exceptions.HTTPException: 400: User not found.
ERROR 2024-11-02 10:05:01 root Error updating user details: (sqlalchemy.dialects.postgresql.asyncpg.IntegrityError) <class 'asyncpg.exceptions.UniqueViolationError'>: duplicate key value violates unique constraint "ix_users_email"
DETAIL:  Key (email)=(gopalsrinivas2.b@gmail.com) already exists.
[SQL: UPDATE users SET name=$1::VARCHAR, bio=$2::VARCHAR, email=$3::VARCHAR, mobile=$4::VARCHAR, updated_on=now() WHERE users.id = $5::INTEGER]
[parameters: ('Venkat Gopal', 'I am Pg owner1', 'gopalsrinivas2.b@gmail.com', '9234567891', 18)]
(Background on this error at: https://sqlalche.me/e/20/gkpj)
ERROR 2024-11-02 10:05:01 root Unexpected error: 500: Error updating user details
Traceback (most recent call last):
  File "C:\Users\Admin\AppData\Roaming\Python\Python312\site-packages\sqlalchemy\dialects\postgresql\asyncpg.py", line 538, in _prepare_and_execute
    self._rows = deque(await prepared_stmt.fetch(*parameters))
                       ^^^^^^^^^^^^^^^^^^^^^^^^^^^^^^^^^^^^^^
  File "C:\Users\Admin\AppData\Roaming\Python\Python312\site-packages\asyncpg\prepared_stmt.py", line 176, in fetch
    data = await self.__bind_execute(args, 0, timeout)
           ^^^^^^^^^^^^^^^^^^^^^^^^^^^^^^^^^^^^^^^^^^^
  File "C:\Users\Admin\AppData\Roaming\Python\Python312\site-packages\asyncpg\prepared_stmt.py", line 241, in __bind_execute
    data, status, _ = await self.__do_execute(
                      ^^^^^^^^^^^^^^^^^^^^^^^^
  File "C:\Users\Admin\AppData\Roaming\Python\Python312\site-packages\asyncpg\prepared_stmt.py", line 230, in __do_execute
    return await executor(protocol)
           ^^^^^^^^^^^^^^^^^^^^^^^^
  File "asyncpg\protocol\protocol.pyx", line 207, in bind_execute
asyncpg.exceptions.UniqueViolationError: duplicate key value violates unique constraint "ix_users_email"
DETAIL:  Key (email)=(gopalsrinivas2.b@gmail.com) already exists.

The above exception was the direct cause of the following exception:

Traceback (most recent call last):
  File "C:\Users\Admin\AppData\Roaming\Python\Python312\site-packages\sqlalchemy\engine\base.py", line 1967, in _exec_single_context
    self.dialect.do_execute(
  File "C:\Users\Admin\AppData\Roaming\Python\Python312\site-packages\sqlalchemy\engine\default.py", line 941, in do_execute
    cursor.execute(statement, parameters)
  File "C:\Users\Admin\AppData\Roaming\Python\Python312\site-packages\sqlalchemy\dialects\postgresql\asyncpg.py", line 572, in execute
    self._adapt_connection.await_(
  File "C:\Users\Admin\AppData\Roaming\Python\Python312\site-packages\sqlalchemy\util\_concurrency_py3k.py", line 132, in await_only
    return current.parent.switch(awaitable)  # type: ignore[no-any-return,attr-defined] # noqa: E501
           ^^^^^^^^^^^^^^^^^^^^^^^^^^^^^^^^
  File "C:\Users\Admin\AppData\Roaming\Python\Python312\site-packages\sqlalchemy\util\_concurrency_py3k.py", line 196, in greenlet_spawn
    value = await result
            ^^^^^^^^^^^^
  File "C:\Users\Admin\AppData\Roaming\Python\Python312\site-packages\sqlalchemy\dialects\postgresql\asyncpg.py", line 550, in _prepare_and_execute
    self._handle_exception(error)
  File "C:\Users\Admin\AppData\Roaming\Python\Python312\site-packages\sqlalchemy\dialects\postgresql\asyncpg.py", line 501, in _handle_exception
    self._adapt_connection._handle_exception(error)
  File "C:\Users\Admin\AppData\Roaming\Python\Python312\site-packages\sqlalchemy\dialects\postgresql\asyncpg.py", line 784, in _handle_exception
    raise translated_error from error
sqlalchemy.dialects.postgresql.asyncpg.AsyncAdapt_asyncpg_dbapi.IntegrityError: <class 'asyncpg.exceptions.UniqueViolationError'>: duplicate key value violates unique constraint "ix_users_email"
DETAIL:  Key (email)=(gopalsrinivas2.b@gmail.com) already exists.

The above exception was the direct cause of the following exception:

Traceback (most recent call last):
  File "D:\Projects\Fast_API\pg-hostel-management\backend\app\services\user.py", line 185, in update_user_details
    await db.commit()
  File "C:\Users\Admin\AppData\Roaming\Python\Python312\site-packages\sqlalchemy\ext\asyncio\session.py", line 1009, in commit
    await greenlet_spawn(self.sync_session.commit)
  File "C:\Users\Admin\AppData\Roaming\Python\Python312\site-packages\sqlalchemy\util\_concurrency_py3k.py", line 203, in greenlet_spawn
    result = context.switch(value)
             ^^^^^^^^^^^^^^^^^^^^^
  File "C:\Users\Admin\AppData\Roaming\Python\Python312\site-packages\sqlalchemy\orm\session.py", line 2028, in commit
    trans.commit(_to_root=True)
  File "<string>", line 2, in commit
  File "C:\Users\Admin\AppData\Roaming\Python\Python312\site-packages\sqlalchemy\orm\state_changes.py", line 139, in _go
    ret_value = fn(self, *arg, **kw)
                ^^^^^^^^^^^^^^^^^^^^
  File "C:\Users\Admin\AppData\Roaming\Python\Python312\site-packages\sqlalchemy\orm\session.py", line 1313, in commit
    self._prepare_impl()
  File "<string>", line 2, in _prepare_impl
  File "C:\Users\Admin\AppData\Roaming\Python\Python312\site-packages\sqlalchemy\orm\state_changes.py", line 139, in _go
    ret_value = fn(self, *arg, **kw)
                ^^^^^^^^^^^^^^^^^^^^
  File "C:\Users\Admin\AppData\Roaming\Python\Python312\site-packages\sqlalchemy\orm\session.py", line 1288, in _prepare_impl
    self.session.flush()
  File "C:\Users\Admin\AppData\Roaming\Python\Python312\site-packages\sqlalchemy\orm\session.py", line 4352, in flush
    self._flush(objects)
  File "C:\Users\Admin\AppData\Roaming\Python\Python312\site-packages\sqlalchemy\orm\session.py", line 4487, in _flush
    with util.safe_reraise():
  File "C:\Users\Admin\AppData\Roaming\Python\Python312\site-packages\sqlalchemy\util\langhelpers.py", line 146, in __exit__
    raise exc_value.with_traceback(exc_tb)
  File "C:\Users\Admin\AppData\Roaming\Python\Python312\site-packages\sqlalchemy\orm\session.py", line 4448, in _flush
    flush_context.execute()
  File "C:\Users\Admin\AppData\Roaming\Python\Python312\site-packages\sqlalchemy\orm\unitofwork.py", line 466, in execute
    rec.execute(self)
  File "C:\Users\Admin\AppData\Roaming\Python\Python312\site-packages\sqlalchemy\orm\unitofwork.py", line 642, in execute
    util.preloaded.orm_persistence.save_obj(
  File "C:\Users\Admin\AppData\Roaming\Python\Python312\site-packages\sqlalchemy\orm\persistence.py", line 85, in save_obj
    _emit_update_statements(
  File "C:\Users\Admin\AppData\Roaming\Python\Python312\site-packages\sqlalchemy\orm\persistence.py", line 912, in _emit_update_statements
    c = connection.execute(
        ^^^^^^^^^^^^^^^^^^^
  File "C:\Users\Admin\AppData\Roaming\Python\Python312\site-packages\sqlalchemy\engine\base.py", line 1418, in execute
    return meth(
           ^^^^^
  File "C:\Users\Admin\AppData\Roaming\Python\Python312\site-packages\sqlalchemy\sql\elements.py", line 515, in _execute_on_connection
    return connection._execute_clauseelement(
           ^^^^^^^^^^^^^^^^^^^^^^^^^^^^^^^^^^
  File "C:\Users\Admin\AppData\Roaming\Python\Python312\site-packages\sqlalchemy\engine\base.py", line 1640, in _execute_clauseelement
    ret = self._execute_context(
          ^^^^^^^^^^^^^^^^^^^^^^
  File "C:\Users\Admin\AppData\Roaming\Python\Python312\site-packages\sqlalchemy\engine\base.py", line 1846, in _execute_context
    return self._exec_single_context(
           ^^^^^^^^^^^^^^^^^^^^^^^^^^
  File "C:\Users\Admin\AppData\Roaming\Python\Python312\site-packages\sqlalchemy\engine\base.py", line 1986, in _exec_single_context
    self._handle_dbapi_exception(
  File "C:\Users\Admin\AppData\Roaming\Python\Python312\site-packages\sqlalchemy\engine\base.py", line 2355, in _handle_dbapi_exception
    raise sqlalchemy_exception.with_traceback(exc_info[2]) from e
  File "C:\Users\Admin\AppData\Roaming\Python\Python312\site-packages\sqlalchemy\engine\base.py", line 1967, in _exec_single_context
    self.dialect.do_execute(
  File "C:\Users\Admin\AppData\Roaming\Python\Python312\site-packages\sqlalchemy\engine\default.py", line 941, in do_execute
    cursor.execute(statement, parameters)
  File "C:\Users\Admin\AppData\Roaming\Python\Python312\site-packages\sqlalchemy\dialects\postgresql\asyncpg.py", line 572, in execute
    self._adapt_connection.await_(
  File "C:\Users\Admin\AppData\Roaming\Python\Python312\site-packages\sqlalchemy\util\_concurrency_py3k.py", line 132, in await_only
    return current.parent.switch(awaitable)  # type: ignore[no-any-return,attr-defined] # noqa: E501
           ^^^^^^^^^^^^^^^^^^^^^^^^^^^^^^^^
  File "C:\Users\Admin\AppData\Roaming\Python\Python312\site-packages\sqlalchemy\util\_concurrency_py3k.py", line 196, in greenlet_spawn
    value = await result
            ^^^^^^^^^^^^
  File "C:\Users\Admin\AppData\Roaming\Python\Python312\site-packages\sqlalchemy\dialects\postgresql\asyncpg.py", line 550, in _prepare_and_execute
    self._handle_exception(error)
  File "C:\Users\Admin\AppData\Roaming\Python\Python312\site-packages\sqlalchemy\dialects\postgresql\asyncpg.py", line 501, in _handle_exception
    self._adapt_connection._handle_exception(error)
  File "C:\Users\Admin\AppData\Roaming\Python\Python312\site-packages\sqlalchemy\dialects\postgresql\asyncpg.py", line 784, in _handle_exception
    raise translated_error from error
sqlalchemy.exc.IntegrityError: (sqlalchemy.dialects.postgresql.asyncpg.IntegrityError) <class 'asyncpg.exceptions.UniqueViolationError'>: duplicate key value violates unique constraint "ix_users_email"
DETAIL:  Key (email)=(gopalsrinivas2.b@gmail.com) already exists.
[SQL: UPDATE users SET name=$1::VARCHAR, bio=$2::VARCHAR, email=$3::VARCHAR, mobile=$4::VARCHAR, updated_on=now() WHERE users.id = $5::INTEGER]
[parameters: ('Venkat Gopal', 'I am Pg owner1', 'gopalsrinivas2.b@gmail.com', '9234567891', 18)]
(Background on this error at: https://sqlalche.me/e/20/gkpj)

During handling of the above exception, another exception occurred:

Traceback (most recent call last):
  File "D:\Projects\Fast_API\pg-hostel-management\backend\app\core\database.py", line 23, in get_db
    yield session
  File "C:\Users\Admin\AppData\Roaming\Python\Python312\site-packages\fastapi\routing.py", line 278, in app
    raw_response = await run_endpoint_function(
                   ^^^^^^^^^^^^^^^^^^^^^^^^^^^^
  File "C:\Users\Admin\AppData\Roaming\Python\Python312\site-packages\fastapi\routing.py", line 191, in run_endpoint_function
    return await dependant.call(**values)
           ^^^^^^^^^^^^^^^^^^^^^^^^^^^^^^
  File "D:\Projects\Fast_API\pg-hostel-management\backend\app\routes\user.py", line 307, in update_authenticated_user
    updated_user = await update_user_details(db, current_user.user_id, user_data, file=profile_image)
                   ^^^^^^^^^^^^^^^^^^^^^^^^^^^^^^^^^^^^^^^^^^^^^^^^^^^^^^^^^^^^^^^^^^^^^^^^^^^^^^^^^^
  File "D:\Projects\Fast_API\pg-hostel-management\backend\app\services\user.py", line 193, in update_user_details
    raise HTTPException(status_code=500, detail="Error updating user details")
fastapi.exceptions.HTTPException: 500: Error updating user details
ERROR 2024-11-02 10:16:47 app.core.logging This is an error message
ERROR 2024-11-02 10:17:18 app.core.logging This is an error message
ERROR 2024-11-02 10:18:13 app.core.logging This is an error message
ERROR 2024-11-02 10:18:24 app.core.logging This is an error message
ERROR 2024-11-02 10:18:30 app.core.logging This is an error message
ERROR 2024-11-02 10:18:37 app.core.logging This is an error message
ERROR 2024-11-02 10:20:57 app.core.logging This is an error message
ERROR 2024-11-02 10:21:51 app.core.logging This is an error message
ERROR 2024-11-02 10:22:07 app.core.logging This is an error message
ERROR 2024-11-02 10:24:08 app.core.logging This is an error message
ERROR 2024-11-02 10:24:13 app.core.logging This is an error message
ERROR 2024-11-02 10:33:05 app.core.logging This is an error message
ERROR 2024-11-02 10:33:42 app.core.logging This is an error message
ERROR 2024-11-02 10:33:49 app.core.logging This is an error message
ERROR 2024-11-02 10:34:14 app.core.logging This is an error message
ERROR 2024-11-02 10:34:47 app.core.logging This is an error message
ERROR 2024-11-02 10:36:01 app.core.logging This is an error message
ERROR 2024-11-02 10:36:13 app.core.logging This is an error message
ERROR 2024-11-02 10:36:19 app.core.logging This is an error message
ERROR 2024-11-02 10:36:33 app.core.logging This is an error message
ERROR 2024-11-02 10:44:19 app.core.logging This is an error message
ERROR 2024-11-02 10:45:10 app.core.logging This is an error message
ERROR 2024-11-02 10:53:46 app.core.logging This is an error message
ERROR 2024-11-02 10:54:01 app.core.logging This is an error message
ERROR 2024-11-02 10:54:06 app.core.logging This is an error message
ERROR 2024-11-02 11:02:38 root Uploaded file size exceeds 1MB.
ERROR 2024-11-02 11:02:38 root Error updating user details: 400: Uploaded file size exceeds 1MB.
ERROR 2024-11-02 11:02:38 root Unexpected error: 500: Error updating user details
Traceback (most recent call last):
  File "D:\Projects\Fast_API\pg-hostel-management\backend\app\services\user.py", line 190, in update_user_details
    raise HTTPException(
fastapi.exceptions.HTTPException: 400: Uploaded file size exceeds 1MB.

During handling of the above exception, another exception occurred:

Traceback (most recent call last):
  File "D:\Projects\Fast_API\pg-hostel-management\backend\app\core\database.py", line 23, in get_db
    yield session
  File "C:\Users\Admin\AppData\Roaming\Python\Python312\site-packages\fastapi\routing.py", line 278, in app
    raw_response = await run_endpoint_function(
                   ^^^^^^^^^^^^^^^^^^^^^^^^^^^^
  File "C:\Users\Admin\AppData\Roaming\Python\Python312\site-packages\fastapi\routing.py", line 191, in run_endpoint_function
    return await dependant.call(**values)
           ^^^^^^^^^^^^^^^^^^^^^^^^^^^^^^
  File "D:\Projects\Fast_API\pg-hostel-management\backend\app\routes\user.py", line 319, in update_authenticated_user
    updated_user = await update_user_details(db, current_user.user_id, user_data, file=profile_image)
                   ^^^^^^^^^^^^^^^^^^^^^^^^^^^^^^^^^^^^^^^^^^^^^^^^^^^^^^^^^^^^^^^^^^^^^^^^^^^^^^^^^^
  File "D:\Projects\Fast_API\pg-hostel-management\backend\app\services\user.py", line 229, in update_user_details
    raise HTTPException(
fastapi.exceptions.HTTPException: 500: Error updating user details
ERROR 2024-11-02 11:07:21 app.core.logging This is an error message
ERROR 2024-11-02 11:07:37 app.core.logging This is an error message
ERROR 2024-11-02 11:07:40 app.core.logging This is an error message
ERROR 2024-11-02 11:07:45 app.core.logging This is an error message
ERROR 2024-11-02 11:07:47 root Uploaded file size exceeds 1MB.
ERROR 2024-11-02 11:07:47 root Error updating user details: 400: Uploaded file size exceeds 1MB.
ERROR 2024-11-02 11:07:47 root HTTP error occurred: Error updating user details
ERROR 2024-11-02 11:07:47 root Unexpected error: 500: Error updating user details
Traceback (most recent call last):
  File "D:\Projects\Fast_API\pg-hostel-management\backend\app\services\user.py", line 189, in update_user_details
    raise HTTPException(status_code=400, detail="Uploaded file size exceeds 1MB.")
fastapi.exceptions.HTTPException: 400: Uploaded file size exceeds 1MB.

During handling of the above exception, another exception occurred:

Traceback (most recent call last):
  File "D:\Projects\Fast_API\pg-hostel-management\backend\app\core\database.py", line 23, in get_db
    yield session
  File "C:\Users\Admin\AppData\Roaming\Python\Python312\site-packages\fastapi\routing.py", line 278, in app
    raw_response = await run_endpoint_function(
                   ^^^^^^^^^^^^^^^^^^^^^^^^^^^^
  File "C:\Users\Admin\AppData\Roaming\Python\Python312\site-packages\fastapi\routing.py", line 191, in run_endpoint_function
    return await dependant.call(**values)
           ^^^^^^^^^^^^^^^^^^^^^^^^^^^^^^
  File "D:\Projects\Fast_API\pg-hostel-management\backend\app\routes\user.py", line 320, in update_authenticated_user
    updated_user = await update_user_details(db, current_user.user_id, user_data, file=profile_image)
                   ^^^^^^^^^^^^^^^^^^^^^^^^^^^^^^^^^^^^^^^^^^^^^^^^^^^^^^^^^^^^^^^^^^^^^^^^^^^^^^^^^^
  File "D:\Projects\Fast_API\pg-hostel-management\backend\app\services\user.py", line 225, in update_user_details
    raise HTTPException(status_code=500, detail="Error updating user details")
fastapi.exceptions.HTTPException: 500: Error updating user details
ERROR 2024-11-02 11:07:50 root Uploaded file size exceeds 1MB.
ERROR 2024-11-02 11:07:50 root Error updating user details: 400: Uploaded file size exceeds 1MB.
ERROR 2024-11-02 11:07:50 root HTTP error occurred: Error updating user details
ERROR 2024-11-02 11:07:50 root Unexpected error: 500: Error updating user details
Traceback (most recent call last):
  File "D:\Projects\Fast_API\pg-hostel-management\backend\app\services\user.py", line 189, in update_user_details
    raise HTTPException(status_code=400, detail="Uploaded file size exceeds 1MB.")
fastapi.exceptions.HTTPException: 400: Uploaded file size exceeds 1MB.

During handling of the above exception, another exception occurred:

Traceback (most recent call last):
  File "D:\Projects\Fast_API\pg-hostel-management\backend\app\core\database.py", line 23, in get_db
    yield session
  File "C:\Users\Admin\AppData\Roaming\Python\Python312\site-packages\fastapi\routing.py", line 278, in app
    raw_response = await run_endpoint_function(
                   ^^^^^^^^^^^^^^^^^^^^^^^^^^^^
  File "C:\Users\Admin\AppData\Roaming\Python\Python312\site-packages\fastapi\routing.py", line 191, in run_endpoint_function
    return await dependant.call(**values)
           ^^^^^^^^^^^^^^^^^^^^^^^^^^^^^^
  File "D:\Projects\Fast_API\pg-hostel-management\backend\app\routes\user.py", line 320, in update_authenticated_user
    updated_user = await update_user_details(db, current_user.user_id, user_data, file=profile_image)
                   ^^^^^^^^^^^^^^^^^^^^^^^^^^^^^^^^^^^^^^^^^^^^^^^^^^^^^^^^^^^^^^^^^^^^^^^^^^^^^^^^^^
  File "D:\Projects\Fast_API\pg-hostel-management\backend\app\services\user.py", line 225, in update_user_details
    raise HTTPException(status_code=500, detail="Error updating user details")
fastapi.exceptions.HTTPException: 500: Error updating user details
ERROR 2024-11-02 11:09:40 app.core.logging This is an error message
ERROR 2024-11-02 11:09:54 app.core.logging This is an error message
ERROR 2024-11-02 11:10:03 app.core.logging This is an error message
ERROR 2024-11-02 11:10:08 app.core.logging This is an error message
ERROR 2024-11-02 11:10:13 root Uploaded file size exceeds 1MB.
ERROR 2024-11-02 11:10:13 root HTTP error occurred: Uploaded file size exceeds 1MB.
ERROR 2024-11-02 11:10:13 root Error updating user details: Uploaded file size exceeds 1MB.
ERROR 2024-11-02 11:10:13 root Unexpected error: 400: Uploaded file size exceeds 1MB.
Traceback (most recent call last):
  File "D:\Projects\Fast_API\pg-hostel-management\backend\app\core\database.py", line 23, in get_db
    yield session
  File "C:\Users\Admin\AppData\Roaming\Python\Python312\site-packages\fastapi\routing.py", line 278, in app
    raw_response = await run_endpoint_function(
                   ^^^^^^^^^^^^^^^^^^^^^^^^^^^^
  File "C:\Users\Admin\AppData\Roaming\Python\Python312\site-packages\fastapi\routing.py", line 191, in run_endpoint_function
    return await dependant.call(**values)
           ^^^^^^^^^^^^^^^^^^^^^^^^^^^^^^
  File "D:\Projects\Fast_API\pg-hostel-management\backend\app\routes\user.py", line 346, in update_authenticated_user
    raise ex  # Re-raise to return proper HTTP status code
    ^^^^^^^^
  File "D:\Projects\Fast_API\pg-hostel-management\backend\app\routes\user.py", line 320, in update_authenticated_user
    updated_user = await update_user_details(db, current_user.user_id, user_data, file=profile_image)
                   ^^^^^^^^^^^^^^^^^^^^^^^^^^^^^^^^^^^^^^^^^^^^^^^^^^^^^^^^^^^^^^^^^^^^^^^^^^^^^^^^^^
  File "D:\Projects\Fast_API\pg-hostel-management\backend\app\services\user.py", line 228, in update_user_details
    raise http_ex  # Re-raise HTTP exceptions to handle them at the API level
    ^^^^^^^^^^^^^
  File "D:\Projects\Fast_API\pg-hostel-management\backend\app\services\user.py", line 190, in update_user_details
    raise HTTPException(
fastapi.exceptions.HTTPException: 400: Uploaded file size exceeds 1MB.
ERROR 2024-11-02 11:12:05 app.core.logging This is an error message
ERROR 2024-11-02 11:12:10 app.core.logging This is an error message
ERROR 2024-11-02 11:12:23 app.core.logging This is an error message
ERROR 2024-11-02 11:12:34 app.core.logging This is an error message
ERROR 2024-11-02 11:13:02 app.core.logging This is an error message
ERROR 2024-11-02 11:13:08 app.core.logging This is an error message
ERROR 2024-11-02 11:14:33 app.core.logging This is an error message
ERROR 2024-11-02 11:14:42 app.core.logging This is an error message
ERROR 2024-11-02 11:14:49 app.core.logging This is an error message
ERROR 2024-11-02 11:15:08 app.core.logging This is an error message
ERROR 2024-11-02 11:15:31 app.core.logging This is an error message
ERROR 2024-11-02 11:15:45 app.core.logging This is an error message
ERROR 2024-11-02 11:16:16 app.core.logging This is an error message
ERROR 2024-11-02 11:23:46 app.core.logging This is an error message
ERROR 2024-11-02 11:24:15 app.core.logging This is an error message
ERROR 2024-11-02 11:24:40 app.core.logging This is an error message
ERROR 2024-11-02 11:24:45 app.core.logging This is an error message
ERROR 2024-11-02 11:24:58 app.core.logging This is an error message
ERROR 2024-11-02 11:25:53 app.core.logging This is an error message
ERROR 2024-11-02 11:26:26 app.core.logging This is an error message
ERROR 2024-11-02 11:27:19 app.core.logging This is an error message
ERROR 2024-11-02 11:27:32 root Profile image is required but not provided.
ERROR 2024-11-02 11:27:32 root Unexpected error: 400: Profile image is required
Traceback (most recent call last):
  File "D:\Projects\Fast_API\pg-hostel-management\backend\app\core\database.py", line 23, in get_db
    yield session
  File "C:\Users\Admin\AppData\Roaming\Python\Python312\site-packages\fastapi\routing.py", line 278, in app
    raw_response = await run_endpoint_function(
                   ^^^^^^^^^^^^^^^^^^^^^^^^^^^^
  File "C:\Users\Admin\AppData\Roaming\Python\Python312\site-packages\fastapi\routing.py", line 191, in run_endpoint_function
    return await dependant.call(**values)
           ^^^^^^^^^^^^^^^^^^^^^^^^^^^^^^
  File "D:\Projects\Fast_API\pg-hostel-management\backend\app\routes\user.py", line 304, in update_authenticated_user
    raise HTTPException(status_code=400, detail="Profile image is required")
fastapi.exceptions.HTTPException: 400: Profile image is required
ERROR 2024-11-02 11:31:12 root Unexpected error: 401: Token has expired, please login again.
Traceback (most recent call last):
  File "D:\Projects\Fast_API\pg-hostel-management\backend\app\core\security.py", line 105, in get_current_user
    payload = jwt.decode(token, SECRET_KEY, algorithms=[ALGORITHM])
              ^^^^^^^^^^^^^^^^^^^^^^^^^^^^^^^^^^^^^^^^^^^^^^^^^^^^^
  File "C:\Users\Admin\AppData\Roaming\Python\Python312\site-packages\jose\jwt.py", line 157, in decode
    _validate_claims(
  File "C:\Users\Admin\AppData\Roaming\Python\Python312\site-packages\jose\jwt.py", line 481, in _validate_claims
    _validate_exp(claims, leeway=leeway)
  File "C:\Users\Admin\AppData\Roaming\Python\Python312\site-packages\jose\jwt.py", line 314, in _validate_exp
    raise ExpiredSignatureError("Signature has expired.")
jose.exceptions.ExpiredSignatureError: Signature has expired.

During handling of the above exception, another exception occurred:

Traceback (most recent call last):
  File "D:\Projects\Fast_API\pg-hostel-management\backend\app\core\database.py", line 23, in get_db
    yield session
  File "C:\Users\Admin\AppData\Roaming\Python\Python312\site-packages\fastapi\routing.py", line 269, in app
    solved_result = await solve_dependencies(
                    ^^^^^^^^^^^^^^^^^^^^^^^^^
  File "C:\Users\Admin\AppData\Roaming\Python\Python312\site-packages\fastapi\dependencies\utils.py", line 600, in solve_dependencies
    solved = await call(**sub_values)
             ^^^^^^^^^^^^^^^^^^^^^^^^
  File "D:\Projects\Fast_API\pg-hostel-management\backend\app\core\security.py", line 136, in get_current_user
    raise HTTPException(
fastapi.exceptions.HTTPException: 401: Token has expired, please login again.
ERROR 2024-11-02 11:36:49 app.core.logging This is an error message
ERROR 2024-11-02 11:36:53 app.core.logging This is an error message
ERROR 2024-11-02 11:37:06 app.core.logging This is an error message
ERROR 2024-11-02 11:37:12 app.core.logging This is an error message
ERROR 2024-11-02 11:37:22 app.core.logging This is an error message
ERROR 2024-11-02 11:37:26 app.core.logging This is an error message
ERROR 2024-11-02 11:37:40 app.core.logging This is an error message
ERROR 2024-11-02 11:38:17 app.core.logging This is an error message
ERROR 2024-11-02 11:38:20 root Error fetching authenticated user details: name 'updated_user' is not defined
ERROR 2024-11-02 11:38:20 root Unexpected error: 500: Internal Server Error
Traceback (most recent call last):
  File "D:\Projects\Fast_API\pg-hostel-management\backend\app\routes\user.py", line 260, in get_authenticated_user
    profile_image_url = f"{request.base_url}media/profile_images/{updated_user.profile_image}"
                                                                  ^^^^^^^^^^^^
NameError: name 'updated_user' is not defined. Did you mean: 'create_user'?

During handling of the above exception, another exception occurred:

Traceback (most recent call last):
  File "D:\Projects\Fast_API\pg-hostel-management\backend\app\core\database.py", line 23, in get_db
    yield session
  File "C:\Users\Admin\AppData\Roaming\Python\Python312\site-packages\fastapi\routing.py", line 278, in app
    raw_response = await run_endpoint_function(
                   ^^^^^^^^^^^^^^^^^^^^^^^^^^^^
  File "C:\Users\Admin\AppData\Roaming\Python\Python312\site-packages\fastapi\routing.py", line 191, in run_endpoint_function
    return await dependant.call(**values)
           ^^^^^^^^^^^^^^^^^^^^^^^^^^^^^^
  File "D:\Projects\Fast_API\pg-hostel-management\backend\app\routes\user.py", line 287, in get_authenticated_user
    raise HTTPException(status_code=500, detail="Internal Server Error")
fastapi.exceptions.HTTPException: 500: Internal Server Error
ERROR 2024-11-02 11:38:24 root Error fetching authenticated user details: name 'updated_user' is not defined
ERROR 2024-11-02 11:38:24 root Unexpected error: 500: Internal Server Error
Traceback (most recent call last):
  File "D:\Projects\Fast_API\pg-hostel-management\backend\app\routes\user.py", line 260, in get_authenticated_user
    profile_image_url = f"{request.base_url}media/profile_images/{updated_user.profile_image}"
                                                                  ^^^^^^^^^^^^
NameError: name 'updated_user' is not defined. Did you mean: 'create_user'?

During handling of the above exception, another exception occurred:

Traceback (most recent call last):
  File "D:\Projects\Fast_API\pg-hostel-management\backend\app\core\database.py", line 23, in get_db
    yield session
  File "C:\Users\Admin\AppData\Roaming\Python\Python312\site-packages\fastapi\routing.py", line 278, in app
    raw_response = await run_endpoint_function(
                   ^^^^^^^^^^^^^^^^^^^^^^^^^^^^
  File "C:\Users\Admin\AppData\Roaming\Python\Python312\site-packages\fastapi\routing.py", line 191, in run_endpoint_function
    return await dependant.call(**values)
           ^^^^^^^^^^^^^^^^^^^^^^^^^^^^^^
  File "D:\Projects\Fast_API\pg-hostel-management\backend\app\routes\user.py", line 287, in get_authenticated_user
    raise HTTPException(status_code=500, detail="Internal Server Error")
fastapi.exceptions.HTTPException: 500: Internal Server Error
ERROR 2024-11-02 11:38:26 root Error fetching authenticated user details: name 'updated_user' is not defined
ERROR 2024-11-02 11:38:26 root Unexpected error: 500: Internal Server Error
Traceback (most recent call last):
  File "D:\Projects\Fast_API\pg-hostel-management\backend\app\routes\user.py", line 260, in get_authenticated_user
    profile_image_url = f"{request.base_url}media/profile_images/{updated_user.profile_image}"
                                                                  ^^^^^^^^^^^^
NameError: name 'updated_user' is not defined. Did you mean: 'create_user'?

During handling of the above exception, another exception occurred:

Traceback (most recent call last):
  File "D:\Projects\Fast_API\pg-hostel-management\backend\app\core\database.py", line 23, in get_db
    yield session
  File "C:\Users\Admin\AppData\Roaming\Python\Python312\site-packages\fastapi\routing.py", line 278, in app
    raw_response = await run_endpoint_function(
                   ^^^^^^^^^^^^^^^^^^^^^^^^^^^^
  File "C:\Users\Admin\AppData\Roaming\Python\Python312\site-packages\fastapi\routing.py", line 191, in run_endpoint_function
    return await dependant.call(**values)
           ^^^^^^^^^^^^^^^^^^^^^^^^^^^^^^
  File "D:\Projects\Fast_API\pg-hostel-management\backend\app\routes\user.py", line 287, in get_authenticated_user
    raise HTTPException(status_code=500, detail="Internal Server Error")
fastapi.exceptions.HTTPException: 500: Internal Server Error
ERROR 2024-11-02 11:38:28 root Error fetching authenticated user details: name 'updated_user' is not defined
ERROR 2024-11-02 11:38:28 root Unexpected error: 500: Internal Server Error
Traceback (most recent call last):
  File "D:\Projects\Fast_API\pg-hostel-management\backend\app\routes\user.py", line 260, in get_authenticated_user
    profile_image_url = f"{request.base_url}media/profile_images/{updated_user.profile_image}"
                                                                  ^^^^^^^^^^^^
NameError: name 'updated_user' is not defined. Did you mean: 'create_user'?

During handling of the above exception, another exception occurred:

Traceback (most recent call last):
  File "D:\Projects\Fast_API\pg-hostel-management\backend\app\core\database.py", line 23, in get_db
    yield session
  File "C:\Users\Admin\AppData\Roaming\Python\Python312\site-packages\fastapi\routing.py", line 278, in app
    raw_response = await run_endpoint_function(
                   ^^^^^^^^^^^^^^^^^^^^^^^^^^^^
  File "C:\Users\Admin\AppData\Roaming\Python\Python312\site-packages\fastapi\routing.py", line 191, in run_endpoint_function
    return await dependant.call(**values)
           ^^^^^^^^^^^^^^^^^^^^^^^^^^^^^^
  File "D:\Projects\Fast_API\pg-hostel-management\backend\app\routes\user.py", line 287, in get_authenticated_user
    raise HTTPException(status_code=500, detail="Internal Server Error")
fastapi.exceptions.HTTPException: 500: Internal Server Error
ERROR 2024-11-02 11:38:30 root Error fetching authenticated user details: name 'updated_user' is not defined
ERROR 2024-11-02 11:38:30 root Unexpected error: 500: Internal Server Error
Traceback (most recent call last):
  File "D:\Projects\Fast_API\pg-hostel-management\backend\app\routes\user.py", line 260, in get_authenticated_user
    profile_image_url = f"{request.base_url}media/profile_images/{updated_user.profile_image}"
                                                                  ^^^^^^^^^^^^
NameError: name 'updated_user' is not defined. Did you mean: 'create_user'?

During handling of the above exception, another exception occurred:

Traceback (most recent call last):
  File "D:\Projects\Fast_API\pg-hostel-management\backend\app\core\database.py", line 23, in get_db
    yield session
  File "C:\Users\Admin\AppData\Roaming\Python\Python312\site-packages\fastapi\routing.py", line 278, in app
    raw_response = await run_endpoint_function(
                   ^^^^^^^^^^^^^^^^^^^^^^^^^^^^
  File "C:\Users\Admin\AppData\Roaming\Python\Python312\site-packages\fastapi\routing.py", line 191, in run_endpoint_function
    return await dependant.call(**values)
           ^^^^^^^^^^^^^^^^^^^^^^^^^^^^^^
  File "D:\Projects\Fast_API\pg-hostel-management\backend\app\routes\user.py", line 287, in get_authenticated_user
    raise HTTPException(status_code=500, detail="Internal Server Error")
fastapi.exceptions.HTTPException: 500: Internal Server Error
ERROR 2024-11-02 11:38:43 app.core.logging This is an error message
ERROR 2024-11-02 11:38:50 app.core.logging This is an error message
ERROR 2024-11-02 11:38:54 root Error fetching authenticated user details: name 'request' is not defined
ERROR 2024-11-02 11:38:54 root Unexpected error: 500: Internal Server Error
Traceback (most recent call last):
  File "D:\Projects\Fast_API\pg-hostel-management\backend\app\routes\user.py", line 259, in get_authenticated_user
    profile_image_url = f"{request.base_url}media/profile_images/{updated_user.profile_image}"
                           ^^^^^^^
NameError: name 'request' is not defined. Did you mean: 'Request'?

During handling of the above exception, another exception occurred:

Traceback (most recent call last):
  File "D:\Projects\Fast_API\pg-hostel-management\backend\app\core\database.py", line 23, in get_db
    yield session
  File "C:\Users\Admin\AppData\Roaming\Python\Python312\site-packages\fastapi\routing.py", line 278, in app
    raw_response = await run_endpoint_function(
                   ^^^^^^^^^^^^^^^^^^^^^^^^^^^^
  File "C:\Users\Admin\AppData\Roaming\Python\Python312\site-packages\fastapi\routing.py", line 191, in run_endpoint_function
    return await dependant.call(**values)
           ^^^^^^^^^^^^^^^^^^^^^^^^^^^^^^
  File "D:\Projects\Fast_API\pg-hostel-management\backend\app\routes\user.py", line 286, in get_authenticated_user
    raise HTTPException(status_code=500, detail="Internal Server Error")
fastapi.exceptions.HTTPException: 500: Internal Server Error
ERROR 2024-11-02 11:39:06 app.core.logging This is an error message
ERROR 2024-11-02 11:41:36 app.core.logging This is an error message
ERROR 2024-11-02 11:41:43 app.core.logging This is an error message
ERROR 2024-11-02 11:42:02 app.core.logging This is an error message
ERROR 2024-11-02 11:42:16 root Error fetching authenticated user details: name 'request' is not defined
ERROR 2024-11-02 11:42:16 root Unexpected error: 500: Internal Server Error
Traceback (most recent call last):
  File "D:\Projects\Fast_API\pg-hostel-management\backend\app\routes\user.py", line 261, in get_authenticated_user
    profile_image_url = f"{request.base_url}media/profile_images/{user_details.profile_image}" if user_details.profile_image else None
                           ^^^^^^^
NameError: name 'request' is not defined. Did you mean: 'Request'?

During handling of the above exception, another exception occurred:

Traceback (most recent call last):
  File "D:\Projects\Fast_API\pg-hostel-management\backend\app\core\database.py", line 23, in get_db
    yield session
  File "C:\Users\Admin\AppData\Roaming\Python\Python312\site-packages\fastapi\routing.py", line 278, in app
    raw_response = await run_endpoint_function(
                   ^^^^^^^^^^^^^^^^^^^^^^^^^^^^
  File "C:\Users\Admin\AppData\Roaming\Python\Python312\site-packages\fastapi\routing.py", line 191, in run_endpoint_function
    return await dependant.call(**values)
           ^^^^^^^^^^^^^^^^^^^^^^^^^^^^^^
  File "D:\Projects\Fast_API\pg-hostel-management\backend\app\routes\user.py", line 287, in get_authenticated_user
    raise HTTPException(status_code=500, detail="Internal Server Error")
fastapi.exceptions.HTTPException: 500: Internal Server Error
ERROR 2024-11-02 11:43:18 app.core.logging This is an error message
ERROR 2024-11-02 11:43:24 app.core.logging This is an error message
ERROR 2024-11-02 11:43:38 app.core.logging This is an error message
ERROR 2024-11-02 11:43:48 app.core.logging This is an error message
ERROR 2024-11-02 12:39:29 app.core.logging This is an error message
ERROR 2024-11-02 12:39:38 app.core.logging This is an error message
ERROR 2024-11-02 12:56:25 app.core.logging This is an error message
ERROR 2024-11-02 12:58:29 app.core.logging This is an error message
ERROR 2024-11-02 13:01:24 app.core.logging This is an error message
ERROR 2024-11-02 13:01:32 app.core.logging This is an error message
ERROR 2024-11-02 18:09:11 root Internal server error: Multiple exceptions: [Errno 10061] Connect call failed ('::1', 5432, 0, 0), [Errno 10061] Connect call failed ('127.0.0.1', 5432)
ERROR 2024-11-02 18:09:11 root Unexpected error: 500: Internal Server Error
Traceback (most recent call last):
  File "D:\Projects\Fast_API\pg-hostel-management\backend\app\core\security.py", line 116, in get_current_user
    result = await db.execute(select(User).filter(User.user_id == user_id))
             ^^^^^^^^^^^^^^^^^^^^^^^^^^^^^^^^^^^^^^^^^^^^^^^^^^^^^^^^^^^^^^
  File "C:\Users\Admin\AppData\Roaming\Python\Python312\site-packages\sqlalchemy\ext\asyncio\session.py", line 461, in execute
    result = await greenlet_spawn(
             ^^^^^^^^^^^^^^^^^^^^^
  File "C:\Users\Admin\AppData\Roaming\Python\Python312\site-packages\sqlalchemy\util\_concurrency_py3k.py", line 201, in greenlet_spawn
    result = context.throw(*sys.exc_info())
             ^^^^^^^^^^^^^^^^^^^^^^^^^^^^^^
  File "C:\Users\Admin\AppData\Roaming\Python\Python312\site-packages\sqlalchemy\orm\session.py", line 2362, in execute
    return self._execute_internal(
           ^^^^^^^^^^^^^^^^^^^^^^^
  File "C:\Users\Admin\AppData\Roaming\Python\Python312\site-packages\sqlalchemy\orm\session.py", line 2237, in _execute_internal
    conn = self._connection_for_bind(bind)
           ^^^^^^^^^^^^^^^^^^^^^^^^^^^^^^^
  File "C:\Users\Admin\AppData\Roaming\Python\Python312\site-packages\sqlalchemy\orm\session.py", line 2106, in _connection_for_bind
    return trans._connection_for_bind(engine, execution_options)
           ^^^^^^^^^^^^^^^^^^^^^^^^^^^^^^^^^^^^^^^^^^^^^^^^^^^^^
  File "<string>", line 2, in _connection_for_bind
  File "C:\Users\Admin\AppData\Roaming\Python\Python312\site-packages\sqlalchemy\orm\state_changes.py", line 139, in _go
    ret_value = fn(self, *arg, **kw)
                ^^^^^^^^^^^^^^^^^^^^
  File "C:\Users\Admin\AppData\Roaming\Python\Python312\site-packages\sqlalchemy\orm\session.py", line 1189, in _connection_for_bind
    conn = bind.connect()
           ^^^^^^^^^^^^^^
  File "C:\Users\Admin\AppData\Roaming\Python\Python312\site-packages\sqlalchemy\engine\base.py", line 3278, in connect
    return self._connection_cls(self)
           ^^^^^^^^^^^^^^^^^^^^^^^^^^
  File "C:\Users\Admin\AppData\Roaming\Python\Python312\site-packages\sqlalchemy\engine\base.py", line 146, in __init__
    self._dbapi_connection = engine.raw_connection()
                             ^^^^^^^^^^^^^^^^^^^^^^^
  File "C:\Users\Admin\AppData\Roaming\Python\Python312\site-packages\sqlalchemy\engine\base.py", line 3302, in raw_connection
    return self.pool.connect()
           ^^^^^^^^^^^^^^^^^^^
  File "C:\Users\Admin\AppData\Roaming\Python\Python312\site-packages\sqlalchemy\pool\base.py", line 449, in connect
    return _ConnectionFairy._checkout(self)
           ^^^^^^^^^^^^^^^^^^^^^^^^^^^^^^^^
  File "C:\Users\Admin\AppData\Roaming\Python\Python312\site-packages\sqlalchemy\pool\base.py", line 1263, in _checkout
    fairy = _ConnectionRecord.checkout(pool)
            ^^^^^^^^^^^^^^^^^^^^^^^^^^^^^^^^
  File "C:\Users\Admin\AppData\Roaming\Python\Python312\site-packages\sqlalchemy\pool\base.py", line 712, in checkout
    rec = pool._do_get()
          ^^^^^^^^^^^^^^
  File "C:\Users\Admin\AppData\Roaming\Python\Python312\site-packages\sqlalchemy\pool\impl.py", line 179, in _do_get
    with util.safe_reraise():
  File "C:\Users\Admin\AppData\Roaming\Python\Python312\site-packages\sqlalchemy\util\langhelpers.py", line 146, in __exit__
    raise exc_value.with_traceback(exc_tb)
  File "C:\Users\Admin\AppData\Roaming\Python\Python312\site-packages\sqlalchemy\pool\impl.py", line 177, in _do_get
    return self._create_connection()
           ^^^^^^^^^^^^^^^^^^^^^^^^^
  File "C:\Users\Admin\AppData\Roaming\Python\Python312\site-packages\sqlalchemy\pool\base.py", line 390, in _create_connection
    return _ConnectionRecord(self)
           ^^^^^^^^^^^^^^^^^^^^^^^
  File "C:\Users\Admin\AppData\Roaming\Python\Python312\site-packages\sqlalchemy\pool\base.py", line 674, in __init__
    self.__connect()
  File "C:\Users\Admin\AppData\Roaming\Python\Python312\site-packages\sqlalchemy\pool\base.py", line 900, in __connect
    with util.safe_reraise():
  File "C:\Users\Admin\AppData\Roaming\Python\Python312\site-packages\sqlalchemy\util\langhelpers.py", line 146, in __exit__
    raise exc_value.with_traceback(exc_tb)
  File "C:\Users\Admin\AppData\Roaming\Python\Python312\site-packages\sqlalchemy\pool\base.py", line 896, in __connect
    self.dbapi_connection = connection = pool._invoke_creator(self)
                                         ^^^^^^^^^^^^^^^^^^^^^^^^^^
  File "C:\Users\Admin\AppData\Roaming\Python\Python312\site-packages\sqlalchemy\engine\create.py", line 643, in connect
    return dialect.connect(*cargs, **cparams)
           ^^^^^^^^^^^^^^^^^^^^^^^^^^^^^^^^^^
  File "C:\Users\Admin\AppData\Roaming\Python\Python312\site-packages\sqlalchemy\engine\default.py", line 621, in connect
    return self.loaded_dbapi.connect(*cargs, **cparams)
           ^^^^^^^^^^^^^^^^^^^^^^^^^^^^^^^^^^^^^^^^^^^^
  File "C:\Users\Admin\AppData\Roaming\Python\Python312\site-packages\sqlalchemy\dialects\postgresql\asyncpg.py", line 953, in connect
    await_only(creator_fn(*arg, **kw)),
    ^^^^^^^^^^^^^^^^^^^^^^^^^^^^^^^^^^
  File "C:\Users\Admin\AppData\Roaming\Python\Python312\site-packages\sqlalchemy\util\_concurrency_py3k.py", line 132, in await_only
    return current.parent.switch(awaitable)  # type: ignore[no-any-return,attr-defined] # noqa: E501
           ^^^^^^^^^^^^^^^^^^^^^^^^^^^^^^^^
  File "C:\Users\Admin\AppData\Roaming\Python\Python312\site-packages\sqlalchemy\util\_concurrency_py3k.py", line 196, in greenlet_spawn
    value = await result
            ^^^^^^^^^^^^
  File "C:\Users\Admin\AppData\Roaming\Python\Python312\site-packages\asyncpg\connection.py", line 2329, in connect
    return await connect_utils._connect(
           ^^^^^^^^^^^^^^^^^^^^^^^^^^^^^
  File "C:\Users\Admin\AppData\Roaming\Python\Python312\site-packages\asyncpg\connect_utils.py", line 1017, in _connect
    raise last_error or exceptions.TargetServerAttributeNotMatched(
  File "C:\Users\Admin\AppData\Roaming\Python\Python312\site-packages\asyncpg\connect_utils.py", line 991, in _connect
    conn = await _connect_addr(
           ^^^^^^^^^^^^^^^^^^^^
  File "C:\Users\Admin\AppData\Roaming\Python\Python312\site-packages\asyncpg\connect_utils.py", line 828, in _connect_addr
    return await __connect_addr(params, True, *args)
           ^^^^^^^^^^^^^^^^^^^^^^^^^^^^^^^^^^^^^^^^^
  File "C:\Users\Admin\AppData\Roaming\Python\Python312\site-packages\asyncpg\connect_utils.py", line 873, in __connect_addr
    tr, pr = await connector
             ^^^^^^^^^^^^^^^
  File "C:\Users\Admin\AppData\Roaming\Python\Python312\site-packages\asyncpg\connect_utils.py", line 744, in _create_ssl_connection
    tr, pr = await loop.create_connection(
             ^^^^^^^^^^^^^^^^^^^^^^^^^^^^^
  File "D:\installed_software\anaconda3\envs\myenv3\Lib\asyncio\base_events.py", line 1130, in create_connection
    raise OSError('Multiple exceptions: {}'.format(
OSError: Multiple exceptions: [Errno 10061] Connect call failed ('::1', 5432, 0, 0), [Errno 10061] Connect call failed ('127.0.0.1', 5432)

During handling of the above exception, another exception occurred:

Traceback (most recent call last):
  File "D:\Projects\Fast_API\pg-hostel-management\backend\app\core\database.py", line 23, in get_db
    yield session
  File "C:\Users\Admin\AppData\Roaming\Python\Python312\site-packages\fastapi\routing.py", line 269, in app
    solved_result = await solve_dependencies(
                    ^^^^^^^^^^^^^^^^^^^^^^^^^
  File "C:\Users\Admin\AppData\Roaming\Python\Python312\site-packages\fastapi\dependencies\utils.py", line 600, in solve_dependencies
    solved = await call(**sub_values)
             ^^^^^^^^^^^^^^^^^^^^^^^^
  File "D:\Projects\Fast_API\pg-hostel-management\backend\app\core\security.py", line 145, in get_current_user
    raise HTTPException(status_code=500, detail="Internal Server Error")
fastapi.exceptions.HTTPException: 500: Internal Server Error
ERROR 2024-11-02 18:09:16 root Internal server error: Multiple exceptions: [Errno 10061] Connect call failed ('::1', 5432, 0, 0), [Errno 10061] Connect call failed ('127.0.0.1', 5432)
ERROR 2024-11-02 18:09:16 root Unexpected error: 500: Internal Server Error
Traceback (most recent call last):
  File "D:\Projects\Fast_API\pg-hostel-management\backend\app\core\security.py", line 116, in get_current_user
    result = await db.execute(select(User).filter(User.user_id == user_id))
             ^^^^^^^^^^^^^^^^^^^^^^^^^^^^^^^^^^^^^^^^^^^^^^^^^^^^^^^^^^^^^^
  File "C:\Users\Admin\AppData\Roaming\Python\Python312\site-packages\sqlalchemy\ext\asyncio\session.py", line 461, in execute
    result = await greenlet_spawn(
             ^^^^^^^^^^^^^^^^^^^^^
  File "C:\Users\Admin\AppData\Roaming\Python\Python312\site-packages\sqlalchemy\util\_concurrency_py3k.py", line 201, in greenlet_spawn
    result = context.throw(*sys.exc_info())
             ^^^^^^^^^^^^^^^^^^^^^^^^^^^^^^
  File "C:\Users\Admin\AppData\Roaming\Python\Python312\site-packages\sqlalchemy\orm\session.py", line 2362, in execute
    return self._execute_internal(
           ^^^^^^^^^^^^^^^^^^^^^^^
  File "C:\Users\Admin\AppData\Roaming\Python\Python312\site-packages\sqlalchemy\orm\session.py", line 2237, in _execute_internal
    conn = self._connection_for_bind(bind)
           ^^^^^^^^^^^^^^^^^^^^^^^^^^^^^^^
  File "C:\Users\Admin\AppData\Roaming\Python\Python312\site-packages\sqlalchemy\orm\session.py", line 2106, in _connection_for_bind
    return trans._connection_for_bind(engine, execution_options)
           ^^^^^^^^^^^^^^^^^^^^^^^^^^^^^^^^^^^^^^^^^^^^^^^^^^^^^
  File "<string>", line 2, in _connection_for_bind
  File "C:\Users\Admin\AppData\Roaming\Python\Python312\site-packages\sqlalchemy\orm\state_changes.py", line 139, in _go
    ret_value = fn(self, *arg, **kw)
                ^^^^^^^^^^^^^^^^^^^^
  File "C:\Users\Admin\AppData\Roaming\Python\Python312\site-packages\sqlalchemy\orm\session.py", line 1189, in _connection_for_bind
    conn = bind.connect()
           ^^^^^^^^^^^^^^
  File "C:\Users\Admin\AppData\Roaming\Python\Python312\site-packages\sqlalchemy\engine\base.py", line 3278, in connect
    return self._connection_cls(self)
           ^^^^^^^^^^^^^^^^^^^^^^^^^^
  File "C:\Users\Admin\AppData\Roaming\Python\Python312\site-packages\sqlalchemy\engine\base.py", line 146, in __init__
    self._dbapi_connection = engine.raw_connection()
                             ^^^^^^^^^^^^^^^^^^^^^^^
  File "C:\Users\Admin\AppData\Roaming\Python\Python312\site-packages\sqlalchemy\engine\base.py", line 3302, in raw_connection
    return self.pool.connect()
           ^^^^^^^^^^^^^^^^^^^
  File "C:\Users\Admin\AppData\Roaming\Python\Python312\site-packages\sqlalchemy\pool\base.py", line 449, in connect
    return _ConnectionFairy._checkout(self)
           ^^^^^^^^^^^^^^^^^^^^^^^^^^^^^^^^
  File "C:\Users\Admin\AppData\Roaming\Python\Python312\site-packages\sqlalchemy\pool\base.py", line 1263, in _checkout
    fairy = _ConnectionRecord.checkout(pool)
            ^^^^^^^^^^^^^^^^^^^^^^^^^^^^^^^^
  File "C:\Users\Admin\AppData\Roaming\Python\Python312\site-packages\sqlalchemy\pool\base.py", line 712, in checkout
    rec = pool._do_get()
          ^^^^^^^^^^^^^^
  File "C:\Users\Admin\AppData\Roaming\Python\Python312\site-packages\sqlalchemy\pool\impl.py", line 179, in _do_get
    with util.safe_reraise():
  File "C:\Users\Admin\AppData\Roaming\Python\Python312\site-packages\sqlalchemy\util\langhelpers.py", line 146, in __exit__
    raise exc_value.with_traceback(exc_tb)
  File "C:\Users\Admin\AppData\Roaming\Python\Python312\site-packages\sqlalchemy\pool\impl.py", line 177, in _do_get
    return self._create_connection()
           ^^^^^^^^^^^^^^^^^^^^^^^^^
  File "C:\Users\Admin\AppData\Roaming\Python\Python312\site-packages\sqlalchemy\pool\base.py", line 390, in _create_connection
    return _ConnectionRecord(self)
           ^^^^^^^^^^^^^^^^^^^^^^^
  File "C:\Users\Admin\AppData\Roaming\Python\Python312\site-packages\sqlalchemy\pool\base.py", line 674, in __init__
    self.__connect()
  File "C:\Users\Admin\AppData\Roaming\Python\Python312\site-packages\sqlalchemy\pool\base.py", line 900, in __connect
    with util.safe_reraise():
  File "C:\Users\Admin\AppData\Roaming\Python\Python312\site-packages\sqlalchemy\util\langhelpers.py", line 146, in __exit__
    raise exc_value.with_traceback(exc_tb)
  File "C:\Users\Admin\AppData\Roaming\Python\Python312\site-packages\sqlalchemy\pool\base.py", line 896, in __connect
    self.dbapi_connection = connection = pool._invoke_creator(self)
                                         ^^^^^^^^^^^^^^^^^^^^^^^^^^
  File "C:\Users\Admin\AppData\Roaming\Python\Python312\site-packages\sqlalchemy\engine\create.py", line 643, in connect
    return dialect.connect(*cargs, **cparams)
           ^^^^^^^^^^^^^^^^^^^^^^^^^^^^^^^^^^
  File "C:\Users\Admin\AppData\Roaming\Python\Python312\site-packages\sqlalchemy\engine\default.py", line 621, in connect
    return self.loaded_dbapi.connect(*cargs, **cparams)
           ^^^^^^^^^^^^^^^^^^^^^^^^^^^^^^^^^^^^^^^^^^^^
  File "C:\Users\Admin\AppData\Roaming\Python\Python312\site-packages\sqlalchemy\dialects\postgresql\asyncpg.py", line 953, in connect
    await_only(creator_fn(*arg, **kw)),
    ^^^^^^^^^^^^^^^^^^^^^^^^^^^^^^^^^^
  File "C:\Users\Admin\AppData\Roaming\Python\Python312\site-packages\sqlalchemy\util\_concurrency_py3k.py", line 132, in await_only
    return current.parent.switch(awaitable)  # type: ignore[no-any-return,attr-defined] # noqa: E501
           ^^^^^^^^^^^^^^^^^^^^^^^^^^^^^^^^
  File "C:\Users\Admin\AppData\Roaming\Python\Python312\site-packages\sqlalchemy\util\_concurrency_py3k.py", line 196, in greenlet_spawn
    value = await result
            ^^^^^^^^^^^^
  File "C:\Users\Admin\AppData\Roaming\Python\Python312\site-packages\asyncpg\connection.py", line 2329, in connect
    return await connect_utils._connect(
           ^^^^^^^^^^^^^^^^^^^^^^^^^^^^^
  File "C:\Users\Admin\AppData\Roaming\Python\Python312\site-packages\asyncpg\connect_utils.py", line 1017, in _connect
    raise last_error or exceptions.TargetServerAttributeNotMatched(
  File "C:\Users\Admin\AppData\Roaming\Python\Python312\site-packages\asyncpg\connect_utils.py", line 991, in _connect
    conn = await _connect_addr(
           ^^^^^^^^^^^^^^^^^^^^
  File "C:\Users\Admin\AppData\Roaming\Python\Python312\site-packages\asyncpg\connect_utils.py", line 828, in _connect_addr
    return await __connect_addr(params, True, *args)
           ^^^^^^^^^^^^^^^^^^^^^^^^^^^^^^^^^^^^^^^^^
  File "C:\Users\Admin\AppData\Roaming\Python\Python312\site-packages\asyncpg\connect_utils.py", line 873, in __connect_addr
    tr, pr = await connector
             ^^^^^^^^^^^^^^^
  File "C:\Users\Admin\AppData\Roaming\Python\Python312\site-packages\asyncpg\connect_utils.py", line 744, in _create_ssl_connection
    tr, pr = await loop.create_connection(
             ^^^^^^^^^^^^^^^^^^^^^^^^^^^^^
  File "D:\installed_software\anaconda3\envs\myenv3\Lib\asyncio\base_events.py", line 1130, in create_connection
    raise OSError('Multiple exceptions: {}'.format(
OSError: Multiple exceptions: [Errno 10061] Connect call failed ('::1', 5432, 0, 0), [Errno 10061] Connect call failed ('127.0.0.1', 5432)

During handling of the above exception, another exception occurred:

Traceback (most recent call last):
  File "D:\Projects\Fast_API\pg-hostel-management\backend\app\core\database.py", line 23, in get_db
    yield session
  File "C:\Users\Admin\AppData\Roaming\Python\Python312\site-packages\fastapi\routing.py", line 269, in app
    solved_result = await solve_dependencies(
                    ^^^^^^^^^^^^^^^^^^^^^^^^^
  File "C:\Users\Admin\AppData\Roaming\Python\Python312\site-packages\fastapi\dependencies\utils.py", line 600, in solve_dependencies
    solved = await call(**sub_values)
             ^^^^^^^^^^^^^^^^^^^^^^^^
  File "D:\Projects\Fast_API\pg-hostel-management\backend\app\core\security.py", line 145, in get_current_user
    raise HTTPException(status_code=500, detail="Internal Server Error")
fastapi.exceptions.HTTPException: 500: Internal Server Error
ERROR 2024-11-02 18:09:27 root Internal server error: Multiple exceptions: [Errno 10061] Connect call failed ('::1', 5432, 0, 0), [Errno 10061] Connect call failed ('127.0.0.1', 5432)
ERROR 2024-11-02 18:09:27 root Unexpected error: 500: Internal Server Error
Traceback (most recent call last):
  File "D:\Projects\Fast_API\pg-hostel-management\backend\app\core\security.py", line 116, in get_current_user
    result = await db.execute(select(User).filter(User.user_id == user_id))
             ^^^^^^^^^^^^^^^^^^^^^^^^^^^^^^^^^^^^^^^^^^^^^^^^^^^^^^^^^^^^^^
  File "C:\Users\Admin\AppData\Roaming\Python\Python312\site-packages\sqlalchemy\ext\asyncio\session.py", line 461, in execute
    result = await greenlet_spawn(
             ^^^^^^^^^^^^^^^^^^^^^
  File "C:\Users\Admin\AppData\Roaming\Python\Python312\site-packages\sqlalchemy\util\_concurrency_py3k.py", line 201, in greenlet_spawn
    result = context.throw(*sys.exc_info())
             ^^^^^^^^^^^^^^^^^^^^^^^^^^^^^^
  File "C:\Users\Admin\AppData\Roaming\Python\Python312\site-packages\sqlalchemy\orm\session.py", line 2362, in execute
    return self._execute_internal(
           ^^^^^^^^^^^^^^^^^^^^^^^
  File "C:\Users\Admin\AppData\Roaming\Python\Python312\site-packages\sqlalchemy\orm\session.py", line 2237, in _execute_internal
    conn = self._connection_for_bind(bind)
           ^^^^^^^^^^^^^^^^^^^^^^^^^^^^^^^
  File "C:\Users\Admin\AppData\Roaming\Python\Python312\site-packages\sqlalchemy\orm\session.py", line 2106, in _connection_for_bind
    return trans._connection_for_bind(engine, execution_options)
           ^^^^^^^^^^^^^^^^^^^^^^^^^^^^^^^^^^^^^^^^^^^^^^^^^^^^^
  File "<string>", line 2, in _connection_for_bind
  File "C:\Users\Admin\AppData\Roaming\Python\Python312\site-packages\sqlalchemy\orm\state_changes.py", line 139, in _go
    ret_value = fn(self, *arg, **kw)
                ^^^^^^^^^^^^^^^^^^^^
  File "C:\Users\Admin\AppData\Roaming\Python\Python312\site-packages\sqlalchemy\orm\session.py", line 1189, in _connection_for_bind
    conn = bind.connect()
           ^^^^^^^^^^^^^^
  File "C:\Users\Admin\AppData\Roaming\Python\Python312\site-packages\sqlalchemy\engine\base.py", line 3278, in connect
    return self._connection_cls(self)
           ^^^^^^^^^^^^^^^^^^^^^^^^^^
  File "C:\Users\Admin\AppData\Roaming\Python\Python312\site-packages\sqlalchemy\engine\base.py", line 146, in __init__
    self._dbapi_connection = engine.raw_connection()
                             ^^^^^^^^^^^^^^^^^^^^^^^
  File "C:\Users\Admin\AppData\Roaming\Python\Python312\site-packages\sqlalchemy\engine\base.py", line 3302, in raw_connection
    return self.pool.connect()
           ^^^^^^^^^^^^^^^^^^^
  File "C:\Users\Admin\AppData\Roaming\Python\Python312\site-packages\sqlalchemy\pool\base.py", line 449, in connect
    return _ConnectionFairy._checkout(self)
           ^^^^^^^^^^^^^^^^^^^^^^^^^^^^^^^^
  File "C:\Users\Admin\AppData\Roaming\Python\Python312\site-packages\sqlalchemy\pool\base.py", line 1263, in _checkout
    fairy = _ConnectionRecord.checkout(pool)
            ^^^^^^^^^^^^^^^^^^^^^^^^^^^^^^^^
  File "C:\Users\Admin\AppData\Roaming\Python\Python312\site-packages\sqlalchemy\pool\base.py", line 712, in checkout
    rec = pool._do_get()
          ^^^^^^^^^^^^^^
  File "C:\Users\Admin\AppData\Roaming\Python\Python312\site-packages\sqlalchemy\pool\impl.py", line 179, in _do_get
    with util.safe_reraise():
  File "C:\Users\Admin\AppData\Roaming\Python\Python312\site-packages\sqlalchemy\util\langhelpers.py", line 146, in __exit__
    raise exc_value.with_traceback(exc_tb)
  File "C:\Users\Admin\AppData\Roaming\Python\Python312\site-packages\sqlalchemy\pool\impl.py", line 177, in _do_get
    return self._create_connection()
           ^^^^^^^^^^^^^^^^^^^^^^^^^
  File "C:\Users\Admin\AppData\Roaming\Python\Python312\site-packages\sqlalchemy\pool\base.py", line 390, in _create_connection
    return _ConnectionRecord(self)
           ^^^^^^^^^^^^^^^^^^^^^^^
  File "C:\Users\Admin\AppData\Roaming\Python\Python312\site-packages\sqlalchemy\pool\base.py", line 674, in __init__
    self.__connect()
  File "C:\Users\Admin\AppData\Roaming\Python\Python312\site-packages\sqlalchemy\pool\base.py", line 900, in __connect
    with util.safe_reraise():
  File "C:\Users\Admin\AppData\Roaming\Python\Python312\site-packages\sqlalchemy\util\langhelpers.py", line 146, in __exit__
    raise exc_value.with_traceback(exc_tb)
  File "C:\Users\Admin\AppData\Roaming\Python\Python312\site-packages\sqlalchemy\pool\base.py", line 896, in __connect
    self.dbapi_connection = connection = pool._invoke_creator(self)
                                         ^^^^^^^^^^^^^^^^^^^^^^^^^^
  File "C:\Users\Admin\AppData\Roaming\Python\Python312\site-packages\sqlalchemy\engine\create.py", line 643, in connect
    return dialect.connect(*cargs, **cparams)
           ^^^^^^^^^^^^^^^^^^^^^^^^^^^^^^^^^^
  File "C:\Users\Admin\AppData\Roaming\Python\Python312\site-packages\sqlalchemy\engine\default.py", line 621, in connect
    return self.loaded_dbapi.connect(*cargs, **cparams)
           ^^^^^^^^^^^^^^^^^^^^^^^^^^^^^^^^^^^^^^^^^^^^
  File "C:\Users\Admin\AppData\Roaming\Python\Python312\site-packages\sqlalchemy\dialects\postgresql\asyncpg.py", line 953, in connect
    await_only(creator_fn(*arg, **kw)),
    ^^^^^^^^^^^^^^^^^^^^^^^^^^^^^^^^^^
  File "C:\Users\Admin\AppData\Roaming\Python\Python312\site-packages\sqlalchemy\util\_concurrency_py3k.py", line 132, in await_only
    return current.parent.switch(awaitable)  # type: ignore[no-any-return,attr-defined] # noqa: E501
           ^^^^^^^^^^^^^^^^^^^^^^^^^^^^^^^^
  File "C:\Users\Admin\AppData\Roaming\Python\Python312\site-packages\sqlalchemy\util\_concurrency_py3k.py", line 196, in greenlet_spawn
    value = await result
            ^^^^^^^^^^^^
  File "C:\Users\Admin\AppData\Roaming\Python\Python312\site-packages\asyncpg\connection.py", line 2329, in connect
    return await connect_utils._connect(
           ^^^^^^^^^^^^^^^^^^^^^^^^^^^^^
  File "C:\Users\Admin\AppData\Roaming\Python\Python312\site-packages\asyncpg\connect_utils.py", line 1017, in _connect
    raise last_error or exceptions.TargetServerAttributeNotMatched(
  File "C:\Users\Admin\AppData\Roaming\Python\Python312\site-packages\asyncpg\connect_utils.py", line 991, in _connect
    conn = await _connect_addr(
           ^^^^^^^^^^^^^^^^^^^^
  File "C:\Users\Admin\AppData\Roaming\Python\Python312\site-packages\asyncpg\connect_utils.py", line 828, in _connect_addr
    return await __connect_addr(params, True, *args)
           ^^^^^^^^^^^^^^^^^^^^^^^^^^^^^^^^^^^^^^^^^
  File "C:\Users\Admin\AppData\Roaming\Python\Python312\site-packages\asyncpg\connect_utils.py", line 873, in __connect_addr
    tr, pr = await connector
             ^^^^^^^^^^^^^^^
  File "C:\Users\Admin\AppData\Roaming\Python\Python312\site-packages\asyncpg\connect_utils.py", line 744, in _create_ssl_connection
    tr, pr = await loop.create_connection(
             ^^^^^^^^^^^^^^^^^^^^^^^^^^^^^
  File "D:\installed_software\anaconda3\envs\myenv3\Lib\asyncio\base_events.py", line 1130, in create_connection
    raise OSError('Multiple exceptions: {}'.format(
OSError: Multiple exceptions: [Errno 10061] Connect call failed ('::1', 5432, 0, 0), [Errno 10061] Connect call failed ('127.0.0.1', 5432)

During handling of the above exception, another exception occurred:

Traceback (most recent call last):
  File "D:\Projects\Fast_API\pg-hostel-management\backend\app\core\database.py", line 23, in get_db
    yield session
  File "C:\Users\Admin\AppData\Roaming\Python\Python312\site-packages\fastapi\routing.py", line 269, in app
    solved_result = await solve_dependencies(
                    ^^^^^^^^^^^^^^^^^^^^^^^^^
  File "C:\Users\Admin\AppData\Roaming\Python\Python312\site-packages\fastapi\dependencies\utils.py", line 600, in solve_dependencies
    solved = await call(**sub_values)
             ^^^^^^^^^^^^^^^^^^^^^^^^
  File "D:\Projects\Fast_API\pg-hostel-management\backend\app\core\security.py", line 145, in get_current_user
    raise HTTPException(status_code=500, detail="Internal Server Error")
fastapi.exceptions.HTTPException: 500: Internal Server Error
ERROR 2024-11-02 18:09:27 root Internal server error: Multiple exceptions: [Errno 10061] Connect call failed ('::1', 5432, 0, 0), [Errno 10061] Connect call failed ('127.0.0.1', 5432)
ERROR 2024-11-02 18:09:27 root Unexpected error: 500: Internal Server Error
Traceback (most recent call last):
  File "D:\Projects\Fast_API\pg-hostel-management\backend\app\core\security.py", line 116, in get_current_user
    result = await db.execute(select(User).filter(User.user_id == user_id))
             ^^^^^^^^^^^^^^^^^^^^^^^^^^^^^^^^^^^^^^^^^^^^^^^^^^^^^^^^^^^^^^
  File "C:\Users\Admin\AppData\Roaming\Python\Python312\site-packages\sqlalchemy\ext\asyncio\session.py", line 461, in execute
    result = await greenlet_spawn(
             ^^^^^^^^^^^^^^^^^^^^^
  File "C:\Users\Admin\AppData\Roaming\Python\Python312\site-packages\sqlalchemy\util\_concurrency_py3k.py", line 201, in greenlet_spawn
    result = context.throw(*sys.exc_info())
             ^^^^^^^^^^^^^^^^^^^^^^^^^^^^^^
  File "C:\Users\Admin\AppData\Roaming\Python\Python312\site-packages\sqlalchemy\orm\session.py", line 2362, in execute
    return self._execute_internal(
           ^^^^^^^^^^^^^^^^^^^^^^^
  File "C:\Users\Admin\AppData\Roaming\Python\Python312\site-packages\sqlalchemy\orm\session.py", line 2237, in _execute_internal
    conn = self._connection_for_bind(bind)
           ^^^^^^^^^^^^^^^^^^^^^^^^^^^^^^^
  File "C:\Users\Admin\AppData\Roaming\Python\Python312\site-packages\sqlalchemy\orm\session.py", line 2106, in _connection_for_bind
    return trans._connection_for_bind(engine, execution_options)
           ^^^^^^^^^^^^^^^^^^^^^^^^^^^^^^^^^^^^^^^^^^^^^^^^^^^^^
  File "<string>", line 2, in _connection_for_bind
  File "C:\Users\Admin\AppData\Roaming\Python\Python312\site-packages\sqlalchemy\orm\state_changes.py", line 139, in _go
    ret_value = fn(self, *arg, **kw)
                ^^^^^^^^^^^^^^^^^^^^
  File "C:\Users\Admin\AppData\Roaming\Python\Python312\site-packages\sqlalchemy\orm\session.py", line 1189, in _connection_for_bind
    conn = bind.connect()
           ^^^^^^^^^^^^^^
  File "C:\Users\Admin\AppData\Roaming\Python\Python312\site-packages\sqlalchemy\engine\base.py", line 3278, in connect
    return self._connection_cls(self)
           ^^^^^^^^^^^^^^^^^^^^^^^^^^
  File "C:\Users\Admin\AppData\Roaming\Python\Python312\site-packages\sqlalchemy\engine\base.py", line 146, in __init__
    self._dbapi_connection = engine.raw_connection()
                             ^^^^^^^^^^^^^^^^^^^^^^^
  File "C:\Users\Admin\AppData\Roaming\Python\Python312\site-packages\sqlalchemy\engine\base.py", line 3302, in raw_connection
    return self.pool.connect()
           ^^^^^^^^^^^^^^^^^^^
  File "C:\Users\Admin\AppData\Roaming\Python\Python312\site-packages\sqlalchemy\pool\base.py", line 449, in connect
    return _ConnectionFairy._checkout(self)
           ^^^^^^^^^^^^^^^^^^^^^^^^^^^^^^^^
  File "C:\Users\Admin\AppData\Roaming\Python\Python312\site-packages\sqlalchemy\pool\base.py", line 1263, in _checkout
    fairy = _ConnectionRecord.checkout(pool)
            ^^^^^^^^^^^^^^^^^^^^^^^^^^^^^^^^
  File "C:\Users\Admin\AppData\Roaming\Python\Python312\site-packages\sqlalchemy\pool\base.py", line 712, in checkout
    rec = pool._do_get()
          ^^^^^^^^^^^^^^
  File "C:\Users\Admin\AppData\Roaming\Python\Python312\site-packages\sqlalchemy\pool\impl.py", line 179, in _do_get
    with util.safe_reraise():
  File "C:\Users\Admin\AppData\Roaming\Python\Python312\site-packages\sqlalchemy\util\langhelpers.py", line 146, in __exit__
    raise exc_value.with_traceback(exc_tb)
  File "C:\Users\Admin\AppData\Roaming\Python\Python312\site-packages\sqlalchemy\pool\impl.py", line 177, in _do_get
    return self._create_connection()
           ^^^^^^^^^^^^^^^^^^^^^^^^^
  File "C:\Users\Admin\AppData\Roaming\Python\Python312\site-packages\sqlalchemy\pool\base.py", line 390, in _create_connection
    return _ConnectionRecord(self)
           ^^^^^^^^^^^^^^^^^^^^^^^
  File "C:\Users\Admin\AppData\Roaming\Python\Python312\site-packages\sqlalchemy\pool\base.py", line 674, in __init__
    self.__connect()
  File "C:\Users\Admin\AppData\Roaming\Python\Python312\site-packages\sqlalchemy\pool\base.py", line 900, in __connect
    with util.safe_reraise():
  File "C:\Users\Admin\AppData\Roaming\Python\Python312\site-packages\sqlalchemy\util\langhelpers.py", line 146, in __exit__
    raise exc_value.with_traceback(exc_tb)
  File "C:\Users\Admin\AppData\Roaming\Python\Python312\site-packages\sqlalchemy\pool\base.py", line 896, in __connect
    self.dbapi_connection = connection = pool._invoke_creator(self)
                                         ^^^^^^^^^^^^^^^^^^^^^^^^^^
  File "C:\Users\Admin\AppData\Roaming\Python\Python312\site-packages\sqlalchemy\engine\create.py", line 643, in connect
    return dialect.connect(*cargs, **cparams)
           ^^^^^^^^^^^^^^^^^^^^^^^^^^^^^^^^^^
  File "C:\Users\Admin\AppData\Roaming\Python\Python312\site-packages\sqlalchemy\engine\default.py", line 621, in connect
    return self.loaded_dbapi.connect(*cargs, **cparams)
           ^^^^^^^^^^^^^^^^^^^^^^^^^^^^^^^^^^^^^^^^^^^^
  File "C:\Users\Admin\AppData\Roaming\Python\Python312\site-packages\sqlalchemy\dialects\postgresql\asyncpg.py", line 953, in connect
    await_only(creator_fn(*arg, **kw)),
    ^^^^^^^^^^^^^^^^^^^^^^^^^^^^^^^^^^
  File "C:\Users\Admin\AppData\Roaming\Python\Python312\site-packages\sqlalchemy\util\_concurrency_py3k.py", line 132, in await_only
    return current.parent.switch(awaitable)  # type: ignore[no-any-return,attr-defined] # noqa: E501
           ^^^^^^^^^^^^^^^^^^^^^^^^^^^^^^^^
  File "C:\Users\Admin\AppData\Roaming\Python\Python312\site-packages\sqlalchemy\util\_concurrency_py3k.py", line 196, in greenlet_spawn
    value = await result
            ^^^^^^^^^^^^
  File "C:\Users\Admin\AppData\Roaming\Python\Python312\site-packages\asyncpg\connection.py", line 2329, in connect
    return await connect_utils._connect(
           ^^^^^^^^^^^^^^^^^^^^^^^^^^^^^
  File "C:\Users\Admin\AppData\Roaming\Python\Python312\site-packages\asyncpg\connect_utils.py", line 1017, in _connect
    raise last_error or exceptions.TargetServerAttributeNotMatched(
  File "C:\Users\Admin\AppData\Roaming\Python\Python312\site-packages\asyncpg\connect_utils.py", line 991, in _connect
    conn = await _connect_addr(
           ^^^^^^^^^^^^^^^^^^^^
  File "C:\Users\Admin\AppData\Roaming\Python\Python312\site-packages\asyncpg\connect_utils.py", line 828, in _connect_addr
    return await __connect_addr(params, True, *args)
           ^^^^^^^^^^^^^^^^^^^^^^^^^^^^^^^^^^^^^^^^^
  File "C:\Users\Admin\AppData\Roaming\Python\Python312\site-packages\asyncpg\connect_utils.py", line 873, in __connect_addr
    tr, pr = await connector
             ^^^^^^^^^^^^^^^
  File "C:\Users\Admin\AppData\Roaming\Python\Python312\site-packages\asyncpg\connect_utils.py", line 744, in _create_ssl_connection
    tr, pr = await loop.create_connection(
             ^^^^^^^^^^^^^^^^^^^^^^^^^^^^^
  File "D:\installed_software\anaconda3\envs\myenv3\Lib\asyncio\base_events.py", line 1130, in create_connection
    raise OSError('Multiple exceptions: {}'.format(
OSError: Multiple exceptions: [Errno 10061] Connect call failed ('::1', 5432, 0, 0), [Errno 10061] Connect call failed ('127.0.0.1', 5432)

During handling of the above exception, another exception occurred:

Traceback (most recent call last):
  File "D:\Projects\Fast_API\pg-hostel-management\backend\app\core\database.py", line 23, in get_db
    yield session
  File "C:\Users\Admin\AppData\Roaming\Python\Python312\site-packages\fastapi\routing.py", line 269, in app
    solved_result = await solve_dependencies(
                    ^^^^^^^^^^^^^^^^^^^^^^^^^
  File "C:\Users\Admin\AppData\Roaming\Python\Python312\site-packages\fastapi\dependencies\utils.py", line 600, in solve_dependencies
    solved = await call(**sub_values)
             ^^^^^^^^^^^^^^^^^^^^^^^^
  File "D:\Projects\Fast_API\pg-hostel-management\backend\app\core\security.py", line 145, in get_current_user
    raise HTTPException(status_code=500, detail="Internal Server Error")
fastapi.exceptions.HTTPException: 500: Internal Server Error
ERROR 2024-11-02 18:18:20 root Error during user authentication: Multiple exceptions: [Errno 10061] Connect call failed ('::1', 5432, 0, 0), [Errno 10061] Connect call failed ('127.0.0.1', 5432)
ERROR 2024-11-02 18:18:20 root HTTP Exception during login process: 500: Internal Server Error
ERROR 2024-11-02 18:18:20 root Unexpected error: 500: Internal Server Error
Traceback (most recent call last):
  File "D:\Projects\Fast_API\pg-hostel-management\backend\app\services\user.py", line 111, in authenticate_user
    user_result = await db.execute(select(User).filter((User.email == username) | (User.mobile == username)))
                  ^^^^^^^^^^^^^^^^^^^^^^^^^^^^^^^^^^^^^^^^^^^^^^^^^^^^^^^^^^^^^^^^^^^^^^^^^^^^^^^^^^^^^^^^^^^
  File "C:\Users\Admin\AppData\Roaming\Python\Python312\site-packages\sqlalchemy\ext\asyncio\session.py", line 461, in execute
    result = await greenlet_spawn(
             ^^^^^^^^^^^^^^^^^^^^^
  File "C:\Users\Admin\AppData\Roaming\Python\Python312\site-packages\sqlalchemy\util\_concurrency_py3k.py", line 201, in greenlet_spawn
    result = context.throw(*sys.exc_info())
             ^^^^^^^^^^^^^^^^^^^^^^^^^^^^^^
  File "C:\Users\Admin\AppData\Roaming\Python\Python312\site-packages\sqlalchemy\orm\session.py", line 2362, in execute
    return self._execute_internal(
           ^^^^^^^^^^^^^^^^^^^^^^^
  File "C:\Users\Admin\AppData\Roaming\Python\Python312\site-packages\sqlalchemy\orm\session.py", line 2237, in _execute_internal
    conn = self._connection_for_bind(bind)
           ^^^^^^^^^^^^^^^^^^^^^^^^^^^^^^^
  File "C:\Users\Admin\AppData\Roaming\Python\Python312\site-packages\sqlalchemy\orm\session.py", line 2106, in _connection_for_bind
    return trans._connection_for_bind(engine, execution_options)
           ^^^^^^^^^^^^^^^^^^^^^^^^^^^^^^^^^^^^^^^^^^^^^^^^^^^^^
  File "<string>", line 2, in _connection_for_bind
  File "C:\Users\Admin\AppData\Roaming\Python\Python312\site-packages\sqlalchemy\orm\state_changes.py", line 139, in _go
    ret_value = fn(self, *arg, **kw)
                ^^^^^^^^^^^^^^^^^^^^
  File "C:\Users\Admin\AppData\Roaming\Python\Python312\site-packages\sqlalchemy\orm\session.py", line 1189, in _connection_for_bind
    conn = bind.connect()
           ^^^^^^^^^^^^^^
  File "C:\Users\Admin\AppData\Roaming\Python\Python312\site-packages\sqlalchemy\engine\base.py", line 3278, in connect
    return self._connection_cls(self)
           ^^^^^^^^^^^^^^^^^^^^^^^^^^
  File "C:\Users\Admin\AppData\Roaming\Python\Python312\site-packages\sqlalchemy\engine\base.py", line 146, in __init__
    self._dbapi_connection = engine.raw_connection()
                             ^^^^^^^^^^^^^^^^^^^^^^^
  File "C:\Users\Admin\AppData\Roaming\Python\Python312\site-packages\sqlalchemy\engine\base.py", line 3302, in raw_connection
    return self.pool.connect()
           ^^^^^^^^^^^^^^^^^^^
  File "C:\Users\Admin\AppData\Roaming\Python\Python312\site-packages\sqlalchemy\pool\base.py", line 449, in connect
    return _ConnectionFairy._checkout(self)
           ^^^^^^^^^^^^^^^^^^^^^^^^^^^^^^^^
  File "C:\Users\Admin\AppData\Roaming\Python\Python312\site-packages\sqlalchemy\pool\base.py", line 1263, in _checkout
    fairy = _ConnectionRecord.checkout(pool)
            ^^^^^^^^^^^^^^^^^^^^^^^^^^^^^^^^
  File "C:\Users\Admin\AppData\Roaming\Python\Python312\site-packages\sqlalchemy\pool\base.py", line 712, in checkout
    rec = pool._do_get()
          ^^^^^^^^^^^^^^
  File "C:\Users\Admin\AppData\Roaming\Python\Python312\site-packages\sqlalchemy\pool\impl.py", line 179, in _do_get
    with util.safe_reraise():
  File "C:\Users\Admin\AppData\Roaming\Python\Python312\site-packages\sqlalchemy\util\langhelpers.py", line 146, in __exit__
    raise exc_value.with_traceback(exc_tb)
  File "C:\Users\Admin\AppData\Roaming\Python\Python312\site-packages\sqlalchemy\pool\impl.py", line 177, in _do_get
    return self._create_connection()
           ^^^^^^^^^^^^^^^^^^^^^^^^^
  File "C:\Users\Admin\AppData\Roaming\Python\Python312\site-packages\sqlalchemy\pool\base.py", line 390, in _create_connection
    return _ConnectionRecord(self)
           ^^^^^^^^^^^^^^^^^^^^^^^
  File "C:\Users\Admin\AppData\Roaming\Python\Python312\site-packages\sqlalchemy\pool\base.py", line 674, in __init__
    self.__connect()
  File "C:\Users\Admin\AppData\Roaming\Python\Python312\site-packages\sqlalchemy\pool\base.py", line 900, in __connect
    with util.safe_reraise():
  File "C:\Users\Admin\AppData\Roaming\Python\Python312\site-packages\sqlalchemy\util\langhelpers.py", line 146, in __exit__
    raise exc_value.with_traceback(exc_tb)
  File "C:\Users\Admin\AppData\Roaming\Python\Python312\site-packages\sqlalchemy\pool\base.py", line 896, in __connect
    self.dbapi_connection = connection = pool._invoke_creator(self)
                                         ^^^^^^^^^^^^^^^^^^^^^^^^^^
  File "C:\Users\Admin\AppData\Roaming\Python\Python312\site-packages\sqlalchemy\engine\create.py", line 643, in connect
    return dialect.connect(*cargs, **cparams)
           ^^^^^^^^^^^^^^^^^^^^^^^^^^^^^^^^^^
  File "C:\Users\Admin\AppData\Roaming\Python\Python312\site-packages\sqlalchemy\engine\default.py", line 621, in connect
    return self.loaded_dbapi.connect(*cargs, **cparams)
           ^^^^^^^^^^^^^^^^^^^^^^^^^^^^^^^^^^^^^^^^^^^^
  File "C:\Users\Admin\AppData\Roaming\Python\Python312\site-packages\sqlalchemy\dialects\postgresql\asyncpg.py", line 953, in connect
    await_only(creator_fn(*arg, **kw)),
    ^^^^^^^^^^^^^^^^^^^^^^^^^^^^^^^^^^
  File "C:\Users\Admin\AppData\Roaming\Python\Python312\site-packages\sqlalchemy\util\_concurrency_py3k.py", line 132, in await_only
    return current.parent.switch(awaitable)  # type: ignore[no-any-return,attr-defined] # noqa: E501
           ^^^^^^^^^^^^^^^^^^^^^^^^^^^^^^^^
  File "C:\Users\Admin\AppData\Roaming\Python\Python312\site-packages\sqlalchemy\util\_concurrency_py3k.py", line 196, in greenlet_spawn
    value = await result
            ^^^^^^^^^^^^
  File "C:\Users\Admin\AppData\Roaming\Python\Python312\site-packages\asyncpg\connection.py", line 2329, in connect
    return await connect_utils._connect(
           ^^^^^^^^^^^^^^^^^^^^^^^^^^^^^
  File "C:\Users\Admin\AppData\Roaming\Python\Python312\site-packages\asyncpg\connect_utils.py", line 1017, in _connect
    raise last_error or exceptions.TargetServerAttributeNotMatched(
  File "C:\Users\Admin\AppData\Roaming\Python\Python312\site-packages\asyncpg\connect_utils.py", line 991, in _connect
    conn = await _connect_addr(
           ^^^^^^^^^^^^^^^^^^^^
  File "C:\Users\Admin\AppData\Roaming\Python\Python312\site-packages\asyncpg\connect_utils.py", line 828, in _connect_addr
    return await __connect_addr(params, True, *args)
           ^^^^^^^^^^^^^^^^^^^^^^^^^^^^^^^^^^^^^^^^^
  File "C:\Users\Admin\AppData\Roaming\Python\Python312\site-packages\asyncpg\connect_utils.py", line 873, in __connect_addr
    tr, pr = await connector
             ^^^^^^^^^^^^^^^
  File "C:\Users\Admin\AppData\Roaming\Python\Python312\site-packages\asyncpg\connect_utils.py", line 744, in _create_ssl_connection
    tr, pr = await loop.create_connection(
             ^^^^^^^^^^^^^^^^^^^^^^^^^^^^^
  File "D:\installed_software\anaconda3\envs\myenv3\Lib\asyncio\base_events.py", line 1130, in create_connection
    raise OSError('Multiple exceptions: {}'.format(
OSError: Multiple exceptions: [Errno 10061] Connect call failed ('::1', 5432, 0, 0), [Errno 10061] Connect call failed ('127.0.0.1', 5432)

During handling of the above exception, another exception occurred:

Traceback (most recent call last):
  File "D:\Projects\Fast_API\pg-hostel-management\backend\app\core\database.py", line 23, in get_db
    yield session
  File "C:\Users\Admin\AppData\Roaming\Python\Python312\site-packages\fastapi\routing.py", line 278, in app
    raw_response = await run_endpoint_function(
                   ^^^^^^^^^^^^^^^^^^^^^^^^^^^^
  File "C:\Users\Admin\AppData\Roaming\Python\Python312\site-packages\fastapi\routing.py", line 191, in run_endpoint_function
    return await dependant.call(**values)
           ^^^^^^^^^^^^^^^^^^^^^^^^^^^^^^
  File "D:\Projects\Fast_API\pg-hostel-management\backend\app\routes\user.py", line 244, in login
    raise http_ex
  File "D:\Projects\Fast_API\pg-hostel-management\backend\app\routes\user.py", line 179, in login
    auth_response = await authenticate_user(db, form_data.username, form_data.password)
                    ^^^^^^^^^^^^^^^^^^^^^^^^^^^^^^^^^^^^^^^^^^^^^^^^^^^^^^^^^^^^^^^^^^^
  File "D:\Projects\Fast_API\pg-hostel-management\backend\app\services\user.py", line 150, in authenticate_user
    raise HTTPException(status_code=500, detail="Internal Server Error")
fastapi.exceptions.HTTPException: 500: Internal Server Error
ERROR 2024-11-02 18:18:31 root Error during user authentication: Multiple exceptions: [Errno 10061] Connect call failed ('::1', 5432, 0, 0), [Errno 10061] Connect call failed ('127.0.0.1', 5432)
ERROR 2024-11-02 18:18:31 root HTTP Exception during login process: 500: Internal Server Error
ERROR 2024-11-02 18:18:31 root Unexpected error: 500: Internal Server Error
Traceback (most recent call last):
  File "D:\Projects\Fast_API\pg-hostel-management\backend\app\services\user.py", line 111, in authenticate_user
    user_result = await db.execute(select(User).filter((User.email == username) | (User.mobile == username)))
                  ^^^^^^^^^^^^^^^^^^^^^^^^^^^^^^^^^^^^^^^^^^^^^^^^^^^^^^^^^^^^^^^^^^^^^^^^^^^^^^^^^^^^^^^^^^^
  File "C:\Users\Admin\AppData\Roaming\Python\Python312\site-packages\sqlalchemy\ext\asyncio\session.py", line 461, in execute
    result = await greenlet_spawn(
             ^^^^^^^^^^^^^^^^^^^^^
  File "C:\Users\Admin\AppData\Roaming\Python\Python312\site-packages\sqlalchemy\util\_concurrency_py3k.py", line 201, in greenlet_spawn
    result = context.throw(*sys.exc_info())
             ^^^^^^^^^^^^^^^^^^^^^^^^^^^^^^
  File "C:\Users\Admin\AppData\Roaming\Python\Python312\site-packages\sqlalchemy\orm\session.py", line 2362, in execute
    return self._execute_internal(
           ^^^^^^^^^^^^^^^^^^^^^^^
  File "C:\Users\Admin\AppData\Roaming\Python\Python312\site-packages\sqlalchemy\orm\session.py", line 2237, in _execute_internal
    conn = self._connection_for_bind(bind)
           ^^^^^^^^^^^^^^^^^^^^^^^^^^^^^^^
  File "C:\Users\Admin\AppData\Roaming\Python\Python312\site-packages\sqlalchemy\orm\session.py", line 2106, in _connection_for_bind
    return trans._connection_for_bind(engine, execution_options)
           ^^^^^^^^^^^^^^^^^^^^^^^^^^^^^^^^^^^^^^^^^^^^^^^^^^^^^
  File "<string>", line 2, in _connection_for_bind
  File "C:\Users\Admin\AppData\Roaming\Python\Python312\site-packages\sqlalchemy\orm\state_changes.py", line 139, in _go
    ret_value = fn(self, *arg, **kw)
                ^^^^^^^^^^^^^^^^^^^^
  File "C:\Users\Admin\AppData\Roaming\Python\Python312\site-packages\sqlalchemy\orm\session.py", line 1189, in _connection_for_bind
    conn = bind.connect()
           ^^^^^^^^^^^^^^
  File "C:\Users\Admin\AppData\Roaming\Python\Python312\site-packages\sqlalchemy\engine\base.py", line 3278, in connect
    return self._connection_cls(self)
           ^^^^^^^^^^^^^^^^^^^^^^^^^^
  File "C:\Users\Admin\AppData\Roaming\Python\Python312\site-packages\sqlalchemy\engine\base.py", line 146, in __init__
    self._dbapi_connection = engine.raw_connection()
                             ^^^^^^^^^^^^^^^^^^^^^^^
  File "C:\Users\Admin\AppData\Roaming\Python\Python312\site-packages\sqlalchemy\engine\base.py", line 3302, in raw_connection
    return self.pool.connect()
           ^^^^^^^^^^^^^^^^^^^
  File "C:\Users\Admin\AppData\Roaming\Python\Python312\site-packages\sqlalchemy\pool\base.py", line 449, in connect
    return _ConnectionFairy._checkout(self)
           ^^^^^^^^^^^^^^^^^^^^^^^^^^^^^^^^
  File "C:\Users\Admin\AppData\Roaming\Python\Python312\site-packages\sqlalchemy\pool\base.py", line 1263, in _checkout
    fairy = _ConnectionRecord.checkout(pool)
            ^^^^^^^^^^^^^^^^^^^^^^^^^^^^^^^^
  File "C:\Users\Admin\AppData\Roaming\Python\Python312\site-packages\sqlalchemy\pool\base.py", line 712, in checkout
    rec = pool._do_get()
          ^^^^^^^^^^^^^^
  File "C:\Users\Admin\AppData\Roaming\Python\Python312\site-packages\sqlalchemy\pool\impl.py", line 179, in _do_get
    with util.safe_reraise():
  File "C:\Users\Admin\AppData\Roaming\Python\Python312\site-packages\sqlalchemy\util\langhelpers.py", line 146, in __exit__
    raise exc_value.with_traceback(exc_tb)
  File "C:\Users\Admin\AppData\Roaming\Python\Python312\site-packages\sqlalchemy\pool\impl.py", line 177, in _do_get
    return self._create_connection()
           ^^^^^^^^^^^^^^^^^^^^^^^^^
  File "C:\Users\Admin\AppData\Roaming\Python\Python312\site-packages\sqlalchemy\pool\base.py", line 390, in _create_connection
    return _ConnectionRecord(self)
           ^^^^^^^^^^^^^^^^^^^^^^^
  File "C:\Users\Admin\AppData\Roaming\Python\Python312\site-packages\sqlalchemy\pool\base.py", line 674, in __init__
    self.__connect()
  File "C:\Users\Admin\AppData\Roaming\Python\Python312\site-packages\sqlalchemy\pool\base.py", line 900, in __connect
    with util.safe_reraise():
  File "C:\Users\Admin\AppData\Roaming\Python\Python312\site-packages\sqlalchemy\util\langhelpers.py", line 146, in __exit__
    raise exc_value.with_traceback(exc_tb)
  File "C:\Users\Admin\AppData\Roaming\Python\Python312\site-packages\sqlalchemy\pool\base.py", line 896, in __connect
    self.dbapi_connection = connection = pool._invoke_creator(self)
                                         ^^^^^^^^^^^^^^^^^^^^^^^^^^
  File "C:\Users\Admin\AppData\Roaming\Python\Python312\site-packages\sqlalchemy\engine\create.py", line 643, in connect
    return dialect.connect(*cargs, **cparams)
           ^^^^^^^^^^^^^^^^^^^^^^^^^^^^^^^^^^
  File "C:\Users\Admin\AppData\Roaming\Python\Python312\site-packages\sqlalchemy\engine\default.py", line 621, in connect
    return self.loaded_dbapi.connect(*cargs, **cparams)
           ^^^^^^^^^^^^^^^^^^^^^^^^^^^^^^^^^^^^^^^^^^^^
  File "C:\Users\Admin\AppData\Roaming\Python\Python312\site-packages\sqlalchemy\dialects\postgresql\asyncpg.py", line 953, in connect
    await_only(creator_fn(*arg, **kw)),
    ^^^^^^^^^^^^^^^^^^^^^^^^^^^^^^^^^^
  File "C:\Users\Admin\AppData\Roaming\Python\Python312\site-packages\sqlalchemy\util\_concurrency_py3k.py", line 132, in await_only
    return current.parent.switch(awaitable)  # type: ignore[no-any-return,attr-defined] # noqa: E501
           ^^^^^^^^^^^^^^^^^^^^^^^^^^^^^^^^
  File "C:\Users\Admin\AppData\Roaming\Python\Python312\site-packages\sqlalchemy\util\_concurrency_py3k.py", line 196, in greenlet_spawn
    value = await result
            ^^^^^^^^^^^^
  File "C:\Users\Admin\AppData\Roaming\Python\Python312\site-packages\asyncpg\connection.py", line 2329, in connect
    return await connect_utils._connect(
           ^^^^^^^^^^^^^^^^^^^^^^^^^^^^^
  File "C:\Users\Admin\AppData\Roaming\Python\Python312\site-packages\asyncpg\connect_utils.py", line 1017, in _connect
    raise last_error or exceptions.TargetServerAttributeNotMatched(
  File "C:\Users\Admin\AppData\Roaming\Python\Python312\site-packages\asyncpg\connect_utils.py", line 991, in _connect
    conn = await _connect_addr(
           ^^^^^^^^^^^^^^^^^^^^
  File "C:\Users\Admin\AppData\Roaming\Python\Python312\site-packages\asyncpg\connect_utils.py", line 828, in _connect_addr
    return await __connect_addr(params, True, *args)
           ^^^^^^^^^^^^^^^^^^^^^^^^^^^^^^^^^^^^^^^^^
  File "C:\Users\Admin\AppData\Roaming\Python\Python312\site-packages\asyncpg\connect_utils.py", line 873, in __connect_addr
    tr, pr = await connector
             ^^^^^^^^^^^^^^^
  File "C:\Users\Admin\AppData\Roaming\Python\Python312\site-packages\asyncpg\connect_utils.py", line 744, in _create_ssl_connection
    tr, pr = await loop.create_connection(
             ^^^^^^^^^^^^^^^^^^^^^^^^^^^^^
  File "D:\installed_software\anaconda3\envs\myenv3\Lib\asyncio\base_events.py", line 1130, in create_connection
    raise OSError('Multiple exceptions: {}'.format(
OSError: Multiple exceptions: [Errno 10061] Connect call failed ('::1', 5432, 0, 0), [Errno 10061] Connect call failed ('127.0.0.1', 5432)

During handling of the above exception, another exception occurred:

Traceback (most recent call last):
  File "D:\Projects\Fast_API\pg-hostel-management\backend\app\core\database.py", line 23, in get_db
    yield session
  File "C:\Users\Admin\AppData\Roaming\Python\Python312\site-packages\fastapi\routing.py", line 278, in app
    raw_response = await run_endpoint_function(
                   ^^^^^^^^^^^^^^^^^^^^^^^^^^^^
  File "C:\Users\Admin\AppData\Roaming\Python\Python312\site-packages\fastapi\routing.py", line 191, in run_endpoint_function
    return await dependant.call(**values)
           ^^^^^^^^^^^^^^^^^^^^^^^^^^^^^^
  File "D:\Projects\Fast_API\pg-hostel-management\backend\app\routes\user.py", line 244, in login
    raise http_ex
  File "D:\Projects\Fast_API\pg-hostel-management\backend\app\routes\user.py", line 179, in login
    auth_response = await authenticate_user(db, form_data.username, form_data.password)
                    ^^^^^^^^^^^^^^^^^^^^^^^^^^^^^^^^^^^^^^^^^^^^^^^^^^^^^^^^^^^^^^^^^^^
  File "D:\Projects\Fast_API\pg-hostel-management\backend\app\services\user.py", line 150, in authenticate_user
    raise HTTPException(status_code=500, detail="Internal Server Error")
fastapi.exceptions.HTTPException: 500: Internal Server Error
